-------------------------------------------------------------------------------
Test set: com.yhh.practice.springboot.test.Test
-------------------------------------------------------------------------------
Tests run: 1, Failures: 0, Errors: 1, Skipped: 0, Time elapsed: 5.365 s <<< FAILURE! - in com.yhh.practice.springboot.test.Test
test1(com.yhh.practice.springboot.test.Test)  Time elapsed: 0.854 s  <<< ERROR!
org.springframework.dao.DuplicateKeyException: 

### Error updating database.  Cause: java.sql.SQLIntegrityConstraintViolationException: Duplicate entry '1' for key 'PRIMARY'
### The error may involve com.yhh.practice.springboot.dao.users.UsersMapper.insertSelective-Inline
### The error occurred while setting parameters
### SQL: insert into enjoy_user      ( id,                       passwd,                       username )       values ( ?,                       ?,                       ? )
### Cause: java.sql.SQLIntegrityConstraintViolationException: Duplicate entry '1' for key 'PRIMARY'
; Duplicate entry '1' for key 'PRIMARY'; nested exception is java.sql.SQLIntegrityConstraintViolationException: Duplicate entry '1' for key 'PRIMARY'
	at com.yhh.practice.springboot.test.Test.test1(Test.java:31)
Caused by: java.sql.SQLIntegrityConstraintViolationException: Duplicate entry '1' for key 'PRIMARY'
	at com.yhh.practice.springboot.test.Test.test1(Test.java:31)

