<?xml version="1.0" encoding="UTF-8"?>
<testsuite xmlns:xsi="http://www.w3.org/2001/XMLSchema-instance" xsi:noNamespaceSchemaLocation="https://maven.apache.org/surefire/maven-surefire-plugin/xsd/surefire-test-report.xsd" name="com.yhh.practice.springboot.test.Test" time="5.365" tests="1" errors="1" skipped="0" failures="0">
  <properties>
[...]
</properties>
  <testcase name="test1" classname="com.yhh.practice.springboot.test.Test" time="0.854">
    <error message="&#10;### Error updating database.  Cause: java.sql.SQLIntegrityConstraintViolationException: Duplicate entry &apos;1&apos; for key &apos;PRIMARY&apos;&#10;### The error may involve com.yhh.practice.springboot.dao.users.UsersMapper.insertSelective-Inline&#10;### The error occurred while setting parameters&#10;### SQL: insert into enjoy_user      ( id,                       passwd,                       username )       values ( ?,                       ?,                       ? )&#10;### Cause: java.sql.SQLIntegrityConstraintViolationException: Duplicate entry &apos;1&apos; for key &apos;PRIMARY&apos;&#10;; Duplicate entry &apos;1&apos; for key &apos;PRIMARY&apos;; nested exception is java.sql.SQLIntegrityConstraintViolationException: Duplicate entry &apos;1&apos; for key &apos;PRIMARY&apos;" type="org.springframework.dao.DuplicateKeyException">org.springframework.dao.DuplicateKeyException: 

### Error updating database.  Cause: java.sql.SQLIntegrityConstraintViolationException: Duplicate entry '1' for key 'PRIMARY'
### The error may involve com.yhh.practice.springboot.dao.users.UsersMapper.insertSelective-Inline
### The error occurred while setting parameters
### SQL: insert into enjoy_user      ( id,                       passwd,                       username )       values ( ?,                       ?,                       ? )
### Cause: java.sql.SQLIntegrityConstraintViolationException: Duplicate entry '1' for key 'PRIMARY'
; Duplicate entry '1' for key 'PRIMARY'; nested exception is java.sql.SQLIntegrityConstraintViolationException: Duplicate entry '1' for key 'PRIMARY'
	at com.yhh.practice.springboot.test.Test.test1(Test.java:31)
Caused by: java.sql.SQLIntegrityConstraintViolationException: Duplicate entry '1' for key 'PRIMARY'
	at com.yhh.practice.springboot.test.Test.test1(Test.java:31)
</error>
    <system-out><![CDATA[21:28:20.949 [main] DEBUG org.springframework.test.context.junit4.SpringJUnit4ClassRunner - SpringJUnit4ClassRunner constructor called with [class com.yhh.practice.springboot.test.Test]
21:28:20.953 [main] DEBUG org.springframework.test.context.BootstrapUtils - Instantiating CacheAwareContextLoaderDelegate from class [org.springframework.test.context.cache.DefaultCacheAwareContextLoaderDelegate]
21:28:20.959 [main] DEBUG org.springframework.test.context.BootstrapUtils - Instantiating BootstrapContext using constructor [public org.springframework.test.context.support.DefaultBootstrapContext(java.lang.Class,org.springframework.test.context.CacheAwareContextLoaderDelegate)]
21:28:20.974 [main] DEBUG org.springframework.test.context.BootstrapUtils - Instantiating TestContextBootstrapper for test class [com.yhh.practice.springboot.test.Test] from class [org.springframework.boot.test.context.SpringBootTestContextBootstrapper]
21:28:20.984 [main] INFO org.springframework.boot.test.context.SpringBootTestContextBootstrapper - Neither @ContextConfiguration nor @ContextHierarchy found for test class [com.yhh.practice.springboot.test.Test], using SpringBootContextLoader
21:28:20.987 [main] DEBUG org.springframework.test.context.support.AbstractContextLoader - Did not detect default resource location for test class [com.yhh.practice.springboot.test.Test]: class path resource [com/yhh/practice/springboot/test/Test-context.xml] does not exist
21:28:20.987 [main] DEBUG org.springframework.test.context.support.AbstractContextLoader - Did not detect default resource location for test class [com.yhh.practice.springboot.test.Test]: class path resource [com/yhh/practice/springboot/test/TestContext.groovy] does not exist
21:28:20.987 [main] INFO org.springframework.test.context.support.AbstractContextLoader - Could not detect default resource locations for test class [com.yhh.practice.springboot.test.Test]: no resource found for suffixes {-context.xml, Context.groovy}.
21:28:21.018 [main] DEBUG org.springframework.test.context.support.ActiveProfilesUtils - Could not find an 'annotation declaring class' for annotation type [org.springframework.test.context.ActiveProfiles] and class [com.yhh.practice.springboot.test.Test]
21:28:21.112 [main] DEBUG org.springframework.boot.test.context.SpringBootTestContextBootstrapper - @TestExecutionListeners is not present for class [com.yhh.practice.springboot.test.Test]: using defaults.
21:28:21.112 [main] INFO org.springframework.boot.test.context.SpringBootTestContextBootstrapper - Loaded default TestExecutionListener class names from location [META-INF/spring.factories]: [org.springframework.boot.test.mock.mockito.MockitoTestExecutionListener, org.springframework.boot.test.mock.mockito.ResetMocksTestExecutionListener, org.springframework.boot.test.autoconfigure.restdocs.RestDocsTestExecutionListener, org.springframework.boot.test.autoconfigure.web.client.MockRestServiceServerResetTestExecutionListener, org.springframework.boot.test.autoconfigure.web.servlet.MockMvcPrintOnlyOnFailureTestExecutionListener, org.springframework.boot.test.autoconfigure.web.servlet.WebDriverTestExecutionListener, org.springframework.test.context.web.ServletTestExecutionListener, org.springframework.test.context.support.DirtiesContextBeforeModesTestExecutionListener, org.springframework.test.context.support.DependencyInjectionTestExecutionListener, org.springframework.test.context.support.DirtiesContextTestExecutionListener, org.springframework.test.context.transaction.TransactionalTestExecutionListener, org.springframework.test.context.jdbc.SqlScriptsTestExecutionListener]
21:28:21.126 [main] INFO org.springframework.boot.test.context.SpringBootTestContextBootstrapper - Using TestExecutionListeners: [org.springframework.test.context.web.ServletTestExecutionListener@223d2c72, org.springframework.test.context.support.DirtiesContextBeforeModesTestExecutionListener@8f4ea7c, org.springframework.boot.test.mock.mockito.MockitoTestExecutionListener@436813f3, org.springframework.boot.test.autoconfigure.SpringBootDependencyInjectionTestExecutionListener@74fe5c40, org.springframework.test.context.support.DirtiesContextTestExecutionListener@3febb011, org.springframework.test.context.transaction.TransactionalTestExecutionListener@10e31a9a, org.springframework.test.context.jdbc.SqlScriptsTestExecutionListener@131774fe, org.springframework.boot.test.mock.mockito.ResetMocksTestExecutionListener@158d2680, org.springframework.boot.test.autoconfigure.restdocs.RestDocsTestExecutionListener@77847718, org.springframework.boot.test.autoconfigure.web.client.MockRestServiceServerResetTestExecutionListener@7f3b84b8, org.springframework.boot.test.autoconfigure.web.servlet.MockMvcPrintOnlyOnFailureTestExecutionListener@57a3af25, org.springframework.boot.test.autoconfigure.web.servlet.WebDriverTestExecutionListener@2b662a77]
21:28:21.127 [main] DEBUG org.springframework.test.annotation.ProfileValueUtils - Retrieved @ProfileValueSourceConfiguration [null] for test class [com.yhh.practice.springboot.test.Test]
21:28:21.127 [main] DEBUG org.springframework.test.annotation.ProfileValueUtils - Retrieved ProfileValueSource type [class org.springframework.test.annotation.SystemProfileValueSource] for class [com.yhh.practice.springboot.test.Test]
21:28:21.128 [main] DEBUG org.springframework.test.annotation.ProfileValueUtils - Retrieved @ProfileValueSourceConfiguration [null] for test class [com.yhh.practice.springboot.test.Test]
21:28:21.128 [main] DEBUG org.springframework.test.annotation.ProfileValueUtils - Retrieved ProfileValueSource type [class org.springframework.test.annotation.SystemProfileValueSource] for class [com.yhh.practice.springboot.test.Test]
21:28:21.129 [main] DEBUG org.springframework.test.annotation.ProfileValueUtils - Retrieved @ProfileValueSourceConfiguration [null] for test class [com.yhh.practice.springboot.test.Test]
21:28:21.129 [main] DEBUG org.springframework.test.annotation.ProfileValueUtils - Retrieved ProfileValueSource type [class org.springframework.test.annotation.SystemProfileValueSource] for class [com.yhh.practice.springboot.test.Test]
21:28:21.131 [main] DEBUG org.springframework.test.context.support.AbstractDirtiesContextTestExecutionListener - Before test class: context [DefaultTestContext@38d8f54a testClass = Test, testInstance = [null], testMethod = [null], testException = [null], mergedContextConfiguration = [WebMergedContextConfiguration@49e53c76 testClass = Test, locations = '{}', classes = '{class com.yhh.practice.springboot.SpringbootApplication, class com.yhh.practice.springboot.SpringbootApplication}', contextInitializerClasses = '[]', activeProfiles = '{}', propertySourceLocations = '{}', propertySourceProperties = '{org.springframework.boot.test.context.SpringBootTestContextBootstrapper=true}', contextCustomizers = set[org.springframework.boot.test.context.filter.ExcludeFilterContextCustomizer@5d11346a, org.springframework.boot.test.json.DuplicateJsonObjectContextCustomizerFactory$DuplicateJsonObjectContextCustomizer@b3d7190, org.springframework.boot.test.mock.mockito.MockitoContextCustomizer@0, org.springframework.boot.test.web.client.TestRestTemplateContextCustomizer@1068e947, org.springframework.boot.test.autoconfigure.properties.PropertyMappingContextCustomizer@0, org.springframework.boot.test.autoconfigure.web.servlet.WebDriverContextCustomizerFactory$Customizer@5e57643e], resourceBasePath = 'src/main/webapp', contextLoader = 'org.springframework.boot.test.context.SpringBootContextLoader', parent = [null]], attributes = map['org.springframework.test.context.web.ServletTestExecutionListener.activateListener' -> true]], class annotated with @DirtiesContext [false] with mode [null].
21:28:21.132 [main] DEBUG org.springframework.test.annotation.ProfileValueUtils - Retrieved @ProfileValueSourceConfiguration [null] for test class [com.yhh.practice.springboot.test.Test]
21:28:21.132 [main] DEBUG org.springframework.test.annotation.ProfileValueUtils - Retrieved ProfileValueSource type [class org.springframework.test.annotation.SystemProfileValueSource] for class [com.yhh.practice.springboot.test.Test]
21:28:21.152 [main] DEBUG org.springframework.test.context.support.TestPropertySourceUtils - Adding inlined properties to environment: {spring.jmx.enabled=false, org.springframework.boot.test.context.SpringBootTestContextBootstrapper=true, server.port=-1}

  .   ____          _            __ _ _
 /\\ / ___'_ __ _ _(_)_ __  __ _ \ \ \ \
( ( )\___ | '_ | '_| | '_ \/ _` | \ \ \ \
 \\/  ___)| |_)| | | | | || (_| |  ) ) ) )
  '  |____| .__|_| |_|_| |_\__, | / / / /
 =========|_|==============|___/=/_/_/_/
 :: Spring Boot ::        (v2.1.3.RELEASE)

2019-05-24 21:28:21.369  INFO 15268 --- [           main] com.yhh.practice.springboot.test.Test    : Starting Test on TB-20190409FZZC with PID 15268 (started by Administrator in E:\practice\springboot)
2019-05-24 21:28:21.370  INFO 15268 --- [           main] com.yhh.practice.springboot.test.Test    : No active profile set, falling back to default profiles: default
2019-05-24 21:28:21.405 DEBUG 15268 --- [           main] o.s.w.c.s.GenericWebApplicationContext   : Refreshing org.springframework.web.context.support.GenericWebApplicationContext@43df23d3
2019-05-24 21:28:22.646  INFO 15268 --- [           main] trationDelegate$BeanPostProcessorChecker : Bean 'org.springframework.transaction.annotation.ProxyTransactionManagementConfiguration' of type [org.springframework.transaction.annotation.ProxyTransactionManagementConfiguration$$EnhancerBySpringCGLIB$$9d1eb9f1] is not eligible for getting processed by all BeanPostProcessors (for example: not eligible for auto-proxying)
2019-05-24 21:28:23.611 DEBUG 15268 --- [           main] s.w.s.m.m.a.RequestMappingHandlerMapping : 19 mappings in 'requestMappingHandlerMapping'
2019-05-24 21:28:23.946  INFO 15268 --- [           main] o.s.b.a.e.web.EndpointLinksResolver      : Exposing 16 endpoint(s) beneath base path '/actuator'
2019-05-24 21:28:24.108  INFO 15268 --- [           main] pertySourcedRequestMappingHandlerMapping : Mapped URL path [/v2/api-docs] onto method [public org.springframework.http.ResponseEntity<springfox.documentation.spring.web.json.Json> springfox.documentation.swagger2.web.Swagger2Controller.getDocumentation(java.lang.String,javax.servlet.http.HttpServletRequest)]
2019-05-24 21:28:24.359 DEBUG 15268 --- [           main] o.s.w.s.handler.SimpleUrlHandlerMapping  : Patterns [/**/favicon.ico] in 'faviconHandlerMapping'
2019-05-24 21:28:24.482  INFO 15268 --- [           main] o.s.s.concurrent.ThreadPoolTaskExecutor  : Initializing ExecutorService 'applicationTaskExecutor'
2019-05-24 21:28:24.506 DEBUG 15268 --- [           main] s.w.s.m.m.a.RequestMappingHandlerAdapter : ControllerAdvice beans: 0 @ModelAttribute, 0 @InitBinder, 1 RequestBodyAdvice, 1 ResponseBodyAdvice
2019-05-24 21:28:24.549 DEBUG 15268 --- [           main] o.s.w.s.handler.SimpleUrlHandlerMapping  : Patterns [/webjars/**, /**] in 'resourceHandlerMapping'
2019-05-24 21:28:24.559 DEBUG 15268 --- [           main] .m.m.a.ExceptionHandlerExceptionResolver : ControllerAdvice beans: 1 @ExceptionHandler, 1 ResponseBodyAdvice
2019-05-24 21:28:24.654  INFO 15268 --- [           main] o.s.b.a.w.s.WelcomePageHandlerMapping    : Adding welcome page template: index
2019-05-24 21:28:25.091  INFO 15268 --- [           main] d.s.w.p.DocumentationPluginsBootstrapper : Context refreshed
2019-05-24 21:28:25.108  INFO 15268 --- [           main] d.s.w.p.DocumentationPluginsBootstrapper : Found 1 custom documentation plugin(s)
2019-05-24 21:28:25.140  INFO 15268 --- [           main] s.d.s.w.s.ApiListingReferenceScanner     : Scanning for api listing references
2019-05-24 21:28:25.253  WARN 15268 --- [           main] s.d.s.w.r.p.ParameterDataTypeReader      : Trying to infer dataType org.springframework.ui.ModelMap
2019-05-24 21:28:25.255  WARN 15268 --- [           main] s.d.s.w.r.p.ParameterDataTypeReader      : Trying to infer dataType org.springframework.ui.ModelMap
2019-05-24 21:28:25.255  WARN 15268 --- [           main] s.d.s.w.r.p.ParameterDataTypeReader      : Trying to infer dataType org.springframework.ui.ModelMap
2019-05-24 21:28:25.256  WARN 15268 --- [           main] s.d.s.w.r.p.ParameterDataTypeReader      : Trying to infer dataType org.springframework.ui.ModelMap
2019-05-24 21:28:25.257  WARN 15268 --- [           main] s.d.s.w.r.p.ParameterDataTypeReader      : Trying to infer dataType org.springframework.ui.ModelMap
2019-05-24 21:28:25.258  WARN 15268 --- [           main] s.d.s.w.r.p.ParameterDataTypeReader      : Trying to infer dataType org.springframework.ui.ModelMap
2019-05-24 21:28:25.259  WARN 15268 --- [           main] s.d.s.w.r.p.ParameterDataTypeReader      : Trying to infer dataType org.springframework.ui.ModelMap
2019-05-24 21:28:25.260  WARN 15268 --- [           main] s.d.s.w.r.p.ParameterDataTypeReader      : Trying to infer dataType org.springframework.ui.ModelMap
2019-05-24 21:28:25.261  WARN 15268 --- [           main] s.d.s.w.r.p.ParameterDataTypeReader      : Trying to infer dataType org.springframework.ui.ModelMap
2019-05-24 21:28:25.262  WARN 15268 --- [           main] s.d.s.w.r.p.ParameterDataTypeReader      : Trying to infer dataType org.springframework.ui.ModelMap
2019-05-24 21:28:25.263  WARN 15268 --- [           main] s.d.s.w.r.p.ParameterDataTypeReader      : Trying to infer dataType org.springframework.ui.ModelMap
2019-05-24 21:28:25.263  WARN 15268 --- [           main] s.d.s.w.r.p.ParameterDataTypeReader      : Trying to infer dataType org.springframework.ui.ModelMap
2019-05-24 21:28:25.264  WARN 15268 --- [           main] s.d.s.w.r.p.ParameterDataTypeReader      : Trying to infer dataType org.springframework.ui.ModelMap
2019-05-24 21:28:25.265  WARN 15268 --- [           main] s.d.s.w.r.p.ParameterDataTypeReader      : Trying to infer dataType org.springframework.ui.ModelMap
2019-05-24 21:28:25.266  WARN 15268 --- [           main] s.d.s.w.r.p.ParameterDataTypeReader      : Trying to infer dataType org.springframework.ui.ModelMap
2019-05-24 21:28:25.266  WARN 15268 --- [           main] s.d.s.w.r.p.ParameterDataTypeReader      : Trying to infer dataType org.springframework.ui.ModelMap
2019-05-24 21:28:25.305  INFO 15268 --- [           main] com.yhh.practice.springboot.test.Test    : Started Test in 4.146 seconds (JVM running for 4.731)
2019-05-24 21:28:25.472  WARN 15268 --- [           main] c.atomikos.jdbc.AbstractDataSourceBean   : AtomikosDataSoureBean 'test1Datasource': poolSize equals default - this may cause performance problems!
2019-05-24 21:28:25.993  WARN 15268 --- [           main] c.atomikos.jdbc.AtomikosConnectionProxy  : atomikos connection proxy for com.mysql.cj.jdbc.ConnectionWrapper@1de85972: WARNING: transaction manager not running?
2019-05-24 21:28:25.994  WARN 15268 --- [           main] c.atomikos.jdbc.AtomikosConnectionProxy  : atomikos connection proxy for com.mysql.cj.jdbc.ConnectionWrapper@1de85972: WARNING: transaction manager not running?
2019-05-24 21:28:26.037  WARN 15268 --- [           main] c.atomikos.jdbc.AtomikosConnectionProxy  : atomikos connection proxy for com.mysql.cj.jdbc.ConnectionWrapper@1de85972: WARNING: transaction manager not running?
2019-05-24 21:28:26.037  WARN 15268 --- [           main] c.atomikos.jdbc.AtomikosConnectionProxy  : atomikos connection proxy for com.mysql.cj.jdbc.ConnectionWrapper@1de85972: WARNING: transaction manager not running?
2019-05-24 21:28:26.037  WARN 15268 --- [           main] c.atomikos.jdbc.AtomikosConnectionProxy  : atomikos connection proxy for com.mysql.cj.jdbc.ConnectionWrapper@1de85972: WARNING: transaction manager not running?
2019-05-24 21:28:26.130  WARN 15268 --- [           main] c.atomikos.jdbc.AtomikosConnectionProxy  : atomikos connection proxy for com.mysql.cj.jdbc.ConnectionWrapper@1de85972: WARNING: transaction manager not running?
2019-05-24 21:28:26.131  WARN 15268 --- [           main] c.atomikos.jdbc.AtomikosConnectionProxy  : atomikos connection proxy for com.mysql.cj.jdbc.ConnectionWrapper@1de85972: WARNING: transaction manager not running?
2019-05-24 21:28:26.148  WARN 15268 --- [           main] c.atomikos.jdbc.AtomikosConnectionProxy  : atomikos connection proxy for com.mysql.cj.jdbc.ConnectionWrapper@1de85972: WARNING: transaction manager not running?
2019-05-24 21:28:26.160  WARN 15268 --- [           main] c.atomikos.jdbc.AtomikosConnectionProxy  : atomikos connection proxy for com.mysql.cj.jdbc.ConnectionWrapper@1de85972: WARNING: transaction manager not running?
2019-05-24 21:28:26.169  WARN 15268 --- [           main] c.atomikos.jdbc.AtomikosConnectionProxy  : atomikos connection proxy for com.mysql.cj.jdbc.ConnectionWrapper@1de85972: WARNING: transaction manager not running?
]]></system-out>
  </testcase>
</testsuite>