<?xml version="1.0" encoding="UTF-8" ?>
<testsuite tests="3" failures="0" name="com.yhh.practice.article.product.ProductServiceTest" time="0.009" errors="3" skipped="0">
  <properties>
[...]
</properties>
  <testcase classname="com.yhh.practice.article.product.ProductServiceTest" name="testAdd" time="0.007">
    <error message="Failed to load ApplicationContext" type="java.lang.IllegalStateException">java.lang.IllegalStateException: Failed to load ApplicationContext
	at org.springframework.test.context.cache.DefaultCacheAwareContextLoaderDelegate.loadContext(DefaultCacheAwareContextLoaderDelegate.java:125)
	at org.springframework.test.context.support.DefaultTestContext.getApplicationContext(DefaultTestContext.java:108)
	at org.springframework.test.context.web.ServletTestExecutionListener.setUpRequestContextIfNecessary(ServletTestExecutionListener.java:190)
	at org.springframework.test.context.web.ServletTestExecutionListener.prepareTestInstance(ServletTestExecutionListener.java:132)
	at org.springframework.test.context.TestContextManager.prepareTestInstance(TestContextManager.java:246)
	at org.springframework.test.context.junit4.SpringJUnit4ClassRunner.createTest(SpringJUnit4ClassRunner.java:227)
	at org.springframework.test.context.junit4.SpringJUnit4ClassRunner$1.runReflectiveCall(SpringJUnit4ClassRunner.java:289)
	at org.junit.internal.runners.model.ReflectiveCallable.run(ReflectiveCallable.java:12)
	at org.springframework.test.context.junit4.SpringJUnit4ClassRunner.methodBlock(SpringJUnit4ClassRunner.java:291)
	at org.springframework.test.context.junit4.SpringJUnit4ClassRunner.runChild(SpringJUnit4ClassRunner.java:246)
	at org.springframework.test.context.junit4.SpringJUnit4ClassRunner.runChild(SpringJUnit4ClassRunner.java:97)
	at org.junit.runners.ParentRunner$3.run(ParentRunner.java:290)
	at org.junit.runners.ParentRunner$1.schedule(ParentRunner.java:71)
	at org.junit.runners.ParentRunner.runChildren(ParentRunner.java:288)
	at org.junit.runners.ParentRunner.access$000(ParentRunner.java:58)
	at org.junit.runners.ParentRunner$2.evaluate(ParentRunner.java:268)
	at org.springframework.test.context.junit4.statements.RunBeforeTestClassCallbacks.evaluate(RunBeforeTestClassCallbacks.java:61)
	at org.springframework.test.context.junit4.statements.RunAfterTestClassCallbacks.evaluate(RunAfterTestClassCallbacks.java:70)
	at org.junit.runners.ParentRunner.run(ParentRunner.java:363)
	at org.springframework.test.context.junit4.SpringJUnit4ClassRunner.run(SpringJUnit4ClassRunner.java:190)
	at org.apache.maven.surefire.junit4.JUnit4Provider.execute(JUnit4Provider.java:252)
	at org.apache.maven.surefire.junit4.JUnit4Provider.executeTestSet(JUnit4Provider.java:141)
	at org.apache.maven.surefire.junit4.JUnit4Provider.invoke(JUnit4Provider.java:112)
	at sun.reflect.NativeMethodAccessorImpl.invoke0(Native Method)
	at sun.reflect.NativeMethodAccessorImpl.invoke(NativeMethodAccessorImpl.java:62)
	at sun.reflect.DelegatingMethodAccessorImpl.invoke(DelegatingMethodAccessorImpl.java:43)
	at java.lang.reflect.Method.invoke(Method.java:498)
	at org.apache.maven.surefire.util.ReflectionUtils.invokeMethodWithArray(ReflectionUtils.java:189)
	at org.apache.maven.surefire.booter.ProviderFactory$ProviderProxy.invoke(ProviderFactory.java:165)
	at org.apache.maven.surefire.booter.ProviderFactory.invokeProvider(ProviderFactory.java:85)
	at org.apache.maven.surefire.booter.ForkedBooter.runSuitesInProcess(ForkedBooter.java:115)
	at org.apache.maven.surefire.booter.ForkedBooter.main(ForkedBooter.java:75)
Caused by: org.springframework.beans.factory.BeanCreationException: Error creating bean with name &apos;productController&apos;: Injection of resource dependencies failed; nested exception is org.springframework.beans.factory.BeanCreationException: Error creating bean with name &apos;productServiceImpl&apos;: Injection of resource dependencies failed; nested exception is org.springframework.beans.factory.UnsatisfiedDependencyException: Error creating bean with name &apos;productMapper&apos; defined in file [D:\practice\letter\article2\target\classes\com\yhh\article\mapper\ProductMapper.class]: Unsatisfied dependency expressed through bean property &apos;sqlSessionFactory&apos;; nested exception is org.springframework.beans.factory.UnsatisfiedDependencyException: Error creating bean with name &apos;sqlSessionFactory&apos; defined in class path resource [org/mybatis/spring/boot/autoconfigure/MybatisAutoConfiguration.class]: Unsatisfied dependency expressed through method &apos;sqlSessionFactory&apos; parameter 0; nested exception is org.springframework.beans.factory.BeanCreationException: Error creating bean with name &apos;dataSource&apos; defined in class path resource [org/springframework/boot/autoconfigure/jdbc/DataSourceConfiguration$Generic.class]: Bean instantiation via factory method failed; nested exception is org.springframework.beans.BeanInstantiationException: Failed to instantiate [javax.sql.DataSource]: Factory method &apos;dataSource&apos; threw exception; nested exception is java.lang.IllegalStateException: Cannot load driver class: com.mysql.cj.jdbc.Driver
	at org.springframework.context.annotation.CommonAnnotationBeanPostProcessor.postProcessPropertyValues(CommonAnnotationBeanPostProcessor.java:321)
	at org.springframework.beans.factory.support.AbstractAutowireCapableBeanFactory.populateBean(AbstractAutowireCapableBeanFactory.java:1336)
	at org.springframework.beans.factory.support.AbstractAutowireCapableBeanFactory.doCreateBean(AbstractAutowireCapableBeanFactory.java:572)
	at org.springframework.beans.factory.support.AbstractAutowireCapableBeanFactory.createBean(AbstractAutowireCapableBeanFactory.java:495)
	at org.springframework.beans.factory.support.AbstractBeanFactory.lambda$doGetBean$0(AbstractBeanFactory.java:317)
	at org.springframework.beans.factory.support.DefaultSingletonBeanRegistry.getSingleton(DefaultSingletonBeanRegistry.java:222)
	at org.springframework.beans.factory.support.AbstractBeanFactory.doGetBean(AbstractBeanFactory.java:315)
	at org.springframework.beans.factory.support.AbstractBeanFactory.getBean(AbstractBeanFactory.java:199)
	at org.springframework.beans.factory.support.DefaultListableBeanFactory.preInstantiateSingletons(DefaultListableBeanFactory.java:759)
	at org.springframework.context.support.AbstractApplicationContext.finishBeanFactoryInitialization(AbstractApplicationContext.java:867)
	at org.springframework.context.support.AbstractApplicationContext.refresh(AbstractApplicationContext.java:548)
	at org.springframework.boot.SpringApplication.refresh(SpringApplication.java:754)
	at org.springframework.boot.SpringApplication.refreshContext(SpringApplication.java:386)
	at org.springframework.boot.SpringApplication.run(SpringApplication.java:307)
	at org.springframework.boot.test.context.SpringBootContextLoader.loadContext(SpringBootContextLoader.java:127)
	at org.springframework.test.context.cache.DefaultCacheAwareContextLoaderDelegate.loadContextInternal(DefaultCacheAwareContextLoaderDelegate.java:99)
	at org.springframework.test.context.cache.DefaultCacheAwareContextLoaderDelegate.loadContext(DefaultCacheAwareContextLoaderDelegate.java:117)
	... 31 more
Caused by: org.springframework.beans.factory.BeanCreationException: Error creating bean with name &apos;productServiceImpl&apos;: Injection of resource dependencies failed; nested exception is org.springframework.beans.factory.UnsatisfiedDependencyException: Error creating bean with name &apos;productMapper&apos; defined in file [D:\practice\letter\article2\target\classes\com\yhh\article\mapper\ProductMapper.class]: Unsatisfied dependency expressed through bean property &apos;sqlSessionFactory&apos;; nested exception is org.springframework.beans.factory.UnsatisfiedDependencyException: Error creating bean with name &apos;sqlSessionFactory&apos; defined in class path resource [org/mybatis/spring/boot/autoconfigure/MybatisAutoConfiguration.class]: Unsatisfied dependency expressed through method &apos;sqlSessionFactory&apos; parameter 0; nested exception is org.springframework.beans.factory.BeanCreationException: Error creating bean with name &apos;dataSource&apos; defined in class path resource [org/springframework/boot/autoconfigure/jdbc/DataSourceConfiguration$Generic.class]: Bean instantiation via factory method failed; nested exception is org.springframework.beans.BeanInstantiationException: Failed to instantiate [javax.sql.DataSource]: Factory method &apos;dataSource&apos; threw exception; nested exception is java.lang.IllegalStateException: Cannot load driver class: com.mysql.cj.jdbc.Driver
	at org.springframework.context.annotation.CommonAnnotationBeanPostProcessor.postProcessPropertyValues(CommonAnnotationBeanPostProcessor.java:321)
	at org.springframework.beans.factory.support.AbstractAutowireCapableBeanFactory.populateBean(AbstractAutowireCapableBeanFactory.java:1336)
	at org.springframework.beans.factory.support.AbstractAutowireCapableBeanFactory.doCreateBean(AbstractAutowireCapableBeanFactory.java:572)
	at org.springframework.beans.factory.support.AbstractAutowireCapableBeanFactory.createBean(AbstractAutowireCapableBeanFactory.java:495)
	at org.springframework.beans.factory.support.AbstractBeanFactory.lambda$doGetBean$0(AbstractBeanFactory.java:317)
	at org.springframework.beans.factory.support.DefaultSingletonBeanRegistry.getSingleton(DefaultSingletonBeanRegistry.java:222)
	at org.springframework.beans.factory.support.AbstractBeanFactory.doGetBean(AbstractBeanFactory.java:315)
	at org.springframework.beans.factory.support.AbstractBeanFactory.getBean(AbstractBeanFactory.java:199)
	at org.springframework.beans.factory.config.DependencyDescriptor.resolveCandidate(DependencyDescriptor.java:251)
	at org.springframework.beans.factory.support.DefaultListableBeanFactory.doResolveDependency(DefaultListableBeanFactory.java:1135)
	at org.springframework.beans.factory.support.DefaultListableBeanFactory.resolveDependency(DefaultListableBeanFactory.java:1062)
	at org.springframework.context.annotation.CommonAnnotationBeanPostProcessor.autowireResource(CommonAnnotationBeanPostProcessor.java:507)
	at org.springframework.context.annotation.CommonAnnotationBeanPostProcessor.getResource(CommonAnnotationBeanPostProcessor.java:485)
	at org.springframework.context.annotation.CommonAnnotationBeanPostProcessor$ResourceElement.getResourceToInject(CommonAnnotationBeanPostProcessor.java:619)
	at org.springframework.beans.factory.annotation.InjectionMetadata$InjectedElement.inject(InjectionMetadata.java:180)
	at org.springframework.beans.factory.annotation.InjectionMetadata.inject(InjectionMetadata.java:90)
	at org.springframework.context.annotation.CommonAnnotationBeanPostProcessor.postProcessPropertyValues(CommonAnnotationBeanPostProcessor.java:318)
	... 47 more
Caused by: org.springframework.beans.factory.UnsatisfiedDependencyException: Error creating bean with name &apos;productMapper&apos; defined in file [D:\practice\letter\article2\target\classes\com\yhh\article\mapper\ProductMapper.class]: Unsatisfied dependency expressed through bean property &apos;sqlSessionFactory&apos;; nested exception is org.springframework.beans.factory.UnsatisfiedDependencyException: Error creating bean with name &apos;sqlSessionFactory&apos; defined in class path resource [org/mybatis/spring/boot/autoconfigure/MybatisAutoConfiguration.class]: Unsatisfied dependency expressed through method &apos;sqlSessionFactory&apos; parameter 0; nested exception is org.springframework.beans.factory.BeanCreationException: Error creating bean with name &apos;dataSource&apos; defined in class path resource [org/springframework/boot/autoconfigure/jdbc/DataSourceConfiguration$Generic.class]: Bean instantiation via factory method failed; nested exception is org.springframework.beans.BeanInstantiationException: Failed to instantiate [javax.sql.DataSource]: Factory method &apos;dataSource&apos; threw exception; nested exception is java.lang.IllegalStateException: Cannot load driver class: com.mysql.cj.jdbc.Driver
	at org.springframework.beans.factory.support.AbstractAutowireCapableBeanFactory.autowireByType(AbstractAutowireCapableBeanFactory.java:1431)
	at org.springframework.beans.factory.support.AbstractAutowireCapableBeanFactory.populateBean(AbstractAutowireCapableBeanFactory.java:1319)
	at org.springframework.beans.factory.support.AbstractAutowireCapableBeanFactory.doCreateBean(AbstractAutowireCapableBeanFactory.java:572)
	at org.springframework.beans.factory.support.AbstractAutowireCapableBeanFactory.createBean(AbstractAutowireCapableBeanFactory.java:495)
	at org.springframework.beans.factory.support.AbstractBeanFactory.lambda$doGetBean$0(AbstractBeanFactory.java:317)
	at org.springframework.beans.factory.support.DefaultSingletonBeanRegistry.getSingleton(DefaultSingletonBeanRegistry.java:222)
	at org.springframework.beans.factory.support.AbstractBeanFactory.doGetBean(AbstractBeanFactory.java:315)
	at org.springframework.beans.factory.support.AbstractBeanFactory.getBean(AbstractBeanFactory.java:204)
	at org.springframework.context.annotation.CommonAnnotationBeanPostProcessor.autowireResource(CommonAnnotationBeanPostProcessor.java:514)
	at org.springframework.context.annotation.CommonAnnotationBeanPostProcessor.getResource(CommonAnnotationBeanPostProcessor.java:485)
	at org.springframework.context.annotation.CommonAnnotationBeanPostProcessor$ResourceElement.getResourceToInject(CommonAnnotationBeanPostProcessor.java:619)
	at org.springframework.beans.factory.annotation.InjectionMetadata$InjectedElement.inject(InjectionMetadata.java:180)
	at org.springframework.beans.factory.annotation.InjectionMetadata.inject(InjectionMetadata.java:90)
	at org.springframework.context.annotation.CommonAnnotationBeanPostProcessor.postProcessPropertyValues(CommonAnnotationBeanPostProcessor.java:318)
	... 63 more
Caused by: org.springframework.beans.factory.UnsatisfiedDependencyException: Error creating bean with name &apos;sqlSessionFactory&apos; defined in class path resource [org/mybatis/spring/boot/autoconfigure/MybatisAutoConfiguration.class]: Unsatisfied dependency expressed through method &apos;sqlSessionFactory&apos; parameter 0; nested exception is org.springframework.beans.factory.BeanCreationException: Error creating bean with name &apos;dataSource&apos; defined in class path resource [org/springframework/boot/autoconfigure/jdbc/DataSourceConfiguration$Generic.class]: Bean instantiation via factory method failed; nested exception is org.springframework.beans.BeanInstantiationException: Failed to instantiate [javax.sql.DataSource]: Factory method &apos;dataSource&apos; threw exception; nested exception is java.lang.IllegalStateException: Cannot load driver class: com.mysql.cj.jdbc.Driver
	at org.springframework.beans.factory.support.ConstructorResolver.createArgumentArray(ConstructorResolver.java:733)
	at org.springframework.beans.factory.support.ConstructorResolver.instantiateUsingFactoryMethod(ConstructorResolver.java:475)
	at org.springframework.beans.factory.support.AbstractAutowireCapableBeanFactory.instantiateUsingFactoryMethod(AbstractAutowireCapableBeanFactory.java:1246)
	at org.springframework.beans.factory.support.AbstractAutowireCapableBeanFactory.createBeanInstance(AbstractAutowireCapableBeanFactory.java:1096)
	at org.springframework.beans.factory.support.AbstractAutowireCapableBeanFactory.doCreateBean(AbstractAutowireCapableBeanFactory.java:535)
	at org.springframework.beans.factory.support.AbstractAutowireCapableBeanFactory.createBean(AbstractAutowireCapableBeanFactory.java:495)
	at org.springframework.beans.factory.support.AbstractBeanFactory.lambda$doGetBean$0(AbstractBeanFactory.java:317)
	at org.springframework.beans.factory.support.DefaultSingletonBeanRegistry.getSingleton(DefaultSingletonBeanRegistry.java:222)
	at org.springframework.beans.factory.support.AbstractBeanFactory.doGetBean(AbstractBeanFactory.java:315)
	at org.springframework.beans.factory.support.AbstractBeanFactory.getBean(AbstractBeanFactory.java:199)
	at org.springframework.beans.factory.config.DependencyDescriptor.resolveCandidate(DependencyDescriptor.java:251)
	at org.springframework.beans.factory.support.DefaultListableBeanFactory.doResolveDependency(DefaultListableBeanFactory.java:1135)
	at org.springframework.beans.factory.support.DefaultListableBeanFactory.resolveDependency(DefaultListableBeanFactory.java:1062)
	at org.springframework.beans.factory.support.AbstractAutowireCapableBeanFactory.autowireByType(AbstractAutowireCapableBeanFactory.java:1416)
	... 76 more
Caused by: org.springframework.beans.factory.BeanCreationException: Error creating bean with name &apos;dataSource&apos; defined in class path resource [org/springframework/boot/autoconfigure/jdbc/DataSourceConfiguration$Generic.class]: Bean instantiation via factory method failed; nested exception is org.springframework.beans.BeanInstantiationException: Failed to instantiate [javax.sql.DataSource]: Factory method &apos;dataSource&apos; threw exception; nested exception is java.lang.IllegalStateException: Cannot load driver class: com.mysql.cj.jdbc.Driver
	at org.springframework.beans.factory.support.ConstructorResolver.instantiateUsingFactoryMethod(ConstructorResolver.java:591)
	at org.springframework.beans.factory.support.AbstractAutowireCapableBeanFactory.instantiateUsingFactoryMethod(AbstractAutowireCapableBeanFactory.java:1246)
	at org.springframework.beans.factory.support.AbstractAutowireCapableBeanFactory.createBeanInstance(AbstractAutowireCapableBeanFactory.java:1096)
	at org.springframework.beans.factory.support.AbstractAutowireCapableBeanFactory.doCreateBean(AbstractAutowireCapableBeanFactory.java:535)
	at org.springframework.beans.factory.support.AbstractAutowireCapableBeanFactory.createBean(AbstractAutowireCapableBeanFactory.java:495)
	at org.springframework.beans.factory.support.AbstractBeanFactory.lambda$doGetBean$0(AbstractBeanFactory.java:317)
	at org.springframework.beans.factory.support.DefaultSingletonBeanRegistry.getSingleton(DefaultSingletonBeanRegistry.java:222)
	at org.springframework.beans.factory.support.AbstractBeanFactory.doGetBean(AbstractBeanFactory.java:315)
	at org.springframework.beans.factory.support.AbstractBeanFactory.getBean(AbstractBeanFactory.java:199)
	at org.springframework.beans.factory.config.DependencyDescriptor.resolveCandidate(DependencyDescriptor.java:251)
	at org.springframework.beans.factory.support.DefaultListableBeanFactory.doResolveDependency(DefaultListableBeanFactory.java:1135)
	at org.springframework.beans.factory.support.DefaultListableBeanFactory.resolveDependency(DefaultListableBeanFactory.java:1062)
	at org.springframework.beans.factory.support.ConstructorResolver.resolveAutowiredArgument(ConstructorResolver.java:819)
	at org.springframework.beans.factory.support.ConstructorResolver.createArgumentArray(ConstructorResolver.java:725)
	... 89 more
Caused by: org.springframework.beans.BeanInstantiationException: Failed to instantiate [javax.sql.DataSource]: Factory method &apos;dataSource&apos; threw exception; nested exception is java.lang.IllegalStateException: Cannot load driver class: com.mysql.cj.jdbc.Driver
	at org.springframework.beans.factory.support.SimpleInstantiationStrategy.instantiate(SimpleInstantiationStrategy.java:185)
	at org.springframework.beans.factory.support.ConstructorResolver.instantiateUsingFactoryMethod(ConstructorResolver.java:583)
	... 102 more
Caused by: java.lang.IllegalStateException: Cannot load driver class: com.mysql.cj.jdbc.Driver
	at org.springframework.util.Assert.state(Assert.java:94)
	at org.springframework.boot.autoconfigure.jdbc.DataSourceProperties.determineDriverClassName(DataSourceProperties.java:224)
	at org.springframework.boot.autoconfigure.jdbc.DataSourceProperties.initializeDataSourceBuilder(DataSourceProperties.java:176)
	at org.springframework.boot.autoconfigure.jdbc.DataSourceConfiguration$Generic.dataSource(DataSourceConfiguration.java:120)
	at sun.reflect.NativeMethodAccessorImpl.invoke0(Native Method)
	at sun.reflect.NativeMethodAccessorImpl.invoke(NativeMethodAccessorImpl.java:62)
	at sun.reflect.DelegatingMethodAccessorImpl.invoke(DelegatingMethodAccessorImpl.java:43)
	at java.lang.reflect.Method.invoke(Method.java:498)
	at org.springframework.beans.factory.support.SimpleInstantiationStrategy.instantiate(SimpleInstantiationStrategy.java:154)
	... 103 more
</error>
    <system-out>10:59:06.812 [main] DEBUG org.springframework.test.context.junit4.SpringJUnit4ClassRunner - SpringJUnit4ClassRunner constructor called with [class com.yhh.practice.article.product.ProductServiceTest]
10:59:06.820 [main] DEBUG org.springframework.test.context.BootstrapUtils - Instantiating CacheAwareContextLoaderDelegate from class [org.springframework.test.context.cache.DefaultCacheAwareContextLoaderDelegate]
10:59:06.831 [main] DEBUG org.springframework.test.context.BootstrapUtils - Instantiating BootstrapContext using constructor [public org.springframework.test.context.support.DefaultBootstrapContext(java.lang.Class,org.springframework.test.context.CacheAwareContextLoaderDelegate)]
10:59:06.857 [main] DEBUG org.springframework.test.context.BootstrapUtils - Instantiating TestContextBootstrapper for test class [com.yhh.practice.article.product.ProductServiceTest] from class [org.springframework.boot.test.context.SpringBootTestContextBootstrapper]
10:59:06.874 [main] INFO org.springframework.boot.test.context.SpringBootTestContextBootstrapper - Neither @ContextConfiguration nor @ContextHierarchy found for test class [com.yhh.practice.article.product.ProductServiceTest], using SpringBootContextLoader
10:59:06.891 [main] DEBUG org.springframework.test.context.support.AbstractContextLoader - Did not detect default resource location for test class [com.yhh.practice.article.product.ProductServiceTest]: class path resource [com/yhh/practice/article/product/ProductServiceTest-context.xml] does not exist
10:59:06.892 [main] DEBUG org.springframework.test.context.support.AbstractContextLoader - Did not detect default resource location for test class [com.yhh.practice.article.product.ProductServiceTest]: class path resource [com/yhh/practice/article/product/ProductServiceTestContext.groovy] does not exist
10:59:06.892 [main] INFO org.springframework.test.context.support.AbstractContextLoader - Could not detect default resource locations for test class [com.yhh.practice.article.product.ProductServiceTest]: no resource found for suffixes {-context.xml, Context.groovy}.
10:59:06.950 [main] DEBUG org.springframework.test.context.support.ActiveProfilesUtils - Could not find an &apos;annotation declaring class&apos; for annotation type [org.springframework.test.context.ActiveProfiles] and class [com.yhh.practice.article.product.ProductServiceTest]
10:59:07.175 [main] DEBUG org.springframework.boot.test.context.SpringBootTestContextBootstrapper - @TestExecutionListeners is not present for class [com.yhh.practice.article.product.ProductServiceTest]: using defaults.
10:59:07.175 [main] INFO org.springframework.boot.test.context.SpringBootTestContextBootstrapper - Loaded default TestExecutionListener class names from location [META-INF/spring.factories]: [org.springframework.boot.test.mock.mockito.MockitoTestExecutionListener, org.springframework.boot.test.mock.mockito.ResetMocksTestExecutionListener, org.springframework.boot.test.autoconfigure.restdocs.RestDocsTestExecutionListener, org.springframework.boot.test.autoconfigure.web.client.MockRestServiceServerResetTestExecutionListener, org.springframework.boot.test.autoconfigure.web.servlet.MockMvcPrintOnlyOnFailureTestExecutionListener, org.springframework.boot.test.autoconfigure.web.servlet.WebDriverTestExecutionListener, org.springframework.test.context.web.ServletTestExecutionListener, org.springframework.test.context.support.DirtiesContextBeforeModesTestExecutionListener, org.springframework.test.context.support.DependencyInjectionTestExecutionListener, org.springframework.test.context.support.DirtiesContextTestExecutionListener, org.springframework.test.context.transaction.TransactionalTestExecutionListener, org.springframework.test.context.jdbc.SqlScriptsTestExecutionListener]
10:59:07.193 [main] INFO org.springframework.boot.test.context.SpringBootTestContextBootstrapper - Using TestExecutionListeners: [org.springframework.test.context.web.ServletTestExecutionListener@33c911a1, org.springframework.test.context.support.DirtiesContextBeforeModesTestExecutionListener@75db5df9, org.springframework.boot.test.mock.mockito.MockitoTestExecutionListener@707194ba, org.springframework.boot.test.autoconfigure.SpringBootDependencyInjectionTestExecutionListener@1190200a, org.springframework.test.context.support.DirtiesContextTestExecutionListener@6a2f6f80, org.springframework.test.context.transaction.TransactionalTestExecutionListener@45b4c3a9, org.springframework.test.context.jdbc.SqlScriptsTestExecutionListener@399c4be1, org.springframework.boot.test.mock.mockito.ResetMocksTestExecutionListener@291caca8, org.springframework.boot.test.autoconfigure.restdocs.RestDocsTestExecutionListener@385e9564, org.springframework.boot.test.autoconfigure.web.client.MockRestServiceServerResetTestExecutionListener@5b94b04d, org.springframework.boot.test.autoconfigure.web.servlet.MockMvcPrintOnlyOnFailureTestExecutionListener@8c3b9d, org.springframework.boot.test.autoconfigure.web.servlet.WebDriverTestExecutionListener@4c39bec8]
10:59:07.195 [main] DEBUG org.springframework.test.annotation.ProfileValueUtils - Retrieved @ProfileValueSourceConfiguration [null] for test class [com.yhh.practice.article.product.ProductServiceTest]
10:59:07.196 [main] DEBUG org.springframework.test.annotation.ProfileValueUtils - Retrieved ProfileValueSource type [class org.springframework.test.annotation.SystemProfileValueSource] for class [com.yhh.practice.article.product.ProductServiceTest]
10:59:07.197 [main] DEBUG org.springframework.test.annotation.ProfileValueUtils - Retrieved @ProfileValueSourceConfiguration [null] for test class [com.yhh.practice.article.product.ProductServiceTest]
10:59:07.197 [main] DEBUG org.springframework.test.annotation.ProfileValueUtils - Retrieved ProfileValueSource type [class org.springframework.test.annotation.SystemProfileValueSource] for class [com.yhh.practice.article.product.ProductServiceTest]
10:59:07.202 [main] DEBUG org.springframework.test.context.support.AbstractDirtiesContextTestExecutionListener - Before test class: context [DefaultTestContext@63070bab testClass = ProductServiceTest, testInstance = [null], testMethod = [null], testException = [null], mergedContextConfiguration = [WebMergedContextConfiguration@68e5eea7 testClass = ProductServiceTest, locations = &apos;{}&apos;, classes = &apos;{class com.yhh.article.ArticleApplication, class com.yhh.article.ArticleApplication}&apos;, contextInitializerClasses = &apos;[]&apos;, activeProfiles = &apos;{}&apos;, propertySourceLocations = &apos;{}&apos;, propertySourceProperties = &apos;{org.springframework.boot.test.context.SpringBootTestContextBootstrapper=true}&apos;, contextCustomizers = set[org.springframework.boot.test.context.filter.ExcludeFilterContextCustomizer@17695df3, org.springframework.boot.test.json.DuplicateJsonObjectContextCustomizerFactory$DuplicateJsonObjectContextCustomizer@76b10754, org.springframework.boot.test.mock.mockito.MockitoContextCustomizer@0, org.springframework.boot.test.web.client.TestRestTemplateContextCustomizer@d6da883, org.springframework.boot.test.autoconfigure.properties.PropertyMappingContextCustomizer@0, org.springframework.boot.test.autoconfigure.web.servlet.WebDriverContextCustomizerFactory$Customizer@31206beb], resourceBasePath = &apos;src/main/webapp&apos;, contextLoader = &apos;org.springframework.boot.test.context.SpringBootContextLoader&apos;, parent = [null]], attributes = map[&apos;org.springframework.test.context.web.ServletTestExecutionListener.activateListener&apos; -&gt; true]], class annotated with @DirtiesContext [false] with mode [null].
10:59:07.203 [main] DEBUG org.springframework.test.annotation.ProfileValueUtils - Retrieved @ProfileValueSourceConfiguration [null] for test class [com.yhh.practice.article.product.ProductServiceTest]
10:59:07.203 [main] DEBUG org.springframework.test.annotation.ProfileValueUtils - Retrieved ProfileValueSource type [class org.springframework.test.annotation.SystemProfileValueSource] for class [com.yhh.practice.article.product.ProductServiceTest]
10:59:07.236 [main] DEBUG org.springframework.core.env.StandardEnvironment - Adding PropertySource &apos;systemProperties&apos; with lowest search precedence
10:59:07.237 [main] DEBUG org.springframework.core.env.StandardEnvironment - Adding PropertySource &apos;systemEnvironment&apos; with lowest search precedence
10:59:07.238 [main] DEBUG org.springframework.core.env.StandardEnvironment - Initialized StandardEnvironment with PropertySources [MapPropertySource@912672706 {name=&apos;systemProperties&apos;, properties={java.runtime.name=Java(TM) SE Runtime Environment, sun.boot.library.path=C:\Program Files\Java\jdk1.8.0_201\jre\bin, java.vm.version=25.201-b09, java.vm.vendor=Oracle Corporation, java.vendor.url=http://java.oracle.com/, path.separator=;, java.vm.name=Java HotSpot(TM) 64-Bit Server VM, file.encoding.pkg=sun.io, user.country=CN, user.script=, sun.java.launcher=SUN_STANDARD, sun.os.patch.level=Service Pack 1, java.vm.specification.name=Java Virtual Machine Specification, user.dir=D:\practice\letter\article2, java.runtime.version=1.8.0_201-b09, basedir=D:\practice\letter\article2, java.awt.graphicsenv=sun.awt.Win32GraphicsEnvironment, java.endorsed.dirs=C:\Program Files\Java\jdk1.8.0_201\jre\lib\endorsed, os.arch=amd64, surefire.real.class.path=D:\practice\letter\article2\target\surefire\surefirebooter3855910599904447566.jar, java.io.tmpdir=C:\Windows\TEMP\, line.separator=
, java.vm.specification.vendor=Oracle Corporation, user.variant=, os.name=Windows 7, sun.jnu.encoding=GBK, java.library.path=C:\Program Files\Java\jdk1.8.0_201\jre\bin;C:\Windows\Sun\Java\bin;C:\Windows\system32;C:\Windows;D:\apache-maven-3.6.0/bin;C:\Program Files\Java\jdk1.8.0_201/bin;C:\Program Files\Java\jdk1.8.0_201/bin;C:\Program Files (x86)\Common Files\Oracle\Java\javapath;C:\Windows\system32;C:\Windows;C:\Windows\System32\Wbem;C:\Windows\System32\WindowsPowerShell\v1.0\;%JAVA_HOME%\bin;C:\Program Files\Git\cmd;;., surefire.test.class.path=D:\practice\letter\article2\target\test-classes;D:\practice\letter\article2\target\classes;D:\practice\letter\service-api\target\letter.jar;C:\Windows\system32\config\systemprofile\.m2\repository\mysql\mysql-connector-java\5.1.47\mysql-connector-java-5.1.47.jar;C:\Windows\system32\config\systemprofile\.m2\repository\com\alibaba\druid\1.0.31\druid-1.0.31.jar;C:\Program Files\Java\jdk1.8.0_201\jre\..\lib\jconsole.jar;C:\Program Files\Java\jdk1.8.0_201\jre\..\lib\tools.jar;C:\Windows\system32\config\systemprofile\.m2\repository\org\mybatis\spring\boot\mybatis-spring-boot-starter\1.3.0\mybatis-spring-boot-starter-1.3.0.jar;C:\Windows\system32\config\systemprofile\.m2\repository\org\springframework\boot\spring-boot-starter\2.0.7.RELEASE\spring-boot-starter-2.0.7.RELEASE.jar;C:\Windows\system32\config\systemprofile\.m2\repository\org\springframework\boot\spring-boot-starter-logging\2.0.7.RELEASE\spring-boot-starter-logging-2.0.7.RELEASE.jar;C:\Windows\system32\config\systemprofile\.m2\repository\ch\qos\logback\logback-classic\1.2.3\logback-classic-1.2.3.jar;C:\Windows\system32\config\systemprofile\.m2\repository\ch\qos\logback\logback-core\1.2.3\logback-core-1.2.3.jar;C:\Windows\system32\config\systemprofile\.m2\repository\org\apache\logging\log4j\log4j-to-slf4j\2.10.0\log4j-to-slf4j-2.10.0.jar;C:\Windows\system32\config\systemprofile\.m2\repository\org\apache\logging\log4j\log4j-api\2.10.0\log4j-api-2.10.0.jar;C:\Windows\system32\config\systemprofile\.m2\repository\org\slf4j\jul-to-slf4j\1.7.25\jul-to-slf4j-1.7.25.jar;C:\Windows\system32\config\systemprofile\.m2\repository\javax\annotation\javax.annotation-api\1.3.2\javax.annotation-api-1.3.2.jar;C:\Windows\system32\config\systemprofile\.m2\repository\org\yaml\snakeyaml\1.19\snakeyaml-1.19.jar;C:\Windows\system32\config\systemprofile\.m2\repository\org\springframework\boot\spring-boot-starter-jdbc\2.0.7.RELEASE\spring-boot-starter-jdbc-2.0.7.RELEASE.jar;C:\Windows\system32\config\systemprofile\.m2\repository\com\zaxxer\HikariCP\2.7.9\HikariCP-2.7.9.jar;C:\Windows\system32\config\systemprofile\.m2\repository\org\springframework\spring-jdbc\5.0.11.RELEASE\spring-jdbc-5.0.11.RELEASE.jar;C:\Windows\system32\config\systemprofile\.m2\repository\org\springframework\spring-tx\5.0.11.RELEASE\spring-tx-5.0.11.RELEASE.jar;C:\Windows\system32\config\systemprofile\.m2\repository\org\mybatis\spring\boot\mybatis-spring-boot-autoconfigure\1.3.0\mybatis-spring-boot-autoconfigure-1.3.0.jar;C:\Windows\system32\config\systemprofile\.m2\repository\org\mybatis\mybatis\3.4.4\mybatis-3.4.4.jar;C:\Windows\system32\config\systemprofile\.m2\repository\org\mybatis\mybatis-spring\1.3.1\mybatis-spring-1.3.1.jar;C:\Windows\system32\config\systemprofile\.m2\repository\org\springframework\boot\spring-boot-starter-web\2.0.7.RELEASE\spring-boot-starter-web-2.0.7.RELEASE.jar;C:\Windows\system32\config\systemprofile\.m2\repository\org\springframework\boot\spring-boot-starter-json\2.0.7.RELEASE\spring-boot-starter-json-2.0.7.RELEASE.jar;C:\Windows\system32\config\systemprofile\.m2\repository\com\fasterxml\jackson\core\jackson-databind\2.9.7\jackson-databind-2.9.7.jar;C:\Windows\system32\config\systemprofile\.m2\repository\com\fasterxml\jackson\datatype\jackson-datatype-jdk8\2.9.7\jackson-datatype-jdk8-2.9.7.jar;C:\Windows\system32\config\systemprofile\.m2\repository\com\fasterxml\jackson\datatype\jackson-datatype-jsr310\2.9.7\jackson-datatype-jsr310-2.9.7.jar;C:\Windows\system32\config\systemprofile\.m2\repository\com\fasterxml\jackson\module\jackson-module-parameter-names\2.9.7\jackson-module-parameter-names-2.9.7.jar;C:\Windows\system32\config\systemprofile\.m2\repository\org\springframework\boot\spring-boot-starter-tomcat\2.0.7.RELEASE\spring-boot-starter-tomcat-2.0.7.RELEASE.jar;C:\Windows\system32\config\systemprofile\.m2\repository\org\apache\tomcat\embed\tomcat-embed-core\8.5.35\tomcat-embed-core-8.5.35.jar;C:\Windows\system32\config\systemprofile\.m2\repository\org\apache\tomcat\embed\tomcat-embed-el\8.5.35\tomcat-embed-el-8.5.35.jar;C:\Windows\system32\config\systemprofile\.m2\repository\org\apache\tomcat\embed\tomcat-embed-websocket\8.5.35\tomcat-embed-websocket-8.5.35.jar;C:\Windows\system32\config\systemprofile\.m2\repository\org\hibernate\validator\hibernate-validator\6.0.13.Final\hibernate-validator-6.0.13.Final.jar;C:\Windows\system32\config\systemprofile\.m2\repository\javax\validation\validation-api\2.0.1.Final\validation-api-2.0.1.Final.jar;C:\Windows\system32\config\systemprofile\.m2\repository\org\jboss\logging\jboss-logging\3.3.2.Final\jboss-logging-3.3.2.Final.jar;C:\Windows\system32\config\systemprofile\.m2\repository\com\fasterxml\classmate\1.3.4\classmate-1.3.4.jar;C:\Windows\system32\config\systemprofile\.m2\repository\org\springframework\spring-web\5.0.11.RELEASE\spring-web-5.0.11.RELEASE.jar;C:\Windows\system32\config\systemprofile\.m2\repository\org\springframework\spring-beans\5.0.11.RELEASE\spring-beans-5.0.11.RELEASE.jar;C:\Windows\system32\config\systemprofile\.m2\repository\org\springframework\spring-webmvc\5.0.11.RELEASE\spring-webmvc-5.0.11.RELEASE.jar;C:\Windows\system32\config\systemprofile\.m2\repository\org\springframework\spring-aop\5.0.11.RELEASE\spring-aop-5.0.11.RELEASE.jar;C:\Windows\system32\config\systemprofile\.m2\repository\org\springframework\spring-context\5.0.11.RELEASE\spring-context-5.0.11.RELEASE.jar;C:\Windows\system32\config\systemprofile\.m2\repository\org\springframework\spring-expression\5.0.11.RELEASE\spring-expression-5.0.11.RELEASE.jar;C:\Windows\system32\config\systemprofile\.m2\repository\org\springframework\boot\spring-boot-starter-test\2.0.7.RELEASE\spring-boot-starter-test-2.0.7.RELEASE.jar;C:\Windows\system32\config\systemprofile\.m2\repository\org\springframework\boot\spring-boot-test\2.0.7.RELEASE\spring-boot-test-2.0.7.RELEASE.jar;C:\Windows\system32\config\systemprofile\.m2\repository\org\springframework\boot\spring-boot-test-autoconfigure\2.0.7.RELEASE\spring-boot-test-autoconfigure-2.0.7.RELEASE.jar;C:\Windows\system32\config\systemprofile\.m2\repository\com\jayway\jsonpath\json-path\2.4.0\json-path-2.4.0.jar;C:\Windows\system32\config\systemprofile\.m2\repository\net\minidev\json-smart\2.3\json-smart-2.3.jar;C:\Windows\system32\config\systemprofile\.m2\repository\net\minidev\accessors-smart\1.2\accessors-smart-1.2.jar;C:\Windows\system32\config\systemprofile\.m2\repository\org\ow2\asm\asm\5.0.4\asm-5.0.4.jar;C:\Windows\system32\config\systemprofile\.m2\repository\org\slf4j\slf4j-api\1.7.25\slf4j-api-1.7.25.jar;C:\Windows\system32\config\systemprofile\.m2\repository\junit\junit\4.12\junit-4.12.jar;C:\Windows\system32\config\systemprofile\.m2\repository\org\assertj\assertj-core\3.9.1\assertj-core-3.9.1.jar;C:\Windows\system32\config\systemprofile\.m2\repository\org\mockito\mockito-core\2.15.0\mockito-core-2.15.0.jar;C:\Windows\system32\config\systemprofile\.m2\repository\net\bytebuddy\byte-buddy\1.7.11\byte-buddy-1.7.11.jar;C:\Windows\system32\config\systemprofile\.m2\repository\net\bytebuddy\byte-buddy-agent\1.7.11\byte-buddy-agent-1.7.11.jar;C:\Windows\system32\config\systemprofile\.m2\repository\org\objenesis\objenesis\2.6\objenesis-2.6.jar;C:\Windows\system32\config\systemprofile\.m2\repository\org\hamcrest\hamcrest-core\1.3\hamcrest-core-1.3.jar;C:\Windows\system32\config\systemprofile\.m2\repository\org\hamcrest\hamcrest-library\1.3\hamcrest-library-1.3.jar;C:\Windows\system32\config\systemprofile\.m2\repository\org\skyscreamer\jsonassert\1.5.0\jsonassert-1.5.0.jar;C:\Windows\system32\config\systemprofile\.m2\repository\com\vaadin\external\google\android-json\0.0.20131108.vaadin1\android-json-0.0.20131108.vaadin1.jar;C:\Windows\system32\config\systemprofile\.m2\repository\org\springframework\spring-core\5.0.11.RELEASE\spring-core-5.0.11.RELEASE.jar;C:\Windows\system32\config\systemprofile\.m2\repository\org\springframework\spring-jcl\5.0.11.RELEASE\spring-jcl-5.0.11.RELEASE.jar;C:\Windows\system32\config\systemprofile\.m2\repository\org\springframework\spring-test\5.0.11.RELEASE\spring-test-5.0.11.RELEASE.jar;C:\Windows\system32\config\systemprofile\.m2\repository\org\xmlunit\xmlunit-core\2.5.1\xmlunit-core-2.5.1.jar;C:\Windows\system32\config\systemprofile\.m2\repository\org\springframework\boot\spring-boot-devtools\2.0.7.RELEASE\spring-boot-devtools-2.0.7.RELEASE.jar;C:\Windows\system32\config\systemprofile\.m2\repository\org\springframework\boot\spring-boot\2.0.7.RELEASE\spring-boot-2.0.7.RELEASE.jar;C:\Windows\system32\config\systemprofile\.m2\repository\org\springframework\boot\spring-boot-autoconfigure\2.0.7.RELEASE\spring-boot-autoconfigure-2.0.7.RELEASE.jar;C:\Windows\system32\config\systemprofile\.m2\repository\org\springframework\cloud\spring-cloud-starter-netflix-eureka-client\2.0.0.RELEASE\spring-cloud-starter-netflix-eureka-client-2.0.0.RELEASE.jar;C:\Windows\system32\config\systemprofile\.m2\repository\org\springframework\cloud\spring-cloud-starter\2.0.0.RELEASE\spring-cloud-starter-2.0.0.RELEASE.jar;C:\Windows\system32\config\systemprofile\.m2\repository\org\springframework\cloud\spring-cloud-context\2.0.0.RELEASE\spring-cloud-context-2.0.0.RELEASE.jar;C:\Windows\system32\config\systemprofile\.m2\repository\org\springframework\security\spring-security-crypto\5.0.10.RELEASE\spring-security-crypto-5.0.10.RELEASE.jar;C:\Windows\system32\config\systemprofile\.m2\repository\org\springframework\cloud\spring-cloud-commons\2.0.0.RELEASE\spring-cloud-commons-2.0.0.RELEASE.jar;C:\Windows\system32\config\systemprofile\.m2\repository\org\springframework\security\spring-security-rsa\1.0.5.RELEASE\spring-security-rsa-1.0.5.RELEASE.jar;C:\Windows\system32\config\systemprofile\.m2\repository\org\bouncycastle\bcpkix-jdk15on\1.56\bcpkix-jdk15on-1.56.jar;C:\Windows\system32\config\systemprofile\.m2\repository\org\bouncycastle\bcprov-jdk15on\1.56\bcprov-jdk15on-1.56.jar;C:\Windows\system32\config\systemprofile\.m2\repository\org\springframework\cloud\spring-cloud-netflix-core\2.0.0.RELEASE\spring-cloud-netflix-core-2.0.0.RELEASE.jar;C:\Windows\system32\config\systemprofile\.m2\repository\org\springframework\boot\spring-boot-starter-aop\2.0.7.RELEASE\spring-boot-starter-aop-2.0.7.RELEASE.jar;C:\Windows\system32\config\systemprofile\.m2\repository\org\aspectj\aspectjweaver\1.8.13\aspectjweaver-1.8.13.jar;C:\Windows\system32\config\systemprofile\.m2\repository\org\springframework\cloud\spring-cloud-netflix-eureka-client\2.0.0.RELEASE\spring-cloud-netflix-eureka-client-2.0.0.RELEASE.jar;C:\Windows\system32\config\systemprofile\.m2\repository\com\netflix\eureka\eureka-client\1.9.2\eureka-client-1.9.2.jar;C:\Windows\system32\config\systemprofile\.m2\repository\org\codehaus\jettison\jettison\1.3.7\jettison-1.3.7.jar;C:\Windows\system32\config\systemprofile\.m2\repository\stax\stax-api\1.0.1\stax-api-1.0.1.jar;C:\Windows\system32\config\systemprofile\.m2\repository\com\netflix\netflix-commons\netflix-eventbus\0.3.0\netflix-eventbus-0.3.0.jar;C:\Windows\system32\config\systemprofile\.m2\repository\com\netflix\netflix-commons\netflix-infix\0.3.0\netflix-infix-0.3.0.jar;C:\Windows\system32\config\systemprofile\.m2\repository\commons-jxpath\commons-jxpath\1.3\commons-jxpath-1.3.jar;C:\Windows\system32\config\systemprofile\.m2\repository\joda-time\joda-time\2.9.9\joda-time-2.9.9.jar;C:\Windows\system32\config\systemprofile\.m2\repository\org\antlr\antlr-runtime\3.4\antlr-runtime-3.4.jar;C:\Windows\system32\config\systemprofile\.m2\repository\org\antlr\stringtemplate\3.2.1\stringtemplate-3.2.1.jar;C:\Windows\system32\config\systemprofile\.m2\repository\antlr\antlr\2.7.7\antlr-2.7.7.jar;C:\Windows\system32\config\systemprofile\.m2\repository\com\google\code\gson\gson\2.8.5\gson-2.8.5.jar;C:\Windows\system32\config\systemprofile\.m2\repository\org\apache\commons\commons-math\2.2\commons-math-2.2.jar;C:\Windows\system32\config\systemprofile\.m2\repository\com\netflix\archaius\archaius-core\0.7.6\archaius-core-0.7.6.jar;C:\Windows\system32\config\systemprofile\.m2\repository\com\google\guava\guava\16.0\guava-16.0.jar;C:\Windows\system32\config\systemprofile\.m2\repository\javax\ws\rs\jsr311-api\1.1.1\jsr311-api-1.1.1.jar;C:\Windows\system32\config\systemprofile\.m2\repository\com\netflix\servo\servo-core\0.12.21\servo-core-0.12.21.jar;C:\Windows\system32\config\systemprofile\.m2\repository\com\sun\jersey\jersey-core\1.19.1\jersey-core-1.19.1.jar;C:\Windows\system32\config\systemprofile\.m2\repository\com\sun\jersey\jersey-client\1.19.1\jersey-client-1.19.1.jar;C:\Windows\system32\config\systemprofile\.m2\repository\com\sun\jersey\contribs\jersey-apache-client4\1.19.1\jersey-apache-client4-1.19.1.jar;C:\Windows\system32\config\systemprofile\.m2\repository\org\apache\httpcomponents\httpclient\4.5.6\httpclient-4.5.6.jar;C:\Windows\system32\config\systemprofile\.m2\repository\org\apache\httpcomponents\httpcore\4.4.10\httpcore-4.4.10.jar;C:\Windows\system32\config\systemprofile\.m2\repository\commons-codec\commons-codec\1.11\commons-codec-1.11.jar;C:\Windows\system32\config\systemprofile\.m2\repository\com\google\inject\guice\4.1.0\guice-4.1.0.jar;C:\Windows\system32\config\systemprofile\.m2\repository\javax\inject\javax.inject\1\javax.inject-1.jar;C:\Windows\system32\config\systemprofile\.m2\repository\aopalliance\aopalliance\1.0\aopalliance-1.0.jar;C:\Windows\system32\config\systemprofile\.m2\repository\com\github\vlsi\compactmap\compactmap\1.2.1\compactmap-1.2.1.jar;C:\Windows\system32\config\systemprofile\.m2\repository\com\github\andrewoma\dexx\dexx-collections\0.2\dexx-collections-0.2.jar;C:\Windows\system32\config\systemprofile\.m2\repository\com\fasterxml\jackson\core\jackson-annotations\2.9.0\jackson-annotations-2.9.0.jar;C:\Windows\system32\config\systemprofile\.m2\repository\com\fasterxml\jackson\core\jackson-core\2.9.7\jackson-core-2.9.7.jar;C:\Windows\system32\config\systemprofile\.m2\repository\com\netflix\eureka\eureka-core\1.9.2\eureka-core-1.9.2.jar;C:\Windows\system32\config\systemprofile\.m2\repository\org\codehaus\woodstox\woodstox-core-asl\4.4.1\woodstox-core-asl-4.4.1.jar;C:\Windows\system32\config\systemprofile\.m2\repository\javax\xml\stream\stax-api\1.0-2\stax-api-1.0-2.jar;C:\Windows\system32\config\systemprofile\.m2\repository\org\codehaus\woodstox\stax2-api\3.1.4\stax2-api-3.1.4.jar;C:\Windows\system32\config\systemprofile\.m2\repository\org\springframework\cloud\spring-cloud-starter-netflix-archaius\2.0.0.RELEASE\spring-cloud-starter-netflix-archaius-2.0.0.RELEASE.jar;C:\Windows\system32\config\systemprofile\.m2\repository\org\springframework\cloud\spring-cloud-netflix-ribbon\2.0.0.RELEASE\spring-cloud-netflix-ribbon-2.0.0.RELEASE.jar;C:\Windows\system32\config\systemprofile\.m2\repository\org\springframework\cloud\spring-cloud-netflix-archaius\2.0.0.RELEASE\spring-cloud-netflix-archaius-2.0.0.RELEASE.jar;C:\Windows\system32\config\systemprofile\.m2\repository\commons-configuration\commons-configuration\1.8\commons-configuration-1.8.jar;C:\Windows\system32\config\systemprofile\.m2\repository\commons-lang\commons-lang\2.6\commons-lang-2.6.jar;C:\Windows\system32\config\systemprofile\.m2\repository\org\springframework\cloud\spring-cloud-starter-netflix-ribbon\2.0.0.RELEASE\spring-cloud-starter-netflix-ribbon-2.0.0.RELEASE.jar;C:\Windows\system32\config\systemprofile\.m2\repository\com\netflix\ribbon\ribbon\2.2.5\ribbon-2.2.5.jar;C:\Windows\system32\config\systemprofile\.m2\repository\com\netflix\ribbon\ribbon-transport\2.2.5\ribbon-transport-2.2.5.jar;C:\Windows\system32\config\systemprofile\.m2\repository\io\reactivex\rxnetty-contexts\0.4.9\rxnetty-contexts-0.4.9.jar;C:\Windows\system32\config\systemprofile\.m2\repository\io\reactivex\rxnetty-servo\0.4.9\rxnetty-servo-0.4.9.jar;C:\Windows\system32\config\systemprofile\.m2\repository\com\netflix\hystrix\hystrix-core\1.5.12\hystrix-core-1.5.12.jar;C:\Windows\system32\config\systemprofile\.m2\repository\io\reactivex\rxnetty\0.4.9\rxnetty-0.4.9.jar;C:\Windows\system32\config\systemprofile\.m2\repository\io\netty\netty-codec-http\4.1.31.Final\netty-codec-http-4.1.31.Final.jar;C:\Windows\system32\config\systemprofile\.m2\repository\io\netty\netty-codec\4.1.31.Final\netty-codec-4.1.31.Final.jar;C:\Windows\system32\config\systemprofile\.m2\repository\io\netty\netty-transport-native-epoll\4.1.31.Final\netty-transport-native-epoll-4.1.31.Final.jar;C:\Windows\system32\config\systemprofile\.m2\repository\io\netty\netty-common\4.1.31.Final\netty-common-4.1.31.Final.jar;C:\Windows\system32\config\systemprofile\.m2\repository\io\netty\netty-buffer\4.1.31.Final\netty-buffer-4.1.31.Final.jar;C:\Windows\system32\config\systemprofile\.m2\repository\io\netty\netty-transport-native-unix-common\4.1.31.Final\netty-transport-native-unix-common-4.1.31.Final.jar;C:\Windows\system32\config\systemprofile\.m2\repository\io\netty\netty-transport\4.1.31.Final\netty-transport-4.1.31.Final.jar;C:\Windows\system32\config\systemprofile\.m2\repository\io\netty\netty-resolver\4.1.31.Final\netty-resolver-4.1.31.Final.jar;C:\Windows\system32\config\systemprofile\.m2\repository\com\netflix\ribbon\ribbon-core\2.2.5\ribbon-core-2.2.5.jar;C:\Windows\system32\config\systemprofile\.m2\repository\com\netflix\ribbon\ribbon-httpclient\2.2.5\ribbon-httpclient-2.2.5.jar;C:\Windows\system32\config\systemprofile\.m2\repository\commons-collections\commons-collections\3.2.2\commons-collections-3.2.2.jar;C:\Windows\system32\config\systemprofile\.m2\repository\com\netflix\netflix-commons\netflix-commons-util\0.3.0\netflix-commons-util-0.3.0.jar;C:\Windows\system32\config\systemprofile\.m2\repository\com\netflix\ribbon\ribbon-loadbalancer\2.2.5\ribbon-loadbalancer-2.2.5.jar;C:\Windows\system32\config\systemprofile\.m2\repository\com\netflix\netflix-commons\netflix-statistics\0.1.1\netflix-statistics-0.1.1.jar;C:\Windows\system32\config\systemprofile\.m2\repository\io\reactivex\rxjava\1.2.0\rxjava-1.2.0.jar;C:\Windows\system32\config\systemprofile\.m2\repository\com\netflix\ribbon\ribbon-eureka\2.2.5\ribbon-eureka-2.2.5.jar;C:\Windows\system32\config\systemprofile\.m2\repository\com\thoughtworks\xstream\xstream\1.4.10\xstream-1.4.10.jar;C:\Windows\system32\config\systemprofile\.m2\repository\xmlpull\xmlpull\1.1.3.1\xmlpull-1.1.3.1.jar;C:\Windows\system32\config\systemprofile\.m2\repository\xpp3\xpp3_min\1.1.4c\xpp3_min-1.1.4c.jar;C:\Windows\system32\config\systemprofile\.m2\repository\org\springframework\boot\spring-boot-starter-actuator\2.0.7.RELEASE\spring-boot-starter-actuator-2.0.7.RELEASE.jar;C:\Windows\system32\config\systemprofile\.m2\repository\org\springframework\boot\spring-boot-actuator-autoconfigure\2.0.7.RELEASE\spring-boot-actuator-autoconfigure-2.0.7.RELEASE.jar;C:\Windows\system32\config\systemprofile\.m2\repository\org\springframework\boot\spring-boot-actuator\2.0.7.RELEASE\spring-boot-actuator-2.0.7.RELEASE.jar;C:\Windows\system32\config\systemprofile\.m2\repository\io\micrometer\micrometer-core\1.0.8\micrometer-core-1.0.8.jar;C:\Windows\system32\config\systemprofile\.m2\repository\org\hdrhistogram\HdrHistogram\2.1.10\HdrHistogram-2.1.10.jar;C:\Windows\system32\config\systemprofile\.m2\repository\org\latencyutils\LatencyUtils\2.0.3\LatencyUtils-2.0.3.jar;, java.specification.name=Java Platform API Specification, java.class.version=52.0, sun.management.compiler=HotSpot 64-Bit Tiered Compilers, os.version=6.1, user.home=C:\Windows\system32\config\systemprofile, user.timezone=Asia/Shanghai, java.awt.printerjob=sun.awt.windows.WPrinterJob, file.encoding=GBK, java.specification.version=1.8, java.class.path=D:\practice\letter\article2\target\test-classes;D:\practice\letter\article2\target\classes;D:\practice\letter\service-api\target\letter.jar;C:\Windows\system32\config\systemprofile\.m2\repository\mysql\mysql-connector-java\5.1.47\mysql-connector-java-5.1.47.jar;C:\Windows\system32\config\systemprofile\.m2\repository\com\alibaba\druid\1.0.31\druid-1.0.31.jar;C:\Program Files\Java\jdk1.8.0_201\jre\..\lib\jconsole.jar;C:\Program Files\Java\jdk1.8.0_201\jre\..\lib\tools.jar;C:\Windows\system32\config\systemprofile\.m2\repository\org\mybatis\spring\boot\mybatis-spring-boot-starter\1.3.0\mybatis-spring-boot-starter-1.3.0.jar;C:\Windows\system32\config\systemprofile\.m2\repository\org\springframework\boot\spring-boot-starter\2.0.7.RELEASE\spring-boot-starter-2.0.7.RELEASE.jar;C:\Windows\system32\config\systemprofile\.m2\repository\org\springframework\boot\spring-boot-starter-logging\2.0.7.RELEASE\spring-boot-starter-logging-2.0.7.RELEASE.jar;C:\Windows\system32\config\systemprofile\.m2\repository\ch\qos\logback\logback-classic\1.2.3\logback-classic-1.2.3.jar;C:\Windows\system32\config\systemprofile\.m2\repository\ch\qos\logback\logback-core\1.2.3\logback-core-1.2.3.jar;C:\Windows\system32\config\systemprofile\.m2\repository\org\apache\logging\log4j\log4j-to-slf4j\2.10.0\log4j-to-slf4j-2.10.0.jar;C:\Windows\system32\config\systemprofile\.m2\repository\org\apache\logging\log4j\log4j-api\2.10.0\log4j-api-2.10.0.jar;C:\Windows\system32\config\systemprofile\.m2\repository\org\slf4j\jul-to-slf4j\1.7.25\jul-to-slf4j-1.7.25.jar;C:\Windows\system32\config\systemprofile\.m2\repository\javax\annotation\javax.annotation-api\1.3.2\javax.annotation-api-1.3.2.jar;C:\Windows\system32\config\systemprofile\.m2\repository\org\yaml\snakeyaml\1.19\snakeyaml-1.19.jar;C:\Windows\system32\config\systemprofile\.m2\repository\org\springframework\boot\spring-boot-starter-jdbc\2.0.7.RELEASE\spring-boot-starter-jdbc-2.0.7.RELEASE.jar;C:\Windows\system32\config\systemprofile\.m2\repository\com\zaxxer\HikariCP\2.7.9\HikariCP-2.7.9.jar;C:\Windows\system32\config\systemprofile\.m2\repository\org\springframework\spring-jdbc\5.0.11.RELEASE\spring-jdbc-5.0.11.RELEASE.jar;C:\Windows\system32\config\systemprofile\.m2\repository\org\springframework\spring-tx\5.0.11.RELEASE\spring-tx-5.0.11.RELEASE.jar;C:\Windows\system32\config\systemprofile\.m2\repository\org\mybatis\spring\boot\mybatis-spring-boot-autoconfigure\1.3.0\mybatis-spring-boot-autoconfigure-1.3.0.jar;C:\Windows\system32\config\systemprofile\.m2\repository\org\mybatis\mybatis\3.4.4\mybatis-3.4.4.jar;C:\Windows\system32\config\systemprofile\.m2\repository\org\mybatis\mybatis-spring\1.3.1\mybatis-spring-1.3.1.jar;C:\Windows\system32\config\systemprofile\.m2\repository\org\springframework\boot\spring-boot-starter-web\2.0.7.RELEASE\spring-boot-starter-web-2.0.7.RELEASE.jar;C:\Windows\system32\config\systemprofile\.m2\repository\org\springframework\boot\spring-boot-starter-json\2.0.7.RELEASE\spring-boot-starter-json-2.0.7.RELEASE.jar;C:\Windows\system32\config\systemprofile\.m2\repository\com\fasterxml\jackson\core\jackson-databind\2.9.7\jackson-databind-2.9.7.jar;C:\Windows\system32\config\systemprofile\.m2\repository\com\fasterxml\jackson\datatype\jackson-datatype-jdk8\2.9.7\jackson-datatype-jdk8-2.9.7.jar;C:\Windows\system32\config\systemprofile\.m2\repository\com\fasterxml\jackson\datatype\jackson-datatype-jsr310\2.9.7\jackson-datatype-jsr310-2.9.7.jar;C:\Windows\system32\config\systemprofile\.m2\repository\com\fasterxml\jackson\module\jackson-module-parameter-names\2.9.7\jackson-module-parameter-names-2.9.7.jar;C:\Windows\system32\config\systemprofile\.m2\repository\org\springframework\boot\spring-boot-starter-tomcat\2.0.7.RELEASE\spring-boot-starter-tomcat-2.0.7.RELEASE.jar;C:\Windows\system32\config\systemprofile\.m2\repository\org\apache\tomcat\embed\tomcat-embed-core\8.5.35\tomcat-embed-core-8.5.35.jar;C:\Windows\system32\config\systemprofile\.m2\repository\org\apache\tomcat\embed\tomcat-embed-el\8.5.35\tomcat-embed-el-8.5.35.jar;C:\Windows\system32\config\systemprofile\.m2\repository\org\apache\tomcat\embed\tomcat-embed-websocket\8.5.35\tomcat-embed-websocket-8.5.35.jar;C:\Windows\system32\config\systemprofile\.m2\repository\org\hibernate\validator\hibernate-validator\6.0.13.Final\hibernate-validator-6.0.13.Final.jar;C:\Windows\system32\config\systemprofile\.m2\repository\javax\validation\validation-api\2.0.1.Final\validation-api-2.0.1.Final.jar;C:\Windows\system32\config\systemprofile\.m2\repository\org\jboss\logging\jboss-logging\3.3.2.Final\jboss-logging-3.3.2.Final.jar;C:\Windows\system32\config\systemprofile\.m2\repository\com\fasterxml\classmate\1.3.4\classmate-1.3.4.jar;C:\Windows\system32\config\systemprofile\.m2\repository\org\springframework\spring-web\5.0.11.RELEASE\spring-web-5.0.11.RELEASE.jar;C:\Windows\system32\config\systemprofile\.m2\repository\org\springframework\spring-beans\5.0.11.RELEASE\spring-beans-5.0.11.RELEASE.jar;C:\Windows\system32\config\systemprofile\.m2\repository\org\springframework\spring-webmvc\5.0.11.RELEASE\spring-webmvc-5.0.11.RELEASE.jar;C:\Windows\system32\config\systemprofile\.m2\repository\org\springframework\spring-aop\5.0.11.RELEASE\spring-aop-5.0.11.RELEASE.jar;C:\Windows\system32\config\systemprofile\.m2\repository\org\springframework\spring-context\5.0.11.RELEASE\spring-context-5.0.11.RELEASE.jar;C:\Windows\system32\config\systemprofile\.m2\repository\org\springframework\spring-expression\5.0.11.RELEASE\spring-expression-5.0.11.RELEASE.jar;C:\Windows\system32\config\systemprofile\.m2\repository\org\springframework\boot\spring-boot-starter-test\2.0.7.RELEASE\spring-boot-starter-test-2.0.7.RELEASE.jar;C:\Windows\system32\config\systemprofile\.m2\repository\org\springframework\boot\spring-boot-test\2.0.7.RELEASE\spring-boot-test-2.0.7.RELEASE.jar;C:\Windows\system32\config\systemprofile\.m2\repository\org\springframework\boot\spring-boot-test-autoconfigure\2.0.7.RELEASE\spring-boot-test-autoconfigure-2.0.7.RELEASE.jar;C:\Windows\system32\config\systemprofile\.m2\repository\com\jayway\jsonpath\json-path\2.4.0\json-path-2.4.0.jar;C:\Windows\system32\config\systemprofile\.m2\repository\net\minidev\json-smart\2.3\json-smart-2.3.jar;C:\Windows\system32\config\systemprofile\.m2\repository\net\minidev\accessors-smart\1.2\accessors-smart-1.2.jar;C:\Windows\system32\config\systemprofile\.m2\repository\org\ow2\asm\asm\5.0.4\asm-5.0.4.jar;C:\Windows\system32\config\systemprofile\.m2\repository\org\slf4j\slf4j-api\1.7.25\slf4j-api-1.7.25.jar;C:\Windows\system32\config\systemprofile\.m2\repository\junit\junit\4.12\junit-4.12.jar;C:\Windows\system32\config\systemprofile\.m2\repository\org\assertj\assertj-core\3.9.1\assertj-core-3.9.1.jar;C:\Windows\system32\config\systemprofile\.m2\repository\org\mockito\mockito-core\2.15.0\mockito-core-2.15.0.jar;C:\Windows\system32\config\systemprofile\.m2\repository\net\bytebuddy\byte-buddy\1.7.11\byte-buddy-1.7.11.jar;C:\Windows\system32\config\systemprofile\.m2\repository\net\bytebuddy\byte-buddy-agent\1.7.11\byte-buddy-agent-1.7.11.jar;C:\Windows\system32\config\systemprofile\.m2\repository\org\objenesis\objenesis\2.6\objenesis-2.6.jar;C:\Windows\system32\config\systemprofile\.m2\repository\org\hamcrest\hamcrest-core\1.3\hamcrest-core-1.3.jar;C:\Windows\system32\config\systemprofile\.m2\repository\org\hamcrest\hamcrest-library\1.3\hamcrest-library-1.3.jar;C:\Windows\system32\config\systemprofile\.m2\repository\org\skyscreamer\jsonassert\1.5.0\jsonassert-1.5.0.jar;C:\Windows\system32\config\systemprofile\.m2\repository\com\vaadin\external\google\android-json\0.0.20131108.vaadin1\android-json-0.0.20131108.vaadin1.jar;C:\Windows\system32\config\systemprofile\.m2\repository\org\springframework\spring-core\5.0.11.RELEASE\spring-core-5.0.11.RELEASE.jar;C:\Windows\system32\config\systemprofile\.m2\repository\org\springframework\spring-jcl\5.0.11.RELEASE\spring-jcl-5.0.11.RELEASE.jar;C:\Windows\system32\config\systemprofile\.m2\repository\org\springframework\spring-test\5.0.11.RELEASE\spring-test-5.0.11.RELEASE.jar;C:\Windows\system32\config\systemprofile\.m2\repository\org\xmlunit\xmlunit-core\2.5.1\xmlunit-core-2.5.1.jar;C:\Windows\system32\config\systemprofile\.m2\repository\org\springframework\boot\spring-boot-devtools\2.0.7.RELEASE\spring-boot-devtools-2.0.7.RELEASE.jar;C:\Windows\system32\config\systemprofile\.m2\repository\org\springframework\boot\spring-boot\2.0.7.RELEASE\spring-boot-2.0.7.RELEASE.jar;C:\Windows\system32\config\systemprofile\.m2\repository\org\springframework\boot\spring-boot-autoconfigure\2.0.7.RELEASE\spring-boot-autoconfigure-2.0.7.RELEASE.jar;C:\Windows\system32\config\systemprofile\.m2\repository\org\springframework\cloud\spring-cloud-starter-netflix-eureka-client\2.0.0.RELEASE\spring-cloud-starter-netflix-eureka-client-2.0.0.RELEASE.jar;C:\Windows\system32\config\systemprofile\.m2\repository\org\springframework\cloud\spring-cloud-starter\2.0.0.RELEASE\spring-cloud-starter-2.0.0.RELEASE.jar;C:\Windows\system32\config\systemprofile\.m2\repository\org\springframework\cloud\spring-cloud-context\2.0.0.RELEASE\spring-cloud-context-2.0.0.RELEASE.jar;C:\Windows\system32\config\systemprofile\.m2\repository\org\springframework\security\spring-security-crypto\5.0.10.RELEASE\spring-security-crypto-5.0.10.RELEASE.jar;C:\Windows\system32\config\systemprofile\.m2\repository\org\springframework\cloud\spring-cloud-commons\2.0.0.RELEASE\spring-cloud-commons-2.0.0.RELEASE.jar;C:\Windows\system32\config\systemprofile\.m2\repository\org\springframework\security\spring-security-rsa\1.0.5.RELEASE\spring-security-rsa-1.0.5.RELEASE.jar;C:\Windows\system32\config\systemprofile\.m2\repository\org\bouncycastle\bcpkix-jdk15on\1.56\bcpkix-jdk15on-1.56.jar;C:\Windows\system32\config\systemprofile\.m2\repository\org\bouncycastle\bcprov-jdk15on\1.56\bcprov-jdk15on-1.56.jar;C:\Windows\system32\config\systemprofile\.m2\repository\org\springframework\cloud\spring-cloud-netflix-core\2.0.0.RELEASE\spring-cloud-netflix-core-2.0.0.RELEASE.jar;C:\Windows\system32\config\systemprofile\.m2\repository\org\springframework\boot\spring-boot-starter-aop\2.0.7.RELEASE\spring-boot-starter-aop-2.0.7.RELEASE.jar;C:\Windows\system32\config\systemprofile\.m2\repository\org\aspectj\aspectjweaver\1.8.13\aspectjweaver-1.8.13.jar;C:\Windows\system32\config\systemprofile\.m2\repository\org\springframework\cloud\spring-cloud-netflix-eureka-client\2.0.0.RELEASE\spring-cloud-netflix-eureka-client-2.0.0.RELEASE.jar;C:\Windows\system32\config\systemprofile\.m2\repository\com\netflix\eureka\eureka-client\1.9.2\eureka-client-1.9.2.jar;C:\Windows\system32\config\systemprofile\.m2\repository\org\codehaus\jettison\jettison\1.3.7\jettison-1.3.7.jar;C:\Windows\system32\config\systemprofile\.m2\repository\stax\stax-api\1.0.1\stax-api-1.0.1.jar;C:\Windows\system32\config\systemprofile\.m2\repository\com\netflix\netflix-commons\netflix-eventbus\0.3.0\netflix-eventbus-0.3.0.jar;C:\Windows\system32\config\systemprofile\.m2\repository\com\netflix\netflix-commons\netflix-infix\0.3.0\netflix-infix-0.3.0.jar;C:\Windows\system32\config\systemprofile\.m2\repository\commons-jxpath\commons-jxpath\1.3\commons-jxpath-1.3.jar;C:\Windows\system32\config\systemprofile\.m2\repository\joda-time\joda-time\2.9.9\joda-time-2.9.9.jar;C:\Windows\system32\config\systemprofile\.m2\repository\org\antlr\antlr-runtime\3.4\antlr-runtime-3.4.jar;C:\Windows\system32\config\systemprofile\.m2\repository\org\antlr\stringtemplate\3.2.1\stringtemplate-3.2.1.jar;C:\Windows\system32\config\systemprofile\.m2\repository\antlr\antlr\2.7.7\antlr-2.7.7.jar;C:\Windows\system32\config\systemprofile\.m2\repository\com\google\code\gson\gson\2.8.5\gson-2.8.5.jar;C:\Windows\system32\config\systemprofile\.m2\repository\org\apache\commons\commons-math\2.2\commons-math-2.2.jar;C:\Windows\system32\config\systemprofile\.m2\repository\com\netflix\archaius\archaius-core\0.7.6\archaius-core-0.7.6.jar;C:\Windows\system32\config\systemprofile\.m2\repository\com\google\guava\guava\16.0\guava-16.0.jar;C:\Windows\system32\config\systemprofile\.m2\repository\javax\ws\rs\jsr311-api\1.1.1\jsr311-api-1.1.1.jar;C:\Windows\system32\config\systemprofile\.m2\repository\com\netflix\servo\servo-core\0.12.21\servo-core-0.12.21.jar;C:\Windows\system32\config\systemprofile\.m2\repository\com\sun\jersey\jersey-core\1.19.1\jersey-core-1.19.1.jar;C:\Windows\system32\config\systemprofile\.m2\repository\com\sun\jersey\jersey-client\1.19.1\jersey-client-1.19.1.jar;C:\Windows\system32\config\systemprofile\.m2\repository\com\sun\jersey\contribs\jersey-apache-client4\1.19.1\jersey-apache-client4-1.19.1.jar;C:\Windows\system32\config\systemprofile\.m2\repository\org\apache\httpcomponents\httpclient\4.5.6\httpclient-4.5.6.jar;C:\Windows\system32\config\systemprofile\.m2\repository\org\apache\httpcomponents\httpcore\4.4.10\httpcore-4.4.10.jar;C:\Windows\system32\config\systemprofile\.m2\repository\commons-codec\commons-codec\1.11\commons-codec-1.11.jar;C:\Windows\system32\config\systemprofile\.m2\repository\com\google\inject\guice\4.1.0\guice-4.1.0.jar;C:\Windows\system32\config\systemprofile\.m2\repository\javax\inject\javax.inject\1\javax.inject-1.jar;C:\Windows\system32\config\systemprofile\.m2\repository\aopalliance\aopalliance\1.0\aopalliance-1.0.jar;C:\Windows\system32\config\systemprofile\.m2\repository\com\github\vlsi\compactmap\compactmap\1.2.1\compactmap-1.2.1.jar;C:\Windows\system32\config\systemprofile\.m2\repository\com\github\andrewoma\dexx\dexx-collections\0.2\dexx-collections-0.2.jar;C:\Windows\system32\config\systemprofile\.m2\repository\com\fasterxml\jackson\core\jackson-annotations\2.9.0\jackson-annotations-2.9.0.jar;C:\Windows\system32\config\systemprofile\.m2\repository\com\fasterxml\jackson\core\jackson-core\2.9.7\jackson-core-2.9.7.jar;C:\Windows\system32\config\systemprofile\.m2\repository\com\netflix\eureka\eureka-core\1.9.2\eureka-core-1.9.2.jar;C:\Windows\system32\config\systemprofile\.m2\repository\org\codehaus\woodstox\woodstox-core-asl\4.4.1\woodstox-core-asl-4.4.1.jar;C:\Windows\system32\config\systemprofile\.m2\repository\javax\xml\stream\stax-api\1.0-2\stax-api-1.0-2.jar;C:\Windows\system32\config\systemprofile\.m2\repository\org\codehaus\woodstox\stax2-api\3.1.4\stax2-api-3.1.4.jar;C:\Windows\system32\config\systemprofile\.m2\repository\org\springframework\cloud\spring-cloud-starter-netflix-archaius\2.0.0.RELEASE\spring-cloud-starter-netflix-archaius-2.0.0.RELEASE.jar;C:\Windows\system32\config\systemprofile\.m2\repository\org\springframework\cloud\spring-cloud-netflix-ribbon\2.0.0.RELEASE\spring-cloud-netflix-ribbon-2.0.0.RELEASE.jar;C:\Windows\system32\config\systemprofile\.m2\repository\org\springframework\cloud\spring-cloud-netflix-archaius\2.0.0.RELEASE\spring-cloud-netflix-archaius-2.0.0.RELEASE.jar;C:\Windows\system32\config\systemprofile\.m2\repository\commons-configuration\commons-configuration\1.8\commons-configuration-1.8.jar;C:\Windows\system32\config\systemprofile\.m2\repository\commons-lang\commons-lang\2.6\commons-lang-2.6.jar;C:\Windows\system32\config\systemprofile\.m2\repository\org\springframework\cloud\spring-cloud-starter-netflix-ribbon\2.0.0.RELEASE\spring-cloud-starter-netflix-ribbon-2.0.0.RELEASE.jar;C:\Windows\system32\config\systemprofile\.m2\repository\com\netflix\ribbon\ribbon\2.2.5\ribbon-2.2.5.jar;C:\Windows\system32\config\systemprofile\.m2\repository\com\netflix\ribbon\ribbon-transport\2.2.5\ribbon-transport-2.2.5.jar;C:\Windows\system32\config\systemprofile\.m2\repository\io\reactivex\rxnetty-contexts\0.4.9\rxnetty-contexts-0.4.9.jar;C:\Windows\system32\config\systemprofile\.m2\repository\io\reactivex\rxnetty-servo\0.4.9\rxnetty-servo-0.4.9.jar;C:\Windows\system32\config\systemprofile\.m2\repository\com\netflix\hystrix\hystrix-core\1.5.12\hystrix-core-1.5.12.jar;C:\Windows\system32\config\systemprofile\.m2\repository\io\reactivex\rxnetty\0.4.9\rxnetty-0.4.9.jar;C:\Windows\system32\config\systemprofile\.m2\repository\io\netty\netty-codec-http\4.1.31.Final\netty-codec-http-4.1.31.Final.jar;C:\Windows\system32\config\systemprofile\.m2\repository\io\netty\netty-codec\4.1.31.Final\netty-codec-4.1.31.Final.jar;C:\Windows\system32\config\systemprofile\.m2\repository\io\netty\netty-transport-native-epoll\4.1.31.Final\netty-transport-native-epoll-4.1.31.Final.jar;C:\Windows\system32\config\systemprofile\.m2\repository\io\netty\netty-common\4.1.31.Final\netty-common-4.1.31.Final.jar;C:\Windows\system32\config\systemprofile\.m2\repository\io\netty\netty-buffer\4.1.31.Final\netty-buffer-4.1.31.Final.jar;C:\Windows\system32\config\systemprofile\.m2\repository\io\netty\netty-transport-native-unix-common\4.1.31.Final\netty-transport-native-unix-common-4.1.31.Final.jar;C:\Windows\system32\config\systemprofile\.m2\repository\io\netty\netty-transport\4.1.31.Final\netty-transport-4.1.31.Final.jar;C:\Windows\system32\config\systemprofile\.m2\repository\io\netty\netty-resolver\4.1.31.Final\netty-resolver-4.1.31.Final.jar;C:\Windows\system32\config\systemprofile\.m2\repository\com\netflix\ribbon\ribbon-core\2.2.5\ribbon-core-2.2.5.jar;C:\Windows\system32\config\systemprofile\.m2\repository\com\netflix\ribbon\ribbon-httpclient\2.2.5\ribbon-httpclient-2.2.5.jar;C:\Windows\system32\config\systemprofile\.m2\repository\commons-collections\commons-collections\3.2.2\commons-collections-3.2.2.jar;C:\Windows\system32\config\systemprofile\.m2\repository\com\netflix\netflix-commons\netflix-commons-util\0.3.0\netflix-commons-util-0.3.0.jar;C:\Windows\system32\config\systemprofile\.m2\repository\com\netflix\ribbon\ribbon-loadbalancer\2.2.5\ribbon-loadbalancer-2.2.5.jar;C:\Windows\system32\config\systemprofile\.m2\repository\com\netflix\netflix-commons\netflix-statistics\0.1.1\netflix-statistics-0.1.1.jar;C:\Windows\system32\config\systemprofile\.m2\repository\io\reactivex\rxjava\1.2.0\rxjava-1.2.0.jar;C:\Windows\system32\config\systemprofile\.m2\repository\com\netflix\ribbon\ribbon-eureka\2.2.5\ribbon-eureka-2.2.5.jar;C:\Windows\system32\config\systemprofile\.m2\repository\com\thoughtworks\xstream\xstream\1.4.10\xstream-1.4.10.jar;C:\Windows\system32\config\systemprofile\.m2\repository\xmlpull\xmlpull\1.1.3.1\xmlpull-1.1.3.1.jar;C:\Windows\system32\config\systemprofile\.m2\repository\xpp3\xpp3_min\1.1.4c\xpp3_min-1.1.4c.jar;C:\Windows\system32\config\systemprofile\.m2\repository\org\springframework\boot\spring-boot-starter-actuator\2.0.7.RELEASE\spring-boot-starter-actuator-2.0.7.RELEASE.jar;C:\Windows\system32\config\systemprofile\.m2\repository\org\springframework\boot\spring-boot-actuator-autoconfigure\2.0.7.RELEASE\spring-boot-actuator-autoconfigure-2.0.7.RELEASE.jar;C:\Windows\system32\config\systemprofile\.m2\repository\org\springframework\boot\spring-boot-actuator\2.0.7.RELEASE\spring-boot-actuator-2.0.7.RELEASE.jar;C:\Windows\system32\config\systemprofile\.m2\repository\io\micrometer\micrometer-core\1.0.8\micrometer-core-1.0.8.jar;C:\Windows\system32\config\systemprofile\.m2\repository\org\hdrhistogram\HdrHistogram\2.1.10\HdrHistogram-2.1.10.jar;C:\Windows\system32\config\systemprofile\.m2\repository\org\latencyutils\LatencyUtils\2.0.3\LatencyUtils-2.0.3.jar;, user.name=7FK0RWMELBYQCYU$, java.vm.specification.version=1.8, sun.java.command=D:\practice\letter\article2\target\surefire\surefirebooter3855910599904447566.jar D:\practice\letter\article2\target\surefire\surefire1397264606037217352tmp D:\practice\letter\article2\target\surefire\surefire_16209828819494886836tmp, java.home=C:\Program Files\Java\jdk1.8.0_201\jre, sun.arch.data.model=64, user.language=zh, java.specification.vendor=Oracle Corporation, awt.toolkit=sun.awt.windows.WToolkit, java.vm.info=mixed mode, java.version=1.8.0_201, java.ext.dirs=C:\Program Files\Java\jdk1.8.0_201\jre\lib\ext;C:\Windows\Sun\Java\lib\ext, sun.boot.class.path=C:\Program Files\Java\jdk1.8.0_201\jre\lib\resources.jar;C:\Program Files\Java\jdk1.8.0_201\jre\lib\rt.jar;C:\Program Files\Java\jdk1.8.0_201\jre\lib\sunrsasign.jar;C:\Program Files\Java\jdk1.8.0_201\jre\lib\jsse.jar;C:\Program Files\Java\jdk1.8.0_201\jre\lib\jce.jar;C:\Program Files\Java\jdk1.8.0_201\jre\lib\charsets.jar;C:\Program Files\Java\jdk1.8.0_201\jre\lib\jfr.jar;C:\Program Files\Java\jdk1.8.0_201\jre\classes, java.vendor=Oracle Corporation, localRepository=C:\Windows\system32\config\systemprofile\.m2\repository, file.separator=\, java.vendor.url.bug=http://bugreport.sun.com/bugreport/, sun.io.unicode.encoding=UnicodeLittle, sun.cpu.endian=little, sun.desktop=windows, sun.cpu.isalist=amd64}}, SystemEnvironmentPropertySource@1785397234 {name=&apos;systemEnvironment&apos;, properties={PATH=D:\apache-maven-3.6.0/bin;C:\Program Files\Java\jdk1.8.0_201/bin;C:\Program Files\Java\jdk1.8.0_201/bin;C:\Program Files (x86)\Common Files\Oracle\Java\javapath;C:\Windows\system32;C:\Windows;C:\Windows\System32\Wbem;C:\Windows\System32\WindowsPowerShell\v1.0\;%JAVA_HOME%\bin;C:\Program Files\Git\cmd;, PROCESSOR_LEVEL=21, SYSTEMDRIVE=C:, JAVA_HOM=C:\Program Files\Java\jdk1.8.0_201, RUN_DISPLAY_URL=http://localhost:8080/job/letter/1/display/redirect, FP_NO_HOST_CHECK=NO, HUDSON_HOME=C:\Program Files (x86)\Jenkins, RUN_CHANGES_DISPLAY_URL=http://localhost:8080/job/letter/1/display/redirect?page=changes, JOB_URL=http://localhost:8080/job/letter/, WINSW_SERVICE_ID=Jenkins, HUDSON_COOKIE=1ac1b68b-74fa-487d-8e91-4606b3323833, ALLUSERSPROFILE=C:\ProgramData, PROCESSOR_ARCHITECTURE=AMD64, MAVEN_HOME=D:\apache-maven-3.6.0, PROGRAMFILES=C:\Program Files, PSMODULEPATH=C:\Windows\system32\WindowsPowerShell\v1.0\Modules\, JENKINS_SERVER_COOKIE=e8a5b59b95657b77, PROGRAMDATA=C:\ProgramData, SERVICE_ID=Jenkins, USERNAME=7FK0RWMELBYQCYU$, JENKINS_URL=http://localhost:8080/, BUILD_TAG=jenkins-letter-1, PATHEXT=.COM;.EXE;.BAT;.CMD;.VBS;.VBE;.JS;.JSE;.WSF;.WSH;.MSC, _DFX_INSTALL_UNSIGNED_DRIVER=1, JENKINS_HOME=C:\Program Files (x86)\Jenkins, WINDIR=C:\Windows, NODE_NAME=master, BUILD_DISPLAY_NAME=#1, PROCESSOR_IDENTIFIER=AMD64 Family 21 Model 2 Stepping 0, AuthenticAMD, WINDOWS_TRACING_LOGFILE=C:\BVTBin\Tests\installpackage\csilogfile.log, JOB_DISPLAY_URL=http://localhost:8080/job/letter/display/redirect, M2_HOME=D:\apache-maven-3.6.0, WINSW_EXECUTABLE=C:\Program Files (x86)\Jenkins\jenkins.exe, GIT_BRANCH=origin/master, PUBLIC=C:\Users\Public, LOCALAPPDATA=C:\Windows\system32\config\systemprofile\AppData\Local, COMMONPROGRAMFILES(X86)=C:\Program Files (x86)\Common Files, USERDOMAIN=WORKGROUP, JAVA_HOME=C:\Program Files\Java\jdk1.8.0_201, PROMPT=$P$G, PROGRAMFILES(X86)=C:\Program Files (x86), BUILD_ID=1, BASE=C:\Program Files (x86)\Jenkins, JOB_NAME=letter, WINDOWS_TRACING_FLAGS=3, APPDATA=C:\Windows\system32\config\systemprofile\AppData\Roaming, NODE_LABELS=master, HUDSON_URL=http://localhost:8080/, PROGRAMW6432=C:\Program Files, SYSTEMROOT=C:\Windows, WORKSPACE=C:\Program Files (x86)\Jenkins\workspace\letter, GIT_COMMIT=0e57f92af4f0624d15988ee58d0715780e00d834, OS=Windows_NT, COMMONPROGRAMW6432=C:\Program Files\Common Files, COMPUTERNAME=7FK0RWMELBYQCYU, EXECUTOR_NUMBER=1, COMMONPROGRAMFILES=C:\Program Files\Common Files, COMSPEC=C:\Windows\system32\cmd.exe, HUDSON_SERVER_COOKIE=e8a5b59b95657b77, JOB_BASE_NAME=letter, PROCESSOR_REVISION=0200, =D:=D:\practice\letter\article2, BUILD_NUMBER=1, TEMP=C:\Windows\TEMP, BUILD_URL=http://localhost:8080/job/letter/1/, USERPROFILE=C:\Windows\system32\config\systemprofile, TMP=C:\Windows\TEMP, GIT_URL=https://github.com/shuisheng13/letter.git, NUMBER_OF_PROCESSORS=8}}]
10:59:07.255 [main] DEBUG org.springframework.test.context.support.TestPropertySourceUtils - Adding inlined properties to environment: {spring.jmx.enabled=false, org.springframework.boot.test.context.SpringBootTestContextBootstrapper=true, server.port=-1}
10:59:07.256 [main] DEBUG org.springframework.core.env.StandardEnvironment - Adding PropertySource &apos;Inlined Test Properties&apos; with highest search precedence
2019-04-16 10:59:07.896  INFO 7964 --- [           main] s.c.a.AnnotationConfigApplicationContext : Refreshing org.springframework.context.annotation.AnnotationConfigApplicationContext@4ef74c30: startup date [Tue Apr 16 10:59:07 CST 2019]; root of context hierarchy
2019-04-16 10:59:08.255  INFO 7964 --- [           main] f.a.AutowiredAnnotationBeanPostProcessor : JSR-330 &apos;javax.inject.Inject&apos; annotation found and supported for autowiring
2019-04-16 10:59:08.296  INFO 7964 --- [           main] trationDelegate$BeanPostProcessorChecker : Bean &apos;configurationPropertiesRebinderAutoConfiguration&apos; of type [org.springframework.cloud.autoconfigure.ConfigurationPropertiesRebinderAutoConfiguration$$EnhancerBySpringCGLIB$$18bc9251] is not eligible for getting processed by all BeanPostProcessors (for example: not eligible for auto-proxying)

  .   ____          _            __ _ _
 /\\ / ___&apos;_ __ _ _(_)_ __  __ _ \ \ \ \
( ( )\___ | &apos;_ | &apos;_| | &apos;_ \/ _` | \ \ \ \
 \\/  ___)| |_)| | | | | || (_| |  ) ) ) )
  &apos;  |____| .__|_| |_|_| |_\__, | / / / /
 =========|_|==============|___/=/_/_/_/
 :: Spring Boot ::        (v2.0.7.RELEASE)

2019-04-16 10:59:08.705  INFO 7964 --- [           main] c.y.p.a.product.ProductServiceTest       : No active profile set, falling back to default profiles: default
2019-04-16 10:59:08.709  INFO 7964 --- [           main] o.s.w.c.s.GenericWebApplicationContext   : Refreshing org.springframework.web.context.support.GenericWebApplicationContext@7b64240d: startup date [Tue Apr 16 10:59:08 CST 2019]; parent: org.springframework.context.annotation.AnnotationConfigApplicationContext@4ef74c30
2019-04-16 10:59:09.371  WARN 7964 --- [           main] o.m.s.mapper.ClassPathMapperScanner      : Skipping MapperFactoryBean with name &apos;productMapper&apos; and &apos;com.yhh.article.mapper.ProductMapper&apos; mapperInterface. Bean already defined with the same name!
2019-04-16 10:59:09.371  WARN 7964 --- [           main] o.m.s.mapper.ClassPathMapperScanner      : No MyBatis mapper was found in &apos;[com.yhh.article.mapper]&apos; package. Please check your configuration.
2019-04-16 10:59:10.188  INFO 7964 --- [           main] o.s.cloud.context.scope.GenericScope     : BeanFactory id=4a9ea5f8-d95e-39b9-a141-627be9a3c418
2019-04-16 10:59:10.279  INFO 7964 --- [           main] f.a.AutowiredAnnotationBeanPostProcessor : JSR-330 &apos;javax.inject.Inject&apos; annotation found and supported for autowiring
2019-04-16 10:59:10.431  INFO 7964 --- [           main] trationDelegate$BeanPostProcessorChecker : Bean &apos;org.springframework.transaction.annotation.ProxyTransactionManagementConfiguration&apos; of type [org.springframework.transaction.annotation.ProxyTransactionManagementConfiguration$$EnhancerBySpringCGLIB$$fca28f54] is not eligible for getting processed by all BeanPostProcessors (for example: not eligible for auto-proxying)
2019-04-16 10:59:10.479  INFO 7964 --- [           main] trationDelegate$BeanPostProcessorChecker : Bean &apos;org.springframework.cloud.autoconfigure.ConfigurationPropertiesRebinderAutoConfiguration&apos; of type [org.springframework.cloud.autoconfigure.ConfigurationPropertiesRebinderAutoConfiguration$$EnhancerBySpringCGLIB$$18bc9251] is not eligible for getting processed by all BeanPostProcessors (for example: not eligible for auto-proxying)
2019-04-16 10:59:10.615  WARN 7964 --- [           main] o.s.w.c.s.GenericWebApplicationContext   : Exception encountered during context initialization - cancelling refresh attempt: org.springframework.beans.factory.BeanCreationException: Error creating bean with name &apos;productController&apos;: Injection of resource dependencies failed; nested exception is org.springframework.beans.factory.BeanCreationException: Error creating bean with name &apos;productServiceImpl&apos;: Injection of resource dependencies failed; nested exception is org.springframework.beans.factory.UnsatisfiedDependencyException: Error creating bean with name &apos;productMapper&apos; defined in file [D:\practice\letter\article2\target\classes\com\yhh\article\mapper\ProductMapper.class]: Unsatisfied dependency expressed through bean property &apos;sqlSessionFactory&apos;; nested exception is org.springframework.beans.factory.UnsatisfiedDependencyException: Error creating bean with name &apos;sqlSessionFactory&apos; defined in class path resource [org/mybatis/spring/boot/autoconfigure/MybatisAutoConfiguration.class]: Unsatisfied dependency expressed through method &apos;sqlSessionFactory&apos; parameter 0; nested exception is org.springframework.beans.factory.BeanCreationException: Error creating bean with name &apos;dataSource&apos; defined in class path resource [org/springframework/boot/autoconfigure/jdbc/DataSourceConfiguration$Generic.class]: Bean instantiation via factory method failed; nested exception is org.springframework.beans.BeanInstantiationException: Failed to instantiate [javax.sql.DataSource]: Factory method &apos;dataSource&apos; threw exception; nested exception is java.lang.IllegalStateException: Cannot load driver class: com.mysql.cj.jdbc.Driver
2019-04-16 10:59:10.635  INFO 7964 --- [           main] ConditionEvaluationReportLoggingListener : 

Error starting ApplicationContext. To display the conditions report re-run your application with &apos;debug&apos; enabled.
2019-04-16 10:59:10.645 ERROR 7964 --- [           main] o.s.boot.SpringApplication               : Application run failed

[...]
	at org.springframework.context.annotation.CommonAnnotationBeanPostProcessor.postProcessPropertyValues(CommonAnnotationBeanPostProcessor.java:321) ~[spring-context-5.0.11.RELEASE.jar:5.0.11.RELEASE]
	at org.springframework.beans.factory.support.AbstractAutowireCapableBeanFactory.populateBean(AbstractAutowireCapableBeanFactory.java:1336) ~[spring-beans-5.0.11.RELEASE.jar:5.0.11.RELEASE]
	at org.springframework.beans.factory.support.AbstractAutowireCapableBeanFactory.doCreateBean(AbstractAutowireCapableBeanFactory.java:572) ~[spring-beans-5.0.11.RELEASE.jar:5.0.11.RELEASE]
	at org.springframework.beans.factory.support.AbstractAutowireCapableBeanFactory.createBean(AbstractAutowireCapableBeanFactory.java:495) ~[spring-beans-5.0.11.RELEASE.jar:5.0.11.RELEASE]
	at org.springframework.beans.factory.support.AbstractBeanFactory.lambda$doGetBean$0(AbstractBeanFactory.java:317) ~[spring-beans-5.0.11.RELEASE.jar:5.0.11.RELEASE]
	at org.springframework.beans.factory.support.DefaultSingletonBeanRegistry.getSingleton(DefaultSingletonBeanRegistry.java:222) ~[spring-beans-5.0.11.RELEASE.jar:5.0.11.RELEASE]
	at org.springframework.beans.factory.support.AbstractBeanFactory.doGetBean(AbstractBeanFactory.java:315) ~[spring-beans-5.0.11.RELEASE.jar:5.0.11.RELEASE]
	at org.springframework.beans.factory.support.AbstractBeanFactory.getBean(AbstractBeanFactory.java:199) ~[spring-beans-5.0.11.RELEASE.jar:5.0.11.RELEASE]
	at org.springframework.beans.factory.support.DefaultListableBeanFactory.preInstantiateSingletons(DefaultListableBeanFactory.java:759) ~[spring-beans-5.0.11.RELEASE.jar:5.0.11.RELEASE]
	at org.springframework.context.support.AbstractApplicationContext.finishBeanFactoryInitialization(AbstractApplicationContext.java:867) ~[spring-context-5.0.11.RELEASE.jar:5.0.11.RELEASE]
	at org.springframework.context.support.AbstractApplicationContext.refresh(AbstractApplicationContext.java:548) ~[spring-context-5.0.11.RELEASE.jar:5.0.11.RELEASE]
	at org.springframework.boot.SpringApplication.refresh(SpringApplication.java:754) ~[spring-boot-2.0.7.RELEASE.jar:2.0.7.RELEASE]
	at org.springframework.boot.SpringApplication.refreshContext(SpringApplication.java:386) ~[spring-boot-2.0.7.RELEASE.jar:2.0.7.RELEASE]
	at org.springframework.boot.SpringApplication.run(SpringApplication.java:307) ~[spring-boot-2.0.7.RELEASE.jar:2.0.7.RELEASE]
	at org.springframework.boot.test.context.SpringBootContextLoader.loadContext(SpringBootContextLoader.java:127) ~[spring-boot-test-2.0.7.RELEASE.jar:2.0.7.RELEASE]
	at org.springframework.test.context.cache.DefaultCacheAwareContextLoaderDelegate.loadContextInternal(DefaultCacheAwareContextLoaderDelegate.java:99) ~[spring-test-5.0.11.RELEASE.jar:5.0.11.RELEASE]
	at org.springframework.test.context.cache.DefaultCacheAwareContextLoaderDelegate.loadContext(DefaultCacheAwareContextLoaderDelegate.java:117) ~[spring-test-5.0.11.RELEASE.jar:5.0.11.RELEASE]
	... 31 common frames omitted
Caused by: org.springframework.beans.factory.BeanCreationException: Error creating bean with name &apos;productServiceImpl&apos;: Injection of resource dependencies failed; nested exception is org.springframework.beans.factory.UnsatisfiedDependencyException: Error creating bean with name &apos;productMapper&apos; defined in file [D:\practice\letter\article2\target\classes\com\yhh\article\mapper\ProductMapper.class]: Unsatisfied dependency expressed through bean property &apos;sqlSessionFactory&apos;; nested exception is org.springframework.beans.factory.UnsatisfiedDependencyException: Error creating bean with name &apos;sqlSessionFactory&apos; defined in class path resource [org/mybatis/spring/boot/autoconfigure/MybatisAutoConfiguration.class]: Unsatisfied dependency expressed through method &apos;sqlSessionFactory&apos; parameter 0; nested exception is org.springframework.beans.factory.BeanCreationException: Error creating bean with name &apos;dataSource&apos; defined in class path resource [org/springframework/boot/autoconfigure/jdbc/DataSourceConfiguration$Generic.class]: Bean instantiation via factory method failed; nested exception is org.springframework.beans.BeanInstantiationException: Failed to instantiate [javax.sql.DataSource]: Factory method &apos;dataSource&apos; threw exception; nested exception is java.lang.IllegalStateException: Cannot load driver class: com.mysql.cj.jdbc.Driver
	at org.springframework.context.annotation.CommonAnnotationBeanPostProcessor.postProcessPropertyValues(CommonAnnotationBeanPostProcessor.java:321) ~[spring-context-5.0.11.RELEASE.jar:5.0.11.RELEASE]
	at org.springframework.beans.factory.support.AbstractAutowireCapableBeanFactory.populateBean(AbstractAutowireCapableBeanFactory.java:1336) ~[spring-beans-5.0.11.RELEASE.jar:5.0.11.RELEASE]
	at org.springframework.beans.factory.support.AbstractAutowireCapableBeanFactory.doCreateBean(AbstractAutowireCapableBeanFactory.java:572) ~[spring-beans-5.0.11.RELEASE.jar:5.0.11.RELEASE]
	at org.springframework.beans.factory.support.AbstractAutowireCapableBeanFactory.createBean(AbstractAutowireCapableBeanFactory.java:495) ~[spring-beans-5.0.11.RELEASE.jar:5.0.11.RELEASE]
	at org.springframework.beans.factory.support.AbstractBeanFactory.lambda$doGetBean$0(AbstractBeanFactory.java:317) ~[spring-beans-5.0.11.RELEASE.jar:5.0.11.RELEASE]
	at org.springframework.beans.factory.support.DefaultSingletonBeanRegistry.getSingleton(DefaultSingletonBeanRegistry.java:222) ~[spring-beans-5.0.11.RELEASE.jar:5.0.11.RELEASE]
	at org.springframework.beans.factory.support.AbstractBeanFactory.doGetBean(AbstractBeanFactory.java:315) ~[spring-beans-5.0.11.RELEASE.jar:5.0.11.RELEASE]
	at org.springframework.beans.factory.support.AbstractBeanFactory.getBean(AbstractBeanFactory.java:199) ~[spring-beans-5.0.11.RELEASE.jar:5.0.11.RELEASE]
	at org.springframework.beans.factory.config.DependencyDescriptor.resolveCandidate(DependencyDescriptor.java:251) ~[spring-beans-5.0.11.RELEASE.jar:5.0.11.RELEASE]
	at org.springframework.beans.factory.support.DefaultListableBeanFactory.doResolveDependency(DefaultListableBeanFactory.java:1135) ~[spring-beans-5.0.11.RELEASE.jar:5.0.11.RELEASE]
	at org.springframework.beans.factory.support.DefaultListableBeanFactory.resolveDependency(DefaultListableBeanFactory.java:1062) ~[spring-beans-5.0.11.RELEASE.jar:5.0.11.RELEASE]
	at org.springframework.context.annotation.CommonAnnotationBeanPostProcessor.autowireResource(CommonAnnotationBeanPostProcessor.java:507) ~[spring-context-5.0.11.RELEASE.jar:5.0.11.RELEASE]
	at org.springframework.context.annotation.CommonAnnotationBeanPostProcessor.getResource(CommonAnnotationBeanPostProcessor.java:485) ~[spring-context-5.0.11.RELEASE.jar:5.0.11.RELEASE]
	at org.springframework.context.annotation.CommonAnnotationBeanPostProcessor$ResourceElement.getResourceToInject(CommonAnnotationBeanPostProcessor.java:619) ~[spring-context-5.0.11.RELEASE.jar:5.0.11.RELEASE]
	at org.springframework.beans.factory.annotation.InjectionMetadata$InjectedElement.inject(InjectionMetadata.java:180) ~[spring-beans-5.0.11.RELEASE.jar:5.0.11.RELEASE]
	at org.springframework.beans.factory.annotation.InjectionMetadata.inject(InjectionMetadata.java:90) ~[spring-beans-5.0.11.RELEASE.jar:5.0.11.RELEASE]
	at org.springframework.context.annotation.CommonAnnotationBeanPostProcessor.postProcessPropertyValues(CommonAnnotationBeanPostProcessor.java:318) ~[spring-context-5.0.11.RELEASE.jar:5.0.11.RELEASE]
	... 47 common frames omitted
Caused by: org.springframework.beans.factory.UnsatisfiedDependencyException: Error creating bean with name &apos;productMapper&apos; defined in file [D:\practice\letter\article2\target\classes\com\yhh\article\mapper\ProductMapper.class]: Unsatisfied dependency expressed through bean property &apos;sqlSessionFactory&apos;; nested exception is org.springframework.beans.factory.UnsatisfiedDependencyException: Error creating bean with name &apos;sqlSessionFactory&apos; defined in class path resource [org/mybatis/spring/boot/autoconfigure/MybatisAutoConfiguration.class]: Unsatisfied dependency expressed through method &apos;sqlSessionFactory&apos; parameter 0; nested exception is org.springframework.beans.factory.BeanCreationException: Error creating bean with name &apos;dataSource&apos; defined in class path resource [org/springframework/boot/autoconfigure/jdbc/DataSourceConfiguration$Generic.class]: Bean instantiation via factory method failed; nested exception is org.springframework.beans.BeanInstantiationException: Failed to instantiate [javax.sql.DataSource]: Factory method &apos;dataSource&apos; threw exception; nested exception is java.lang.IllegalStateException: Cannot load driver class: com.mysql.cj.jdbc.Driver
	at org.springframework.beans.factory.support.AbstractAutowireCapableBeanFactory.autowireByType(AbstractAutowireCapableBeanFactory.java:1431) ~[spring-beans-5.0.11.RELEASE.jar:5.0.11.RELEASE]
	at org.springframework.beans.factory.support.AbstractAutowireCapableBeanFactory.populateBean(AbstractAutowireCapableBeanFactory.java:1319) ~[spring-beans-5.0.11.RELEASE.jar:5.0.11.RELEASE]
	at org.springframework.beans.factory.support.AbstractAutowireCapableBeanFactory.doCreateBean(AbstractAutowireCapableBeanFactory.java:572) ~[spring-beans-5.0.11.RELEASE.jar:5.0.11.RELEASE]
	at org.springframework.beans.factory.support.AbstractAutowireCapableBeanFactory.createBean(AbstractAutowireCapableBeanFactory.java:495) ~[spring-beans-5.0.11.RELEASE.jar:5.0.11.RELEASE]
	at org.springframework.beans.factory.support.AbstractBeanFactory.lambda$doGetBean$0(AbstractBeanFactory.java:317) ~[spring-beans-5.0.11.RELEASE.jar:5.0.11.RELEASE]
	at org.springframework.beans.factory.support.DefaultSingletonBeanRegistry.getSingleton(DefaultSingletonBeanRegistry.java:222) ~[spring-beans-5.0.11.RELEASE.jar:5.0.11.RELEASE]
	at org.springframework.beans.factory.support.AbstractBeanFactory.doGetBean(AbstractBeanFactory.java:315) ~[spring-beans-5.0.11.RELEASE.jar:5.0.11.RELEASE]
	at org.springframework.beans.factory.support.AbstractBeanFactory.getBean(AbstractBeanFactory.java:204) ~[spring-beans-5.0.11.RELEASE.jar:5.0.11.RELEASE]
	at org.springframework.context.annotation.CommonAnnotationBeanPostProcessor.autowireResource(CommonAnnotationBeanPostProcessor.java:514) ~[spring-context-5.0.11.RELEASE.jar:5.0.11.RELEASE]
	at org.springframework.context.annotation.CommonAnnotationBeanPostProcessor.getResource(CommonAnnotationBeanPostProcessor.java:485) ~[spring-context-5.0.11.RELEASE.jar:5.0.11.RELEASE]
	at org.springframework.context.annotation.CommonAnnotationBeanPostProcessor$ResourceElement.getResourceToInject(CommonAnnotationBeanPostProcessor.java:619) ~[spring-context-5.0.11.RELEASE.jar:5.0.11.RELEASE]
	at org.springframework.beans.factory.annotation.InjectionMetadata$InjectedElement.inject(InjectionMetadata.java:180) ~[spring-beans-5.0.11.RELEASE.jar:5.0.11.RELEASE]
	at org.springframework.beans.factory.annotation.InjectionMetadata.inject(InjectionMetadata.java:90) ~[spring-beans-5.0.11.RELEASE.jar:5.0.11.RELEASE]
	at org.springframework.context.annotation.CommonAnnotationBeanPostProcessor.postProcessPropertyValues(CommonAnnotationBeanPostProcessor.java:318) ~[spring-context-5.0.11.RELEASE.jar:5.0.11.RELEASE]
	... 63 common frames omitted
Caused by: org.springframework.beans.factory.UnsatisfiedDependencyException: Error creating bean with name &apos;sqlSessionFactory&apos; defined in class path resource [org/mybatis/spring/boot/autoconfigure/MybatisAutoConfiguration.class]: Unsatisfied dependency expressed through method &apos;sqlSessionFactory&apos; parameter 0; nested exception is org.springframework.beans.factory.BeanCreationException: Error creating bean with name &apos;dataSource&apos; defined in class path resource [org/springframework/boot/autoconfigure/jdbc/DataSourceConfiguration$Generic.class]: Bean instantiation via factory method failed; nested exception is org.springframework.beans.BeanInstantiationException: Failed to instantiate [javax.sql.DataSource]: Factory method &apos;dataSource&apos; threw exception; nested exception is java.lang.IllegalStateException: Cannot load driver class: com.mysql.cj.jdbc.Driver
	at org.springframework.beans.factory.support.ConstructorResolver.createArgumentArray(ConstructorResolver.java:733) ~[spring-beans-5.0.11.RELEASE.jar:5.0.11.RELEASE]
	at org.springframework.beans.factory.support.ConstructorResolver.instantiateUsingFactoryMethod(ConstructorResolver.java:475) ~[spring-beans-5.0.11.RELEASE.jar:5.0.11.RELEASE]
	at org.springframework.beans.factory.support.AbstractAutowireCapableBeanFactory.instantiateUsingFactoryMethod(AbstractAutowireCapableBeanFactory.java:1246) ~[spring-beans-5.0.11.RELEASE.jar:5.0.11.RELEASE]
	at org.springframework.beans.factory.support.AbstractAutowireCapableBeanFactory.createBeanInstance(AbstractAutowireCapableBeanFactory.java:1096) ~[spring-beans-5.0.11.RELEASE.jar:5.0.11.RELEASE]
	at org.springframework.beans.factory.support.AbstractAutowireCapableBeanFactory.doCreateBean(AbstractAutowireCapableBeanFactory.java:535) ~[spring-beans-5.0.11.RELEASE.jar:5.0.11.RELEASE]
	at org.springframework.beans.factory.support.AbstractAutowireCapableBeanFactory.createBean(AbstractAutowireCapableBeanFactory.java:495) ~[spring-beans-5.0.11.RELEASE.jar:5.0.11.RELEASE]
	at org.springframework.beans.factory.support.AbstractBeanFactory.lambda$doGetBean$0(AbstractBeanFactory.java:317) ~[spring-beans-5.0.11.RELEASE.jar:5.0.11.RELEASE]
	at org.springframework.beans.factory.support.DefaultSingletonBeanRegistry.getSingleton(DefaultSingletonBeanRegistry.java:222) ~[spring-beans-5.0.11.RELEASE.jar:5.0.11.RELEASE]
	at org.springframework.beans.factory.support.AbstractBeanFactory.doGetBean(AbstractBeanFactory.java:315) ~[spring-beans-5.0.11.RELEASE.jar:5.0.11.RELEASE]
	at org.springframework.beans.factory.support.AbstractBeanFactory.getBean(AbstractBeanFactory.java:199) ~[spring-beans-5.0.11.RELEASE.jar:5.0.11.RELEASE]
	at org.springframework.beans.factory.config.DependencyDescriptor.resolveCandidate(DependencyDescriptor.java:251) ~[spring-beans-5.0.11.RELEASE.jar:5.0.11.RELEASE]
	at org.springframework.beans.factory.support.DefaultListableBeanFactory.doResolveDependency(DefaultListableBeanFactory.java:1135) ~[spring-beans-5.0.11.RELEASE.jar:5.0.11.RELEASE]
	at org.springframework.beans.factory.support.DefaultListableBeanFactory.resolveDependency(DefaultListableBeanFactory.java:1062) ~[spring-beans-5.0.11.RELEASE.jar:5.0.11.RELEASE]
	at org.springframework.beans.factory.support.AbstractAutowireCapableBeanFactory.autowireByType(AbstractAutowireCapableBeanFactory.java:1416) ~[spring-beans-5.0.11.RELEASE.jar:5.0.11.RELEASE]
	... 76 common frames omitted
Caused by: org.springframework.beans.factory.BeanCreationException: Error creating bean with name &apos;dataSource&apos; defined in class path resource [org/springframework/boot/autoconfigure/jdbc/DataSourceConfiguration$Generic.class]: Bean instantiation via factory method failed; nested exception is org.springframework.beans.BeanInstantiationException: Failed to instantiate [javax.sql.DataSource]: Factory method &apos;dataSource&apos; threw exception; nested exception is java.lang.IllegalStateException: Cannot load driver class: com.mysql.cj.jdbc.Driver
	at org.springframework.beans.factory.support.ConstructorResolver.instantiateUsingFactoryMethod(ConstructorResolver.java:591) ~[spring-beans-5.0.11.RELEASE.jar:5.0.11.RELEASE]
	at org.springframework.beans.factory.support.AbstractAutowireCapableBeanFactory.instantiateUsingFactoryMethod(AbstractAutowireCapableBeanFactory.java:1246) ~[spring-beans-5.0.11.RELEASE.jar:5.0.11.RELEASE]
	at org.springframework.beans.factory.support.AbstractAutowireCapableBeanFactory.createBeanInstance(AbstractAutowireCapableBeanFactory.java:1096) ~[spring-beans-5.0.11.RELEASE.jar:5.0.11.RELEASE]
	at org.springframework.beans.factory.support.AbstractAutowireCapableBeanFactory.doCreateBean(AbstractAutowireCapableBeanFactory.java:535) ~[spring-beans-5.0.11.RELEASE.jar:5.0.11.RELEASE]
	at org.springframework.beans.factory.support.AbstractAutowireCapableBeanFactory.createBean(AbstractAutowireCapableBeanFactory.java:495) ~[spring-beans-5.0.11.RELEASE.jar:5.0.11.RELEASE]
	at org.springframework.beans.factory.support.AbstractBeanFactory.lambda$doGetBean$0(AbstractBeanFactory.java:317) ~[spring-beans-5.0.11.RELEASE.jar:5.0.11.RELEASE]
	at org.springframework.beans.factory.support.DefaultSingletonBeanRegistry.getSingleton(DefaultSingletonBeanRegistry.java:222) ~[spring-beans-5.0.11.RELEASE.jar:5.0.11.RELEASE]
	at org.springframework.beans.factory.support.AbstractBeanFactory.doGetBean(AbstractBeanFactory.java:315) ~[spring-beans-5.0.11.RELEASE.jar:5.0.11.RELEASE]
	at org.springframework.beans.factory.support.AbstractBeanFactory.getBean(AbstractBeanFactory.java:199) ~[spring-beans-5.0.11.RELEASE.jar:5.0.11.RELEASE]
	at org.springframework.beans.factory.config.DependencyDescriptor.resolveCandidate(DependencyDescriptor.java:251) ~[spring-beans-5.0.11.RELEASE.jar:5.0.11.RELEASE]
	at org.springframework.beans.factory.support.DefaultListableBeanFactory.doResolveDependency(DefaultListableBeanFactory.java:1135) ~[spring-beans-5.0.11.RELEASE.jar:5.0.11.RELEASE]
	at org.springframework.beans.factory.support.DefaultListableBeanFactory.resolveDependency(DefaultListableBeanFactory.java:1062) ~[spring-beans-5.0.11.RELEASE.jar:5.0.11.RELEASE]
	at org.springframework.beans.factory.support.ConstructorResolver.resolveAutowiredArgument(ConstructorResolver.java:819) ~[spring-beans-5.0.11.RELEASE.jar:5.0.11.RELEASE]
	at org.springframework.beans.factory.support.ConstructorResolver.createArgumentArray(ConstructorResolver.java:725) ~[spring-beans-5.0.11.RELEASE.jar:5.0.11.RELEASE]
	... 89 common frames omitted
Caused by: org.springframework.beans.BeanInstantiationException: Failed to instantiate [javax.sql.DataSource]: Factory method &apos;dataSource&apos; threw exception; nested exception is java.lang.IllegalStateException: Cannot load driver class: com.mysql.cj.jdbc.Driver
	at org.springframework.beans.factory.support.SimpleInstantiationStrategy.instantiate(SimpleInstantiationStrategy.java:185) ~[spring-beans-5.0.11.RELEASE.jar:5.0.11.RELEASE]
	at org.springframework.beans.factory.support.ConstructorResolver.instantiateUsingFactoryMethod(ConstructorResolver.java:583) ~[spring-beans-5.0.11.RELEASE.jar:5.0.11.RELEASE]
	... 102 common frames omitted
Caused by: java.lang.IllegalStateException: Cannot load driver class: com.mysql.cj.jdbc.Driver
	at org.springframework.util.Assert.state(Assert.java:94) ~[spring-core-5.0.11.RELEASE.jar:5.0.11.RELEASE]
	at org.springframework.boot.autoconfigure.jdbc.DataSourceProperties.determineDriverClassName(DataSourceProperties.java:224) ~[spring-boot-autoconfigure-2.0.7.RELEASE.jar:2.0.7.RELEASE]
	at org.springframework.boot.autoconfigure.jdbc.DataSourceProperties.initializeDataSourceBuilder(DataSourceProperties.java:176) ~[spring-boot-autoconfigure-2.0.7.RELEASE.jar:2.0.7.RELEASE]
	at org.springframework.boot.autoconfigure.jdbc.DataSourceConfiguration$Generic.dataSource(DataSourceConfiguration.java:120) ~[spring-boot-autoconfigure-2.0.7.RELEASE.jar:2.0.7.RELEASE]
	at sun.reflect.NativeMethodAccessorImpl.invoke0(Native Method) ~[na:1.8.0_201]
	at sun.reflect.NativeMethodAccessorImpl.invoke(NativeMethodAccessorImpl.java:62) ~[na:1.8.0_201]
	at sun.reflect.DelegatingMethodAccessorImpl.invoke(DelegatingMethodAccessorImpl.java:43) ~[na:1.8.0_201]
	at java.lang.reflect.Method.invoke(Method.java:498) ~[na:1.8.0_201]
	at org.springframework.beans.factory.support.SimpleInstantiationStrategy.instantiate(SimpleInstantiationStrategy.java:154) ~[spring-beans-5.0.11.RELEASE.jar:5.0.11.RELEASE]
	... 103 common frames omitted

</system-out>
  </testcase>
</testsuite>