<?xml version="1.0" encoding="UTF-8" ?>
<testsuite tests="3" failures="0" name="com.yhh.practice.article.product.ProductServiceTest" time="0.001" errors="3" skipped="0">
  <properties>
[...]
</properties>
  <testcase classname="com.yhh.practice.article.product.ProductServiceTest" name="testAdd" time="0.001">
    <error message="Failed to load ApplicationContext" type="java.lang.IllegalStateException">java.lang.IllegalStateException: Failed to load ApplicationContext
	at org.springframework.test.context.cache.DefaultCacheAwareContextLoaderDelegate.loadContext(DefaultCacheAwareContextLoaderDelegate.java:125)
	at org.springframework.test.context.support.DefaultTestContext.getApplicationContext(DefaultTestContext.java:108)
	at org.springframework.test.context.web.ServletTestExecutionListener.setUpRequestContextIfNecessary(ServletTestExecutionListener.java:190)
	at org.springframework.test.context.web.ServletTestExecutionListener.prepareTestInstance(ServletTestExecutionListener.java:132)
	at org.springframework.test.context.TestContextManager.prepareTestInstance(TestContextManager.java:246)
	at org.springframework.test.context.junit4.SpringJUnit4ClassRunner.createTest(SpringJUnit4ClassRunner.java:227)
	at org.springframework.test.context.junit4.SpringJUnit4ClassRunner$1.runReflectiveCall(SpringJUnit4ClassRunner.java:289)
	at org.junit.internal.runners.model.ReflectiveCallable.run(ReflectiveCallable.java:12)
	at org.springframework.test.context.junit4.SpringJUnit4ClassRunner.methodBlock(SpringJUnit4ClassRunner.java:291)
	at org.springframework.test.context.junit4.SpringJUnit4ClassRunner.runChild(SpringJUnit4ClassRunner.java:246)
	at org.springframework.test.context.junit4.SpringJUnit4ClassRunner.runChild(SpringJUnit4ClassRunner.java:97)
	at org.junit.runners.ParentRunner$3.run(ParentRunner.java:290)
	at org.junit.runners.ParentRunner$1.schedule(ParentRunner.java:71)
	at org.junit.runners.ParentRunner.runChildren(ParentRunner.java:288)
	at org.junit.runners.ParentRunner.access$000(ParentRunner.java:58)
	at org.junit.runners.ParentRunner$2.evaluate(ParentRunner.java:268)
	at org.springframework.test.context.junit4.statements.RunBeforeTestClassCallbacks.evaluate(RunBeforeTestClassCallbacks.java:61)
	at org.springframework.test.context.junit4.statements.RunAfterTestClassCallbacks.evaluate(RunAfterTestClassCallbacks.java:70)
	at org.junit.runners.ParentRunner.run(ParentRunner.java:363)
	at org.springframework.test.context.junit4.SpringJUnit4ClassRunner.run(SpringJUnit4ClassRunner.java:190)
	at org.apache.maven.surefire.junit4.JUnit4Provider.execute(JUnit4Provider.java:252)
	at org.apache.maven.surefire.junit4.JUnit4Provider.executeTestSet(JUnit4Provider.java:141)
	at org.apache.maven.surefire.junit4.JUnit4Provider.invoke(JUnit4Provider.java:112)
	at sun.reflect.NativeMethodAccessorImpl.invoke0(Native Method)
	at sun.reflect.NativeMethodAccessorImpl.invoke(NativeMethodAccessorImpl.java:62)
	at sun.reflect.DelegatingMethodAccessorImpl.invoke(DelegatingMethodAccessorImpl.java:43)
	at java.lang.reflect.Method.invoke(Method.java:498)
	at org.apache.maven.surefire.util.ReflectionUtils.invokeMethodWithArray(ReflectionUtils.java:189)
	at org.apache.maven.surefire.booter.ProviderFactory$ProviderProxy.invoke(ProviderFactory.java:165)
	at org.apache.maven.surefire.booter.ProviderFactory.invokeProvider(ProviderFactory.java:85)
	at org.apache.maven.surefire.booter.ForkedBooter.runSuitesInProcess(ForkedBooter.java:115)
	at org.apache.maven.surefire.booter.ForkedBooter.main(ForkedBooter.java:75)
Caused by: org.springframework.beans.factory.BeanCreationException: Error creating bean with name &apos;productController&apos;: Injection of resource dependencies failed; nested exception is org.springframework.beans.factory.BeanCreationException: Error creating bean with name &apos;productServiceImpl&apos;: Injection of resource dependencies failed; nested exception is org.springframework.beans.factory.UnsatisfiedDependencyException: Error creating bean with name &apos;productMapper&apos; defined in file [E:\practice\letter\article\target\classes\com\yhh\article\mapper\ProductMapper.class]: Unsatisfied dependency expressed through bean property &apos;sqlSessionFactory&apos;; nested exception is org.springframework.beans.factory.UnsatisfiedDependencyException: Error creating bean with name &apos;sqlSessionFactory&apos; defined in class path resource [org/mybatis/spring/boot/autoconfigure/MybatisAutoConfiguration.class]: Unsatisfied dependency expressed through method &apos;sqlSessionFactory&apos; parameter 0; nested exception is org.springframework.beans.factory.BeanCreationException: Error creating bean with name &apos;dataSource&apos; defined in class path resource [org/springframework/boot/autoconfigure/jdbc/DataSourceConfiguration$Generic.class]: Bean instantiation via factory method failed; nested exception is org.springframework.beans.BeanInstantiationException: Failed to instantiate [javax.sql.DataSource]: Factory method &apos;dataSource&apos; threw exception; nested exception is java.lang.IllegalStateException: Cannot load driver class: com.mysql.cj.jdbc.Driver
	at org.springframework.context.annotation.CommonAnnotationBeanPostProcessor.postProcessPropertyValues(CommonAnnotationBeanPostProcessor.java:321)
	at org.springframework.beans.factory.support.AbstractAutowireCapableBeanFactory.populateBean(AbstractAutowireCapableBeanFactory.java:1336)
	at org.springframework.beans.factory.support.AbstractAutowireCapableBeanFactory.doCreateBean(AbstractAutowireCapableBeanFactory.java:572)
	at org.springframework.beans.factory.support.AbstractAutowireCapableBeanFactory.createBean(AbstractAutowireCapableBeanFactory.java:495)
	at org.springframework.beans.factory.support.AbstractBeanFactory.lambda$doGetBean$0(AbstractBeanFactory.java:317)
	at org.springframework.beans.factory.support.DefaultSingletonBeanRegistry.getSingleton(DefaultSingletonBeanRegistry.java:222)
	at org.springframework.beans.factory.support.AbstractBeanFactory.doGetBean(AbstractBeanFactory.java:315)
	at org.springframework.beans.factory.support.AbstractBeanFactory.getBean(AbstractBeanFactory.java:199)
	at org.springframework.beans.factory.support.DefaultListableBeanFactory.preInstantiateSingletons(DefaultListableBeanFactory.java:759)
	at org.springframework.context.support.AbstractApplicationContext.finishBeanFactoryInitialization(AbstractApplicationContext.java:867)
	at org.springframework.context.support.AbstractApplicationContext.refresh(AbstractApplicationContext.java:548)
	at org.springframework.boot.SpringApplication.refresh(SpringApplication.java:754)
	at org.springframework.boot.SpringApplication.refreshContext(SpringApplication.java:386)
	at org.springframework.boot.SpringApplication.run(SpringApplication.java:307)
	at org.springframework.boot.test.context.SpringBootContextLoader.loadContext(SpringBootContextLoader.java:127)
	at org.springframework.test.context.cache.DefaultCacheAwareContextLoaderDelegate.loadContextInternal(DefaultCacheAwareContextLoaderDelegate.java:99)
	at org.springframework.test.context.cache.DefaultCacheAwareContextLoaderDelegate.loadContext(DefaultCacheAwareContextLoaderDelegate.java:117)
	... 31 more
Caused by: org.springframework.beans.factory.BeanCreationException: Error creating bean with name &apos;productServiceImpl&apos;: Injection of resource dependencies failed; nested exception is org.springframework.beans.factory.UnsatisfiedDependencyException: Error creating bean with name &apos;productMapper&apos; defined in file [E:\practice\letter\article\target\classes\com\yhh\article\mapper\ProductMapper.class]: Unsatisfied dependency expressed through bean property &apos;sqlSessionFactory&apos;; nested exception is org.springframework.beans.factory.UnsatisfiedDependencyException: Error creating bean with name &apos;sqlSessionFactory&apos; defined in class path resource [org/mybatis/spring/boot/autoconfigure/MybatisAutoConfiguration.class]: Unsatisfied dependency expressed through method &apos;sqlSessionFactory&apos; parameter 0; nested exception is org.springframework.beans.factory.BeanCreationException: Error creating bean with name &apos;dataSource&apos; defined in class path resource [org/springframework/boot/autoconfigure/jdbc/DataSourceConfiguration$Generic.class]: Bean instantiation via factory method failed; nested exception is org.springframework.beans.BeanInstantiationException: Failed to instantiate [javax.sql.DataSource]: Factory method &apos;dataSource&apos; threw exception; nested exception is java.lang.IllegalStateException: Cannot load driver class: com.mysql.cj.jdbc.Driver
	at org.springframework.context.annotation.CommonAnnotationBeanPostProcessor.postProcessPropertyValues(CommonAnnotationBeanPostProcessor.java:321)
	at org.springframework.beans.factory.support.AbstractAutowireCapableBeanFactory.populateBean(AbstractAutowireCapableBeanFactory.java:1336)
	at org.springframework.beans.factory.support.AbstractAutowireCapableBeanFactory.doCreateBean(AbstractAutowireCapableBeanFactory.java:572)
	at org.springframework.beans.factory.support.AbstractAutowireCapableBeanFactory.createBean(AbstractAutowireCapableBeanFactory.java:495)
	at org.springframework.beans.factory.support.AbstractBeanFactory.lambda$doGetBean$0(AbstractBeanFactory.java:317)
	at org.springframework.beans.factory.support.DefaultSingletonBeanRegistry.getSingleton(DefaultSingletonBeanRegistry.java:222)
	at org.springframework.beans.factory.support.AbstractBeanFactory.doGetBean(AbstractBeanFactory.java:315)
	at org.springframework.beans.factory.support.AbstractBeanFactory.getBean(AbstractBeanFactory.java:199)
	at org.springframework.beans.factory.config.DependencyDescriptor.resolveCandidate(DependencyDescriptor.java:251)
	at org.springframework.beans.factory.support.DefaultListableBeanFactory.doResolveDependency(DefaultListableBeanFactory.java:1135)
	at org.springframework.beans.factory.support.DefaultListableBeanFactory.resolveDependency(DefaultListableBeanFactory.java:1062)
	at org.springframework.context.annotation.CommonAnnotationBeanPostProcessor.autowireResource(CommonAnnotationBeanPostProcessor.java:507)
	at org.springframework.context.annotation.CommonAnnotationBeanPostProcessor.getResource(CommonAnnotationBeanPostProcessor.java:485)
	at org.springframework.context.annotation.CommonAnnotationBeanPostProcessor$ResourceElement.getResourceToInject(CommonAnnotationBeanPostProcessor.java:619)
	at org.springframework.beans.factory.annotation.InjectionMetadata$InjectedElement.inject(InjectionMetadata.java:180)
	at org.springframework.beans.factory.annotation.InjectionMetadata.inject(InjectionMetadata.java:90)
	at org.springframework.context.annotation.CommonAnnotationBeanPostProcessor.postProcessPropertyValues(CommonAnnotationBeanPostProcessor.java:318)
	... 47 more
Caused by: org.springframework.beans.factory.UnsatisfiedDependencyException: Error creating bean with name &apos;productMapper&apos; defined in file [E:\practice\letter\article\target\classes\com\yhh\article\mapper\ProductMapper.class]: Unsatisfied dependency expressed through bean property &apos;sqlSessionFactory&apos;; nested exception is org.springframework.beans.factory.UnsatisfiedDependencyException: Error creating bean with name &apos;sqlSessionFactory&apos; defined in class path resource [org/mybatis/spring/boot/autoconfigure/MybatisAutoConfiguration.class]: Unsatisfied dependency expressed through method &apos;sqlSessionFactory&apos; parameter 0; nested exception is org.springframework.beans.factory.BeanCreationException: Error creating bean with name &apos;dataSource&apos; defined in class path resource [org/springframework/boot/autoconfigure/jdbc/DataSourceConfiguration$Generic.class]: Bean instantiation via factory method failed; nested exception is org.springframework.beans.BeanInstantiationException: Failed to instantiate [javax.sql.DataSource]: Factory method &apos;dataSource&apos; threw exception; nested exception is java.lang.IllegalStateException: Cannot load driver class: com.mysql.cj.jdbc.Driver
	at org.springframework.beans.factory.support.AbstractAutowireCapableBeanFactory.autowireByType(AbstractAutowireCapableBeanFactory.java:1431)
	at org.springframework.beans.factory.support.AbstractAutowireCapableBeanFactory.populateBean(AbstractAutowireCapableBeanFactory.java:1319)
	at org.springframework.beans.factory.support.AbstractAutowireCapableBeanFactory.doCreateBean(AbstractAutowireCapableBeanFactory.java:572)
	at org.springframework.beans.factory.support.AbstractAutowireCapableBeanFactory.createBean(AbstractAutowireCapableBeanFactory.java:495)
	at org.springframework.beans.factory.support.AbstractBeanFactory.lambda$doGetBean$0(AbstractBeanFactory.java:317)
	at org.springframework.beans.factory.support.DefaultSingletonBeanRegistry.getSingleton(DefaultSingletonBeanRegistry.java:222)
	at org.springframework.beans.factory.support.AbstractBeanFactory.doGetBean(AbstractBeanFactory.java:315)
	at org.springframework.beans.factory.support.AbstractBeanFactory.getBean(AbstractBeanFactory.java:204)
	at org.springframework.context.annotation.CommonAnnotationBeanPostProcessor.autowireResource(CommonAnnotationBeanPostProcessor.java:514)
	at org.springframework.context.annotation.CommonAnnotationBeanPostProcessor.getResource(CommonAnnotationBeanPostProcessor.java:485)
	at org.springframework.context.annotation.CommonAnnotationBeanPostProcessor$ResourceElement.getResourceToInject(CommonAnnotationBeanPostProcessor.java:619)
	at org.springframework.beans.factory.annotation.InjectionMetadata$InjectedElement.inject(InjectionMetadata.java:180)
	at org.springframework.beans.factory.annotation.InjectionMetadata.inject(InjectionMetadata.java:90)
	at org.springframework.context.annotation.CommonAnnotationBeanPostProcessor.postProcessPropertyValues(CommonAnnotationBeanPostProcessor.java:318)
	... 63 more
Caused by: org.springframework.beans.factory.UnsatisfiedDependencyException: Error creating bean with name &apos;sqlSessionFactory&apos; defined in class path resource [org/mybatis/spring/boot/autoconfigure/MybatisAutoConfiguration.class]: Unsatisfied dependency expressed through method &apos;sqlSessionFactory&apos; parameter 0; nested exception is org.springframework.beans.factory.BeanCreationException: Error creating bean with name &apos;dataSource&apos; defined in class path resource [org/springframework/boot/autoconfigure/jdbc/DataSourceConfiguration$Generic.class]: Bean instantiation via factory method failed; nested exception is org.springframework.beans.BeanInstantiationException: Failed to instantiate [javax.sql.DataSource]: Factory method &apos;dataSource&apos; threw exception; nested exception is java.lang.IllegalStateException: Cannot load driver class: com.mysql.cj.jdbc.Driver
	at org.springframework.beans.factory.support.ConstructorResolver.createArgumentArray(ConstructorResolver.java:733)
	at org.springframework.beans.factory.support.ConstructorResolver.instantiateUsingFactoryMethod(ConstructorResolver.java:475)
	at org.springframework.beans.factory.support.AbstractAutowireCapableBeanFactory.instantiateUsingFactoryMethod(AbstractAutowireCapableBeanFactory.java:1246)
	at org.springframework.beans.factory.support.AbstractAutowireCapableBeanFactory.createBeanInstance(AbstractAutowireCapableBeanFactory.java:1096)
	at org.springframework.beans.factory.support.AbstractAutowireCapableBeanFactory.doCreateBean(AbstractAutowireCapableBeanFactory.java:535)
	at org.springframework.beans.factory.support.AbstractAutowireCapableBeanFactory.createBean(AbstractAutowireCapableBeanFactory.java:495)
	at org.springframework.beans.factory.support.AbstractBeanFactory.lambda$doGetBean$0(AbstractBeanFactory.java:317)
	at org.springframework.beans.factory.support.DefaultSingletonBeanRegistry.getSingleton(DefaultSingletonBeanRegistry.java:222)
	at org.springframework.beans.factory.support.AbstractBeanFactory.doGetBean(AbstractBeanFactory.java:315)
	at org.springframework.beans.factory.support.AbstractBeanFactory.getBean(AbstractBeanFactory.java:199)
	at org.springframework.beans.factory.config.DependencyDescriptor.resolveCandidate(DependencyDescriptor.java:251)
	at org.springframework.beans.factory.support.DefaultListableBeanFactory.doResolveDependency(DefaultListableBeanFactory.java:1135)
	at org.springframework.beans.factory.support.DefaultListableBeanFactory.resolveDependency(DefaultListableBeanFactory.java:1062)
	at org.springframework.beans.factory.support.AbstractAutowireCapableBeanFactory.autowireByType(AbstractAutowireCapableBeanFactory.java:1416)
	... 76 more
Caused by: org.springframework.beans.factory.BeanCreationException: Error creating bean with name &apos;dataSource&apos; defined in class path resource [org/springframework/boot/autoconfigure/jdbc/DataSourceConfiguration$Generic.class]: Bean instantiation via factory method failed; nested exception is org.springframework.beans.BeanInstantiationException: Failed to instantiate [javax.sql.DataSource]: Factory method &apos;dataSource&apos; threw exception; nested exception is java.lang.IllegalStateException: Cannot load driver class: com.mysql.cj.jdbc.Driver
	at org.springframework.beans.factory.support.ConstructorResolver.instantiateUsingFactoryMethod(ConstructorResolver.java:591)
	at org.springframework.beans.factory.support.AbstractAutowireCapableBeanFactory.instantiateUsingFactoryMethod(AbstractAutowireCapableBeanFactory.java:1246)
	at org.springframework.beans.factory.support.AbstractAutowireCapableBeanFactory.createBeanInstance(AbstractAutowireCapableBeanFactory.java:1096)
	at org.springframework.beans.factory.support.AbstractAutowireCapableBeanFactory.doCreateBean(AbstractAutowireCapableBeanFactory.java:535)
	at org.springframework.beans.factory.support.AbstractAutowireCapableBeanFactory.createBean(AbstractAutowireCapableBeanFactory.java:495)
	at org.springframework.beans.factory.support.AbstractBeanFactory.lambda$doGetBean$0(AbstractBeanFactory.java:317)
	at org.springframework.beans.factory.support.DefaultSingletonBeanRegistry.getSingleton(DefaultSingletonBeanRegistry.java:222)
	at org.springframework.beans.factory.support.AbstractBeanFactory.doGetBean(AbstractBeanFactory.java:315)
	at org.springframework.beans.factory.support.AbstractBeanFactory.getBean(AbstractBeanFactory.java:199)
	at org.springframework.beans.factory.config.DependencyDescriptor.resolveCandidate(DependencyDescriptor.java:251)
	at org.springframework.beans.factory.support.DefaultListableBeanFactory.doResolveDependency(DefaultListableBeanFactory.java:1135)
	at org.springframework.beans.factory.support.DefaultListableBeanFactory.resolveDependency(DefaultListableBeanFactory.java:1062)
	at org.springframework.beans.factory.support.ConstructorResolver.resolveAutowiredArgument(ConstructorResolver.java:819)
	at org.springframework.beans.factory.support.ConstructorResolver.createArgumentArray(ConstructorResolver.java:725)
	... 89 more
Caused by: org.springframework.beans.BeanInstantiationException: Failed to instantiate [javax.sql.DataSource]: Factory method &apos;dataSource&apos; threw exception; nested exception is java.lang.IllegalStateException: Cannot load driver class: com.mysql.cj.jdbc.Driver
	at org.springframework.beans.factory.support.SimpleInstantiationStrategy.instantiate(SimpleInstantiationStrategy.java:185)
	at org.springframework.beans.factory.support.ConstructorResolver.instantiateUsingFactoryMethod(ConstructorResolver.java:583)
	... 102 more
Caused by: java.lang.IllegalStateException: Cannot load driver class: com.mysql.cj.jdbc.Driver
	at org.springframework.util.Assert.state(Assert.java:94)
	at org.springframework.boot.autoconfigure.jdbc.DataSourceProperties.determineDriverClassName(DataSourceProperties.java:224)
	at org.springframework.boot.autoconfigure.jdbc.DataSourceProperties.initializeDataSourceBuilder(DataSourceProperties.java:176)
	at org.springframework.boot.autoconfigure.jdbc.DataSourceConfiguration$Generic.dataSource(DataSourceConfiguration.java:120)
	at sun.reflect.NativeMethodAccessorImpl.invoke0(Native Method)
	at sun.reflect.NativeMethodAccessorImpl.invoke(NativeMethodAccessorImpl.java:62)
	at sun.reflect.DelegatingMethodAccessorImpl.invoke(DelegatingMethodAccessorImpl.java:43)
	at java.lang.reflect.Method.invoke(Method.java:498)
	at org.springframework.beans.factory.support.SimpleInstantiationStrategy.instantiate(SimpleInstantiationStrategy.java:154)
	... 103 more
</error>
    <system-out>13:24:20.582 [main] DEBUG org.springframework.test.context.junit4.SpringJUnit4ClassRunner - SpringJUnit4ClassRunner constructor called with [class com.yhh.practice.article.product.ProductServiceTest]
13:24:20.587 [main] DEBUG org.springframework.test.context.BootstrapUtils - Instantiating CacheAwareContextLoaderDelegate from class [org.springframework.test.context.cache.DefaultCacheAwareContextLoaderDelegate]
13:24:20.593 [main] DEBUG org.springframework.test.context.BootstrapUtils - Instantiating BootstrapContext using constructor [public org.springframework.test.context.support.DefaultBootstrapContext(java.lang.Class,org.springframework.test.context.CacheAwareContextLoaderDelegate)]
13:24:20.606 [main] DEBUG org.springframework.test.context.BootstrapUtils - Instantiating TestContextBootstrapper for test class [com.yhh.practice.article.product.ProductServiceTest] from class [org.springframework.boot.test.context.SpringBootTestContextBootstrapper]
13:24:20.615 [main] INFO org.springframework.boot.test.context.SpringBootTestContextBootstrapper - Neither @ContextConfiguration nor @ContextHierarchy found for test class [com.yhh.practice.article.product.ProductServiceTest], using SpringBootContextLoader
13:24:20.617 [main] DEBUG org.springframework.test.context.support.AbstractContextLoader - Did not detect default resource location for test class [com.yhh.practice.article.product.ProductServiceTest]: class path resource [com/yhh/practice/article/product/ProductServiceTest-context.xml] does not exist
13:24:20.617 [main] DEBUG org.springframework.test.context.support.AbstractContextLoader - Did not detect default resource location for test class [com.yhh.practice.article.product.ProductServiceTest]: class path resource [com/yhh/practice/article/product/ProductServiceTestContext.groovy] does not exist
13:24:20.618 [main] INFO org.springframework.test.context.support.AbstractContextLoader - Could not detect default resource locations for test class [com.yhh.practice.article.product.ProductServiceTest]: no resource found for suffixes {-context.xml, Context.groovy}.
13:24:20.649 [main] DEBUG org.springframework.test.context.support.ActiveProfilesUtils - Could not find an &apos;annotation declaring class&apos; for annotation type [org.springframework.test.context.ActiveProfiles] and class [com.yhh.practice.article.product.ProductServiceTest]
13:24:20.777 [main] DEBUG org.springframework.boot.test.context.SpringBootTestContextBootstrapper - @TestExecutionListeners is not present for class [com.yhh.practice.article.product.ProductServiceTest]: using defaults.
13:24:20.777 [main] INFO org.springframework.boot.test.context.SpringBootTestContextBootstrapper - Loaded default TestExecutionListener class names from location [META-INF/spring.factories]: [org.springframework.boot.test.mock.mockito.MockitoTestExecutionListener, org.springframework.boot.test.mock.mockito.ResetMocksTestExecutionListener, org.springframework.boot.test.autoconfigure.restdocs.RestDocsTestExecutionListener, org.springframework.boot.test.autoconfigure.web.client.MockRestServiceServerResetTestExecutionListener, org.springframework.boot.test.autoconfigure.web.servlet.MockMvcPrintOnlyOnFailureTestExecutionListener, org.springframework.boot.test.autoconfigure.web.servlet.WebDriverTestExecutionListener, org.springframework.test.context.web.ServletTestExecutionListener, org.springframework.test.context.support.DirtiesContextBeforeModesTestExecutionListener, org.springframework.test.context.support.DependencyInjectionTestExecutionListener, org.springframework.test.context.support.DirtiesContextTestExecutionListener, org.springframework.test.context.transaction.TransactionalTestExecutionListener, org.springframework.test.context.jdbc.SqlScriptsTestExecutionListener]
13:24:20.790 [main] INFO org.springframework.boot.test.context.SpringBootTestContextBootstrapper - Using TestExecutionListeners: [org.springframework.test.context.web.ServletTestExecutionListener@7a675056, org.springframework.test.context.support.DirtiesContextBeforeModesTestExecutionListener@d21a74c, org.springframework.boot.test.mock.mockito.MockitoTestExecutionListener@6e509ffa, org.springframework.boot.test.autoconfigure.SpringBootDependencyInjectionTestExecutionListener@2898ac89, org.springframework.test.context.support.DirtiesContextTestExecutionListener@683dbc2c, org.springframework.test.context.transaction.TransactionalTestExecutionListener@68267da0, org.springframework.test.context.jdbc.SqlScriptsTestExecutionListener@2638011, org.springframework.boot.test.mock.mockito.ResetMocksTestExecutionListener@6ff29830, org.springframework.boot.test.autoconfigure.restdocs.RestDocsTestExecutionListener@6a2b953e, org.springframework.boot.test.autoconfigure.web.client.MockRestServiceServerResetTestExecutionListener@313b2ea6, org.springframework.boot.test.autoconfigure.web.servlet.MockMvcPrintOnlyOnFailureTestExecutionListener@2f465398, org.springframework.boot.test.autoconfigure.web.servlet.WebDriverTestExecutionListener@548e6d58]
13:24:20.791 [main] DEBUG org.springframework.test.annotation.ProfileValueUtils - Retrieved @ProfileValueSourceConfiguration [null] for test class [com.yhh.practice.article.product.ProductServiceTest]
13:24:20.792 [main] DEBUG org.springframework.test.annotation.ProfileValueUtils - Retrieved ProfileValueSource type [class org.springframework.test.annotation.SystemProfileValueSource] for class [com.yhh.practice.article.product.ProductServiceTest]
13:24:20.792 [main] DEBUG org.springframework.test.annotation.ProfileValueUtils - Retrieved @ProfileValueSourceConfiguration [null] for test class [com.yhh.practice.article.product.ProductServiceTest]
13:24:20.792 [main] DEBUG org.springframework.test.annotation.ProfileValueUtils - Retrieved ProfileValueSource type [class org.springframework.test.annotation.SystemProfileValueSource] for class [com.yhh.practice.article.product.ProductServiceTest]
13:24:20.797 [main] DEBUG org.springframework.test.context.support.AbstractDirtiesContextTestExecutionListener - Before test class: context [DefaultTestContext@2f54a33d testClass = ProductServiceTest, testInstance = [null], testMethod = [null], testException = [null], mergedContextConfiguration = [WebMergedContextConfiguration@1018bde2 testClass = ProductServiceTest, locations = &apos;{}&apos;, classes = &apos;{class com.yhh.article.ArticleApplication, class com.yhh.article.ArticleApplication}&apos;, contextInitializerClasses = &apos;[]&apos;, activeProfiles = &apos;{}&apos;, propertySourceLocations = &apos;{}&apos;, propertySourceProperties = &apos;{org.springframework.boot.test.context.SpringBootTestContextBootstrapper=true}&apos;, contextCustomizers = set[org.springframework.boot.test.context.filter.ExcludeFilterContextCustomizer@17776a8, org.springframework.boot.test.json.DuplicateJsonObjectContextCustomizerFactory$DuplicateJsonObjectContextCustomizer@2bbaf4f0, org.springframework.boot.test.mock.mockito.MockitoContextCustomizer@0, org.springframework.boot.test.web.client.TestRestTemplateContextCustomizer@6a396c1e, org.springframework.boot.test.autoconfigure.properties.PropertyMappingContextCustomizer@0, org.springframework.boot.test.autoconfigure.web.servlet.WebDriverContextCustomizerFactory$Customizer@516be40f], resourceBasePath = &apos;src/main/webapp&apos;, contextLoader = &apos;org.springframework.boot.test.context.SpringBootContextLoader&apos;, parent = [null]], attributes = map[&apos;org.springframework.test.context.web.ServletTestExecutionListener.activateListener&apos; -&gt; true]], class annotated with @DirtiesContext [false] with mode [null].
13:24:20.798 [main] DEBUG org.springframework.test.annotation.ProfileValueUtils - Retrieved @ProfileValueSourceConfiguration [null] for test class [com.yhh.practice.article.product.ProductServiceTest]
13:24:20.798 [main] DEBUG org.springframework.test.annotation.ProfileValueUtils - Retrieved ProfileValueSource type [class org.springframework.test.annotation.SystemProfileValueSource] for class [com.yhh.practice.article.product.ProductServiceTest]
13:24:20.822 [main] DEBUG org.springframework.core.env.StandardEnvironment - Adding PropertySource &apos;systemProperties&apos; with lowest search precedence
13:24:20.822 [main] DEBUG org.springframework.core.env.StandardEnvironment - Adding PropertySource &apos;systemEnvironment&apos; with lowest search precedence
13:24:20.822 [main] DEBUG org.springframework.core.env.StandardEnvironment - Initialized StandardEnvironment with PropertySources [MapPropertySource@464064894 {name=&apos;systemProperties&apos;, properties={idea.version=2018.3.5, java.runtime.name=Java(TM) SE Runtime Environment, sun.boot.library.path=C:\Program Files\Java\jdk1.8.0_161\jre\bin, java.vm.version=25.161-b12, java.vm.vendor=Oracle Corporation, java.vendor.url=http://java.oracle.com/, path.separator=;, java.vm.name=Java HotSpot(TM) 64-Bit Server VM, file.encoding.pkg=sun.io, user.country=CN, user.script=, sun.java.launcher=SUN_STANDARD, sun.os.patch.level=, java.vm.specification.name=Java Virtual Machine Specification, user.dir=E:\practice\letter\article, java.runtime.version=1.8.0_161-b12, basedir=E:\practice\letter\article, java.awt.graphicsenv=sun.awt.Win32GraphicsEnvironment, java.endorsed.dirs=C:\Program Files\Java\jdk1.8.0_161\jre\lib\endorsed, os.arch=amd64, surefire.real.class.path=E:\practice\letter\article\target\surefire\surefirebooter8310486330625194217.jar, java.io.tmpdir=C:\Users\ADMINI~1\AppData\Local\Temp\, line.separator=
, java.vm.specification.vendor=Oracle Corporation, user.variant=, os.name=Windows 10, sun.jnu.encoding=GBK, java.library.path=C:\Program Files\Java\jdk1.8.0_161\jre\bin;C:\Windows\Sun\Java\bin;C:\Windows\system32;C:\Windows;C:\Program Files (x86)\NetSarang\Xshell 6\;C:\Program Files\VanDyke Software\Clients\;C:\ProgramData\Oracle\Java\javapath;C:\Windows\system32;C:\Windows;C:\Windows\System32\Wbem;C:\Windows\System32\WindowsPowerShell\v1.0\;&quot;C:\Program Files\Java\jdk1.8.0_161\bin;C:\Program Files\Java\jdk1.8.0_161\jre\bin&quot;;C:\Program Files\Git\cmd;%CATALINA_HOME%\lib;%CATALINA_HOME%\bin;C:\Program Files\TortoiseSVN\bin;C:\Users\Administrator\AppData\Local\Microsoft\WindowsApps;;., surefire.test.class.path=E:\practice\letter\article\target\test-classes;E:\practice\letter\article\target\classes;E:\repository\com\yhh\practice\service-api\1.0\service-api-1.0.jar;E:\repository\mysql\mysql-connector-java\5.1.47\mysql-connector-java-5.1.47.jar;E:\repository\com\alibaba\druid\1.0.31\druid-1.0.31.jar;C:\Program Files\Java\jdk1.8.0_161\jre\..\lib\jconsole.jar;C:\Program Files\Java\jdk1.8.0_161\jre\..\lib\tools.jar;E:\repository\org\mybatis\spring\boot\mybatis-spring-boot-starter\1.3.0\mybatis-spring-boot-starter-1.3.0.jar;E:\repository\org\springframework\boot\spring-boot-starter\2.0.7.RELEASE\spring-boot-starter-2.0.7.RELEASE.jar;E:\repository\org\springframework\boot\spring-boot-starter-logging\2.0.7.RELEASE\spring-boot-starter-logging-2.0.7.RELEASE.jar;E:\repository\ch\qos\logback\logback-classic\1.2.3\logback-classic-1.2.3.jar;E:\repository\ch\qos\logback\logback-core\1.2.3\logback-core-1.2.3.jar;E:\repository\org\apache\logging\log4j\log4j-to-slf4j\2.10.0\log4j-to-slf4j-2.10.0.jar;E:\repository\org\apache\logging\log4j\log4j-api\2.10.0\log4j-api-2.10.0.jar;E:\repository\org\slf4j\jul-to-slf4j\1.7.25\jul-to-slf4j-1.7.25.jar;E:\repository\javax\annotation\javax.annotation-api\1.3.2\javax.annotation-api-1.3.2.jar;E:\repository\org\yaml\snakeyaml\1.19\snakeyaml-1.19.jar;E:\repository\org\springframework\boot\spring-boot-starter-jdbc\2.0.7.RELEASE\spring-boot-starter-jdbc-2.0.7.RELEASE.jar;E:\repository\com\zaxxer\HikariCP\2.7.9\HikariCP-2.7.9.jar;E:\repository\org\springframework\spring-jdbc\5.0.11.RELEASE\spring-jdbc-5.0.11.RELEASE.jar;E:\repository\org\springframework\spring-tx\5.0.11.RELEASE\spring-tx-5.0.11.RELEASE.jar;E:\repository\org\mybatis\spring\boot\mybatis-spring-boot-autoconfigure\1.3.0\mybatis-spring-boot-autoconfigure-1.3.0.jar;E:\repository\org\mybatis\mybatis\3.4.4\mybatis-3.4.4.jar;E:\repository\org\mybatis\mybatis-spring\1.3.1\mybatis-spring-1.3.1.jar;E:\repository\org\springframework\boot\spring-boot-starter-web\2.0.7.RELEASE\spring-boot-starter-web-2.0.7.RELEASE.jar;E:\repository\org\springframework\boot\spring-boot-starter-json\2.0.7.RELEASE\spring-boot-starter-json-2.0.7.RELEASE.jar;E:\repository\com\fasterxml\jackson\core\jackson-databind\2.9.7\jackson-databind-2.9.7.jar;E:\repository\com\fasterxml\jackson\datatype\jackson-datatype-jdk8\2.9.7\jackson-datatype-jdk8-2.9.7.jar;E:\repository\com\fasterxml\jackson\datatype\jackson-datatype-jsr310\2.9.7\jackson-datatype-jsr310-2.9.7.jar;E:\repository\com\fasterxml\jackson\module\jackson-module-parameter-names\2.9.7\jackson-module-parameter-names-2.9.7.jar;E:\repository\org\springframework\boot\spring-boot-starter-tomcat\2.0.7.RELEASE\spring-boot-starter-tomcat-2.0.7.RELEASE.jar;E:\repository\org\apache\tomcat\embed\tomcat-embed-core\8.5.35\tomcat-embed-core-8.5.35.jar;E:\repository\org\apache\tomcat\embed\tomcat-embed-el\8.5.35\tomcat-embed-el-8.5.35.jar;E:\repository\org\apache\tomcat\embed\tomcat-embed-websocket\8.5.35\tomcat-embed-websocket-8.5.35.jar;E:\repository\org\hibernate\validator\hibernate-validator\6.0.13.Final\hibernate-validator-6.0.13.Final.jar;E:\repository\javax\validation\validation-api\2.0.1.Final\validation-api-2.0.1.Final.jar;E:\repository\org\jboss\logging\jboss-logging\3.3.2.Final\jboss-logging-3.3.2.Final.jar;E:\repository\com\fasterxml\classmate\1.3.4\classmate-1.3.4.jar;E:\repository\org\springframework\spring-web\5.0.11.RELEASE\spring-web-5.0.11.RELEASE.jar;E:\repository\org\springframework\spring-beans\5.0.11.RELEASE\spring-beans-5.0.11.RELEASE.jar;E:\repository\org\springframework\spring-webmvc\5.0.11.RELEASE\spring-webmvc-5.0.11.RELEASE.jar;E:\repository\org\springframework\spring-aop\5.0.11.RELEASE\spring-aop-5.0.11.RELEASE.jar;E:\repository\org\springframework\spring-context\5.0.11.RELEASE\spring-context-5.0.11.RELEASE.jar;E:\repository\org\springframework\spring-expression\5.0.11.RELEASE\spring-expression-5.0.11.RELEASE.jar;E:\repository\org\springframework\boot\spring-boot-starter-test\2.0.7.RELEASE\spring-boot-starter-test-2.0.7.RELEASE.jar;E:\repository\org\springframework\boot\spring-boot-test\2.0.7.RELEASE\spring-boot-test-2.0.7.RELEASE.jar;E:\repository\org\springframework\boot\spring-boot-test-autoconfigure\2.0.7.RELEASE\spring-boot-test-autoconfigure-2.0.7.RELEASE.jar;E:\repository\com\jayway\jsonpath\json-path\2.4.0\json-path-2.4.0.jar;E:\repository\net\minidev\json-smart\2.3\json-smart-2.3.jar;E:\repository\net\minidev\accessors-smart\1.2\accessors-smart-1.2.jar;E:\repository\org\ow2\asm\asm\5.0.4\asm-5.0.4.jar;E:\repository\org\slf4j\slf4j-api\1.7.25\slf4j-api-1.7.25.jar;E:\repository\junit\junit\4.12\junit-4.12.jar;E:\repository\org\assertj\assertj-core\3.9.1\assertj-core-3.9.1.jar;E:\repository\org\mockito\mockito-core\2.15.0\mockito-core-2.15.0.jar;E:\repository\net\bytebuddy\byte-buddy\1.7.11\byte-buddy-1.7.11.jar;E:\repository\net\bytebuddy\byte-buddy-agent\1.7.11\byte-buddy-agent-1.7.11.jar;E:\repository\org\objenesis\objenesis\2.6\objenesis-2.6.jar;E:\repository\org\hamcrest\hamcrest-core\1.3\hamcrest-core-1.3.jar;E:\repository\org\hamcrest\hamcrest-library\1.3\hamcrest-library-1.3.jar;E:\repository\org\skyscreamer\jsonassert\1.5.0\jsonassert-1.5.0.jar;E:\repository\com\vaadin\external\google\android-json\0.0.20131108.vaadin1\android-json-0.0.20131108.vaadin1.jar;E:\repository\org\springframework\spring-core\5.0.11.RELEASE\spring-core-5.0.11.RELEASE.jar;E:\repository\org\springframework\spring-jcl\5.0.11.RELEASE\spring-jcl-5.0.11.RELEASE.jar;E:\repository\org\springframework\spring-test\5.0.11.RELEASE\spring-test-5.0.11.RELEASE.jar;E:\repository\org\xmlunit\xmlunit-core\2.5.1\xmlunit-core-2.5.1.jar;E:\repository\org\springframework\boot\spring-boot-devtools\2.0.7.RELEASE\spring-boot-devtools-2.0.7.RELEASE.jar;E:\repository\org\springframework\boot\spring-boot\2.0.7.RELEASE\spring-boot-2.0.7.RELEASE.jar;E:\repository\org\springframework\boot\spring-boot-autoconfigure\2.0.7.RELEASE\spring-boot-autoconfigure-2.0.7.RELEASE.jar;E:\repository\org\springframework\cloud\spring-cloud-starter-netflix-eureka-client\2.0.0.RELEASE\spring-cloud-starter-netflix-eureka-client-2.0.0.RELEASE.jar;E:\repository\org\springframework\cloud\spring-cloud-starter\2.0.0.RELEASE\spring-cloud-starter-2.0.0.RELEASE.jar;E:\repository\org\springframework\cloud\spring-cloud-context\2.0.0.RELEASE\spring-cloud-context-2.0.0.RELEASE.jar;E:\repository\org\springframework\security\spring-security-crypto\5.0.10.RELEASE\spring-security-crypto-5.0.10.RELEASE.jar;E:\repository\org\springframework\cloud\spring-cloud-commons\2.0.0.RELEASE\spring-cloud-commons-2.0.0.RELEASE.jar;E:\repository\org\springframework\security\spring-security-rsa\1.0.5.RELEASE\spring-security-rsa-1.0.5.RELEASE.jar;E:\repository\org\bouncycastle\bcpkix-jdk15on\1.56\bcpkix-jdk15on-1.56.jar;E:\repository\org\bouncycastle\bcprov-jdk15on\1.56\bcprov-jdk15on-1.56.jar;E:\repository\org\springframework\cloud\spring-cloud-netflix-core\2.0.0.RELEASE\spring-cloud-netflix-core-2.0.0.RELEASE.jar;E:\repository\org\springframework\boot\spring-boot-starter-aop\2.0.7.RELEASE\spring-boot-starter-aop-2.0.7.RELEASE.jar;E:\repository\org\aspectj\aspectjweaver\1.8.13\aspectjweaver-1.8.13.jar;E:\repository\org\springframework\cloud\spring-cloud-netflix-eureka-client\2.0.0.RELEASE\spring-cloud-netflix-eureka-client-2.0.0.RELEASE.jar;E:\repository\com\netflix\eureka\eureka-client\1.9.2\eureka-client-1.9.2.jar;E:\repository\org\codehaus\jettison\jettison\1.3.7\jettison-1.3.7.jar;E:\repository\stax\stax-api\1.0.1\stax-api-1.0.1.jar;E:\repository\com\netflix\netflix-commons\netflix-eventbus\0.3.0\netflix-eventbus-0.3.0.jar;E:\repository\com\netflix\netflix-commons\netflix-infix\0.3.0\netflix-infix-0.3.0.jar;E:\repository\commons-jxpath\commons-jxpath\1.3\commons-jxpath-1.3.jar;E:\repository\joda-time\joda-time\2.9.9\joda-time-2.9.9.jar;E:\repository\org\antlr\antlr-runtime\3.4\antlr-runtime-3.4.jar;E:\repository\org\antlr\stringtemplate\3.2.1\stringtemplate-3.2.1.jar;E:\repository\antlr\antlr\2.7.7\antlr-2.7.7.jar;E:\repository\com\google\code\gson\gson\2.8.5\gson-2.8.5.jar;E:\repository\org\apache\commons\commons-math\2.2\commons-math-2.2.jar;E:\repository\com\netflix\archaius\archaius-core\0.7.6\archaius-core-0.7.6.jar;E:\repository\com\google\guava\guava\16.0\guava-16.0.jar;E:\repository\javax\ws\rs\jsr311-api\1.1.1\jsr311-api-1.1.1.jar;E:\repository\com\netflix\servo\servo-core\0.12.21\servo-core-0.12.21.jar;E:\repository\com\sun\jersey\jersey-core\1.19.1\jersey-core-1.19.1.jar;E:\repository\com\sun\jersey\jersey-client\1.19.1\jersey-client-1.19.1.jar;E:\repository\com\sun\jersey\contribs\jersey-apache-client4\1.19.1\jersey-apache-client4-1.19.1.jar;E:\repository\org\apache\httpcomponents\httpclient\4.5.6\httpclient-4.5.6.jar;E:\repository\org\apache\httpcomponents\httpcore\4.4.10\httpcore-4.4.10.jar;E:\repository\commons-codec\commons-codec\1.11\commons-codec-1.11.jar;E:\repository\com\google\inject\guice\4.1.0\guice-4.1.0.jar;E:\repository\javax\inject\javax.inject\1\javax.inject-1.jar;E:\repository\aopalliance\aopalliance\1.0\aopalliance-1.0.jar;E:\repository\com\github\vlsi\compactmap\compactmap\1.2.1\compactmap-1.2.1.jar;E:\repository\com\github\andrewoma\dexx\dexx-collections\0.2\dexx-collections-0.2.jar;E:\repository\com\fasterxml\jackson\core\jackson-annotations\2.9.0\jackson-annotations-2.9.0.jar;E:\repository\com\fasterxml\jackson\core\jackson-core\2.9.7\jackson-core-2.9.7.jar;E:\repository\com\netflix\eureka\eureka-core\1.9.2\eureka-core-1.9.2.jar;E:\repository\org\codehaus\woodstox\woodstox-core-asl\4.4.1\woodstox-core-asl-4.4.1.jar;E:\repository\javax\xml\stream\stax-api\1.0-2\stax-api-1.0-2.jar;E:\repository\org\codehaus\woodstox\stax2-api\3.1.4\stax2-api-3.1.4.jar;E:\repository\org\springframework\cloud\spring-cloud-starter-netflix-archaius\2.0.0.RELEASE\spring-cloud-starter-netflix-archaius-2.0.0.RELEASE.jar;E:\repository\org\springframework\cloud\spring-cloud-netflix-ribbon\2.0.0.RELEASE\spring-cloud-netflix-ribbon-2.0.0.RELEASE.jar;E:\repository\org\springframework\cloud\spring-cloud-netflix-archaius\2.0.0.RELEASE\spring-cloud-netflix-archaius-2.0.0.RELEASE.jar;E:\repository\commons-configuration\commons-configuration\1.8\commons-configuration-1.8.jar;E:\repository\commons-lang\commons-lang\2.6\commons-lang-2.6.jar;E:\repository\org\springframework\cloud\spring-cloud-starter-netflix-ribbon\2.0.0.RELEASE\spring-cloud-starter-netflix-ribbon-2.0.0.RELEASE.jar;E:\repository\com\netflix\ribbon\ribbon\2.2.5\ribbon-2.2.5.jar;E:\repository\com\netflix\ribbon\ribbon-transport\2.2.5\ribbon-transport-2.2.5.jar;E:\repository\io\reactivex\rxnetty-contexts\0.4.9\rxnetty-contexts-0.4.9.jar;E:\repository\io\reactivex\rxnetty-servo\0.4.9\rxnetty-servo-0.4.9.jar;E:\repository\com\netflix\hystrix\hystrix-core\1.5.12\hystrix-core-1.5.12.jar;E:\repository\io\reactivex\rxnetty\0.4.9\rxnetty-0.4.9.jar;E:\repository\io\netty\netty-codec-http\4.1.31.Final\netty-codec-http-4.1.31.Final.jar;E:\repository\io\netty\netty-codec\4.1.31.Final\netty-codec-4.1.31.Final.jar;E:\repository\io\netty\netty-transport-native-epoll\4.1.31.Final\netty-transport-native-epoll-4.1.31.Final.jar;E:\repository\io\netty\netty-common\4.1.31.Final\netty-common-4.1.31.Final.jar;E:\repository\io\netty\netty-buffer\4.1.31.Final\netty-buffer-4.1.31.Final.jar;E:\repository\io\netty\netty-transport-native-unix-common\4.1.31.Final\netty-transport-native-unix-common-4.1.31.Final.jar;E:\repository\io\netty\netty-transport\4.1.31.Final\netty-transport-4.1.31.Final.jar;E:\repository\io\netty\netty-resolver\4.1.31.Final\netty-resolver-4.1.31.Final.jar;E:\repository\com\netflix\ribbon\ribbon-core\2.2.5\ribbon-core-2.2.5.jar;E:\repository\com\netflix\ribbon\ribbon-httpclient\2.2.5\ribbon-httpclient-2.2.5.jar;E:\repository\commons-collections\commons-collections\3.2.2\commons-collections-3.2.2.jar;E:\repository\com\netflix\netflix-commons\netflix-commons-util\0.3.0\netflix-commons-util-0.3.0.jar;E:\repository\com\netflix\ribbon\ribbon-loadbalancer\2.2.5\ribbon-loadbalancer-2.2.5.jar;E:\repository\com\netflix\netflix-commons\netflix-statistics\0.1.1\netflix-statistics-0.1.1.jar;E:\repository\io\reactivex\rxjava\1.2.0\rxjava-1.2.0.jar;E:\repository\com\netflix\ribbon\ribbon-eureka\2.2.5\ribbon-eureka-2.2.5.jar;E:\repository\com\thoughtworks\xstream\xstream\1.4.10\xstream-1.4.10.jar;E:\repository\xmlpull\xmlpull\1.1.3.1\xmlpull-1.1.3.1.jar;E:\repository\xpp3\xpp3_min\1.1.4c\xpp3_min-1.1.4c.jar;E:\repository\org\springframework\boot\spring-boot-starter-actuator\2.0.7.RELEASE\spring-boot-starter-actuator-2.0.7.RELEASE.jar;E:\repository\org\springframework\boot\spring-boot-actuator-autoconfigure\2.0.7.RELEASE\spring-boot-actuator-autoconfigure-2.0.7.RELEASE.jar;E:\repository\org\springframework\boot\spring-boot-actuator\2.0.7.RELEASE\spring-boot-actuator-2.0.7.RELEASE.jar;E:\repository\io\micrometer\micrometer-core\1.0.8\micrometer-core-1.0.8.jar;E:\repository\org\hdrhistogram\HdrHistogram\2.1.10\HdrHistogram-2.1.10.jar;E:\repository\org\latencyutils\LatencyUtils\2.0.3\LatencyUtils-2.0.3.jar;, java.specification.name=Java Platform API Specification, java.class.version=52.0, sun.management.compiler=HotSpot 64-Bit Tiered Compilers, maven.repo.local=E:\repository, os.version=10.0, user.home=C:\Users\Administrator, user.timezone=Asia/Shanghai, java.awt.printerjob=sun.awt.windows.WPrinterJob, file.encoding=GBK, java.specification.version=1.8, java.class.path=E:\practice\letter\article\target\test-classes;E:\practice\letter\article\target\classes;E:\repository\com\yhh\practice\service-api\1.0\service-api-1.0.jar;E:\repository\mysql\mysql-connector-java\5.1.47\mysql-connector-java-5.1.47.jar;E:\repository\com\alibaba\druid\1.0.31\druid-1.0.31.jar;C:\Program Files\Java\jdk1.8.0_161\jre\..\lib\jconsole.jar;C:\Program Files\Java\jdk1.8.0_161\jre\..\lib\tools.jar;E:\repository\org\mybatis\spring\boot\mybatis-spring-boot-starter\1.3.0\mybatis-spring-boot-starter-1.3.0.jar;E:\repository\org\springframework\boot\spring-boot-starter\2.0.7.RELEASE\spring-boot-starter-2.0.7.RELEASE.jar;E:\repository\org\springframework\boot\spring-boot-starter-logging\2.0.7.RELEASE\spring-boot-starter-logging-2.0.7.RELEASE.jar;E:\repository\ch\qos\logback\logback-classic\1.2.3\logback-classic-1.2.3.jar;E:\repository\ch\qos\logback\logback-core\1.2.3\logback-core-1.2.3.jar;E:\repository\org\apache\logging\log4j\log4j-to-slf4j\2.10.0\log4j-to-slf4j-2.10.0.jar;E:\repository\org\apache\logging\log4j\log4j-api\2.10.0\log4j-api-2.10.0.jar;E:\repository\org\slf4j\jul-to-slf4j\1.7.25\jul-to-slf4j-1.7.25.jar;E:\repository\javax\annotation\javax.annotation-api\1.3.2\javax.annotation-api-1.3.2.jar;E:\repository\org\yaml\snakeyaml\1.19\snakeyaml-1.19.jar;E:\repository\org\springframework\boot\spring-boot-starter-jdbc\2.0.7.RELEASE\spring-boot-starter-jdbc-2.0.7.RELEASE.jar;E:\repository\com\zaxxer\HikariCP\2.7.9\HikariCP-2.7.9.jar;E:\repository\org\springframework\spring-jdbc\5.0.11.RELEASE\spring-jdbc-5.0.11.RELEASE.jar;E:\repository\org\springframework\spring-tx\5.0.11.RELEASE\spring-tx-5.0.11.RELEASE.jar;E:\repository\org\mybatis\spring\boot\mybatis-spring-boot-autoconfigure\1.3.0\mybatis-spring-boot-autoconfigure-1.3.0.jar;E:\repository\org\mybatis\mybatis\3.4.4\mybatis-3.4.4.jar;E:\repository\org\mybatis\mybatis-spring\1.3.1\mybatis-spring-1.3.1.jar;E:\repository\org\springframework\boot\spring-boot-starter-web\2.0.7.RELEASE\spring-boot-starter-web-2.0.7.RELEASE.jar;E:\repository\org\springframework\boot\spring-boot-starter-json\2.0.7.RELEASE\spring-boot-starter-json-2.0.7.RELEASE.jar;E:\repository\com\fasterxml\jackson\core\jackson-databind\2.9.7\jackson-databind-2.9.7.jar;E:\repository\com\fasterxml\jackson\datatype\jackson-datatype-jdk8\2.9.7\jackson-datatype-jdk8-2.9.7.jar;E:\repository\com\fasterxml\jackson\datatype\jackson-datatype-jsr310\2.9.7\jackson-datatype-jsr310-2.9.7.jar;E:\repository\com\fasterxml\jackson\module\jackson-module-parameter-names\2.9.7\jackson-module-parameter-names-2.9.7.jar;E:\repository\org\springframework\boot\spring-boot-starter-tomcat\2.0.7.RELEASE\spring-boot-starter-tomcat-2.0.7.RELEASE.jar;E:\repository\org\apache\tomcat\embed\tomcat-embed-core\8.5.35\tomcat-embed-core-8.5.35.jar;E:\repository\org\apache\tomcat\embed\tomcat-embed-el\8.5.35\tomcat-embed-el-8.5.35.jar;E:\repository\org\apache\tomcat\embed\tomcat-embed-websocket\8.5.35\tomcat-embed-websocket-8.5.35.jar;E:\repository\org\hibernate\validator\hibernate-validator\6.0.13.Final\hibernate-validator-6.0.13.Final.jar;E:\repository\javax\validation\validation-api\2.0.1.Final\validation-api-2.0.1.Final.jar;E:\repository\org\jboss\logging\jboss-logging\3.3.2.Final\jboss-logging-3.3.2.Final.jar;E:\repository\com\fasterxml\classmate\1.3.4\classmate-1.3.4.jar;E:\repository\org\springframework\spring-web\5.0.11.RELEASE\spring-web-5.0.11.RELEASE.jar;E:\repository\org\springframework\spring-beans\5.0.11.RELEASE\spring-beans-5.0.11.RELEASE.jar;E:\repository\org\springframework\spring-webmvc\5.0.11.RELEASE\spring-webmvc-5.0.11.RELEASE.jar;E:\repository\org\springframework\spring-aop\5.0.11.RELEASE\spring-aop-5.0.11.RELEASE.jar;E:\repository\org\springframework\spring-context\5.0.11.RELEASE\spring-context-5.0.11.RELEASE.jar;E:\repository\org\springframework\spring-expression\5.0.11.RELEASE\spring-expression-5.0.11.RELEASE.jar;E:\repository\org\springframework\boot\spring-boot-starter-test\2.0.7.RELEASE\spring-boot-starter-test-2.0.7.RELEASE.jar;E:\repository\org\springframework\boot\spring-boot-test\2.0.7.RELEASE\spring-boot-test-2.0.7.RELEASE.jar;E:\repository\org\springframework\boot\spring-boot-test-autoconfigure\2.0.7.RELEASE\spring-boot-test-autoconfigure-2.0.7.RELEASE.jar;E:\repository\com\jayway\jsonpath\json-path\2.4.0\json-path-2.4.0.jar;E:\repository\net\minidev\json-smart\2.3\json-smart-2.3.jar;E:\repository\net\minidev\accessors-smart\1.2\accessors-smart-1.2.jar;E:\repository\org\ow2\asm\asm\5.0.4\asm-5.0.4.jar;E:\repository\org\slf4j\slf4j-api\1.7.25\slf4j-api-1.7.25.jar;E:\repository\junit\junit\4.12\junit-4.12.jar;E:\repository\org\assertj\assertj-core\3.9.1\assertj-core-3.9.1.jar;E:\repository\org\mockito\mockito-core\2.15.0\mockito-core-2.15.0.jar;E:\repository\net\bytebuddy\byte-buddy\1.7.11\byte-buddy-1.7.11.jar;E:\repository\net\bytebuddy\byte-buddy-agent\1.7.11\byte-buddy-agent-1.7.11.jar;E:\repository\org\objenesis\objenesis\2.6\objenesis-2.6.jar;E:\repository\org\hamcrest\hamcrest-core\1.3\hamcrest-core-1.3.jar;E:\repository\org\hamcrest\hamcrest-library\1.3\hamcrest-library-1.3.jar;E:\repository\org\skyscreamer\jsonassert\1.5.0\jsonassert-1.5.0.jar;E:\repository\com\vaadin\external\google\android-json\0.0.20131108.vaadin1\android-json-0.0.20131108.vaadin1.jar;E:\repository\org\springframework\spring-core\5.0.11.RELEASE\spring-core-5.0.11.RELEASE.jar;E:\repository\org\springframework\spring-jcl\5.0.11.RELEASE\spring-jcl-5.0.11.RELEASE.jar;E:\repository\org\springframework\spring-test\5.0.11.RELEASE\spring-test-5.0.11.RELEASE.jar;E:\repository\org\xmlunit\xmlunit-core\2.5.1\xmlunit-core-2.5.1.jar;E:\repository\org\springframework\boot\spring-boot-devtools\2.0.7.RELEASE\spring-boot-devtools-2.0.7.RELEASE.jar;E:\repository\org\springframework\boot\spring-boot\2.0.7.RELEASE\spring-boot-2.0.7.RELEASE.jar;E:\repository\org\springframework\boot\spring-boot-autoconfigure\2.0.7.RELEASE\spring-boot-autoconfigure-2.0.7.RELEASE.jar;E:\repository\org\springframework\cloud\spring-cloud-starter-netflix-eureka-client\2.0.0.RELEASE\spring-cloud-starter-netflix-eureka-client-2.0.0.RELEASE.jar;E:\repository\org\springframework\cloud\spring-cloud-starter\2.0.0.RELEASE\spring-cloud-starter-2.0.0.RELEASE.jar;E:\repository\org\springframework\cloud\spring-cloud-context\2.0.0.RELEASE\spring-cloud-context-2.0.0.RELEASE.jar;E:\repository\org\springframework\security\spring-security-crypto\5.0.10.RELEASE\spring-security-crypto-5.0.10.RELEASE.jar;E:\repository\org\springframework\cloud\spring-cloud-commons\2.0.0.RELEASE\spring-cloud-commons-2.0.0.RELEASE.jar;E:\repository\org\springframework\security\spring-security-rsa\1.0.5.RELEASE\spring-security-rsa-1.0.5.RELEASE.jar;E:\repository\org\bouncycastle\bcpkix-jdk15on\1.56\bcpkix-jdk15on-1.56.jar;E:\repository\org\bouncycastle\bcprov-jdk15on\1.56\bcprov-jdk15on-1.56.jar;E:\repository\org\springframework\cloud\spring-cloud-netflix-core\2.0.0.RELEASE\spring-cloud-netflix-core-2.0.0.RELEASE.jar;E:\repository\org\springframework\boot\spring-boot-starter-aop\2.0.7.RELEASE\spring-boot-starter-aop-2.0.7.RELEASE.jar;E:\repository\org\aspectj\aspectjweaver\1.8.13\aspectjweaver-1.8.13.jar;E:\repository\org\springframework\cloud\spring-cloud-netflix-eureka-client\2.0.0.RELEASE\spring-cloud-netflix-eureka-client-2.0.0.RELEASE.jar;E:\repository\com\netflix\eureka\eureka-client\1.9.2\eureka-client-1.9.2.jar;E:\repository\org\codehaus\jettison\jettison\1.3.7\jettison-1.3.7.jar;E:\repository\stax\stax-api\1.0.1\stax-api-1.0.1.jar;E:\repository\com\netflix\netflix-commons\netflix-eventbus\0.3.0\netflix-eventbus-0.3.0.jar;E:\repository\com\netflix\netflix-commons\netflix-infix\0.3.0\netflix-infix-0.3.0.jar;E:\repository\commons-jxpath\commons-jxpath\1.3\commons-jxpath-1.3.jar;E:\repository\joda-time\joda-time\2.9.9\joda-time-2.9.9.jar;E:\repository\org\antlr\antlr-runtime\3.4\antlr-runtime-3.4.jar;E:\repository\org\antlr\stringtemplate\3.2.1\stringtemplate-3.2.1.jar;E:\repository\antlr\antlr\2.7.7\antlr-2.7.7.jar;E:\repository\com\google\code\gson\gson\2.8.5\gson-2.8.5.jar;E:\repository\org\apache\commons\commons-math\2.2\commons-math-2.2.jar;E:\repository\com\netflix\archaius\archaius-core\0.7.6\archaius-core-0.7.6.jar;E:\repository\com\google\guava\guava\16.0\guava-16.0.jar;E:\repository\javax\ws\rs\jsr311-api\1.1.1\jsr311-api-1.1.1.jar;E:\repository\com\netflix\servo\servo-core\0.12.21\servo-core-0.12.21.jar;E:\repository\com\sun\jersey\jersey-core\1.19.1\jersey-core-1.19.1.jar;E:\repository\com\sun\jersey\jersey-client\1.19.1\jersey-client-1.19.1.jar;E:\repository\com\sun\jersey\contribs\jersey-apache-client4\1.19.1\jersey-apache-client4-1.19.1.jar;E:\repository\org\apache\httpcomponents\httpclient\4.5.6\httpclient-4.5.6.jar;E:\repository\org\apache\httpcomponents\httpcore\4.4.10\httpcore-4.4.10.jar;E:\repository\commons-codec\commons-codec\1.11\commons-codec-1.11.jar;E:\repository\com\google\inject\guice\4.1.0\guice-4.1.0.jar;E:\repository\javax\inject\javax.inject\1\javax.inject-1.jar;E:\repository\aopalliance\aopalliance\1.0\aopalliance-1.0.jar;E:\repository\com\github\vlsi\compactmap\compactmap\1.2.1\compactmap-1.2.1.jar;E:\repository\com\github\andrewoma\dexx\dexx-collections\0.2\dexx-collections-0.2.jar;E:\repository\com\fasterxml\jackson\core\jackson-annotations\2.9.0\jackson-annotations-2.9.0.jar;E:\repository\com\fasterxml\jackson\core\jackson-core\2.9.7\jackson-core-2.9.7.jar;E:\repository\com\netflix\eureka\eureka-core\1.9.2\eureka-core-1.9.2.jar;E:\repository\org\codehaus\woodstox\woodstox-core-asl\4.4.1\woodstox-core-asl-4.4.1.jar;E:\repository\javax\xml\stream\stax-api\1.0-2\stax-api-1.0-2.jar;E:\repository\org\codehaus\woodstox\stax2-api\3.1.4\stax2-api-3.1.4.jar;E:\repository\org\springframework\cloud\spring-cloud-starter-netflix-archaius\2.0.0.RELEASE\spring-cloud-starter-netflix-archaius-2.0.0.RELEASE.jar;E:\repository\org\springframework\cloud\spring-cloud-netflix-ribbon\2.0.0.RELEASE\spring-cloud-netflix-ribbon-2.0.0.RELEASE.jar;E:\repository\org\springframework\cloud\spring-cloud-netflix-archaius\2.0.0.RELEASE\spring-cloud-netflix-archaius-2.0.0.RELEASE.jar;E:\repository\commons-configuration\commons-configuration\1.8\commons-configuration-1.8.jar;E:\repository\commons-lang\commons-lang\2.6\commons-lang-2.6.jar;E:\repository\org\springframework\cloud\spring-cloud-starter-netflix-ribbon\2.0.0.RELEASE\spring-cloud-starter-netflix-ribbon-2.0.0.RELEASE.jar;E:\repository\com\netflix\ribbon\ribbon\2.2.5\ribbon-2.2.5.jar;E:\repository\com\netflix\ribbon\ribbon-transport\2.2.5\ribbon-transport-2.2.5.jar;E:\repository\io\reactivex\rxnetty-contexts\0.4.9\rxnetty-contexts-0.4.9.jar;E:\repository\io\reactivex\rxnetty-servo\0.4.9\rxnetty-servo-0.4.9.jar;E:\repository\com\netflix\hystrix\hystrix-core\1.5.12\hystrix-core-1.5.12.jar;E:\repository\io\reactivex\rxnetty\0.4.9\rxnetty-0.4.9.jar;E:\repository\io\netty\netty-codec-http\4.1.31.Final\netty-codec-http-4.1.31.Final.jar;E:\repository\io\netty\netty-codec\4.1.31.Final\netty-codec-4.1.31.Final.jar;E:\repository\io\netty\netty-transport-native-epoll\4.1.31.Final\netty-transport-native-epoll-4.1.31.Final.jar;E:\repository\io\netty\netty-common\4.1.31.Final\netty-common-4.1.31.Final.jar;E:\repository\io\netty\netty-buffer\4.1.31.Final\netty-buffer-4.1.31.Final.jar;E:\repository\io\netty\netty-transport-native-unix-common\4.1.31.Final\netty-transport-native-unix-common-4.1.31.Final.jar;E:\repository\io\netty\netty-transport\4.1.31.Final\netty-transport-4.1.31.Final.jar;E:\repository\io\netty\netty-resolver\4.1.31.Final\netty-resolver-4.1.31.Final.jar;E:\repository\com\netflix\ribbon\ribbon-core\2.2.5\ribbon-core-2.2.5.jar;E:\repository\com\netflix\ribbon\ribbon-httpclient\2.2.5\ribbon-httpclient-2.2.5.jar;E:\repository\commons-collections\commons-collections\3.2.2\commons-collections-3.2.2.jar;E:\repository\com\netflix\netflix-commons\netflix-commons-util\0.3.0\netflix-commons-util-0.3.0.jar;E:\repository\com\netflix\ribbon\ribbon-loadbalancer\2.2.5\ribbon-loadbalancer-2.2.5.jar;E:\repository\com\netflix\netflix-commons\netflix-statistics\0.1.1\netflix-statistics-0.1.1.jar;E:\repository\io\reactivex\rxjava\1.2.0\rxjava-1.2.0.jar;E:\repository\com\netflix\ribbon\ribbon-eureka\2.2.5\ribbon-eureka-2.2.5.jar;E:\repository\com\thoughtworks\xstream\xstream\1.4.10\xstream-1.4.10.jar;E:\repository\xmlpull\xmlpull\1.1.3.1\xmlpull-1.1.3.1.jar;E:\repository\xpp3\xpp3_min\1.1.4c\xpp3_min-1.1.4c.jar;E:\repository\org\springframework\boot\spring-boot-starter-actuator\2.0.7.RELEASE\spring-boot-starter-actuator-2.0.7.RELEASE.jar;E:\repository\org\springframework\boot\spring-boot-actuator-autoconfigure\2.0.7.RELEASE\spring-boot-actuator-autoconfigure-2.0.7.RELEASE.jar;E:\repository\org\springframework\boot\spring-boot-actuator\2.0.7.RELEASE\spring-boot-actuator-2.0.7.RELEASE.jar;E:\repository\io\micrometer\micrometer-core\1.0.8\micrometer-core-1.0.8.jar;E:\repository\org\hdrhistogram\HdrHistogram\2.1.10\HdrHistogram-2.1.10.jar;E:\repository\org\latencyutils\LatencyUtils\2.0.3\LatencyUtils-2.0.3.jar;, user.name=Administrator, java.vm.specification.version=1.8, sun.java.command=E:\practice\letter\article\target\surefire\surefirebooter8310486330625194217.jar E:\practice\letter\article\target\surefire\surefire8458935290522039805tmp E:\practice\letter\article\target\surefire\surefire_07636352128005943013tmp, java.home=C:\Program Files\Java\jdk1.8.0_161\jre, sun.arch.data.model=64, user.language=zh, java.specification.vendor=Oracle Corporation, awt.toolkit=sun.awt.windows.WToolkit, java.vm.info=mixed mode, java.version=1.8.0_161, java.ext.dirs=C:\Program Files\Java\jdk1.8.0_161\jre\lib\ext;C:\Windows\Sun\Java\lib\ext, sun.boot.class.path=C:\Program Files\Java\jdk1.8.0_161\jre\lib\resources.jar;C:\Program Files\Java\jdk1.8.0_161\jre\lib\rt.jar;C:\Program Files\Java\jdk1.8.0_161\jre\lib\sunrsasign.jar;C:\Program Files\Java\jdk1.8.0_161\jre\lib\jsse.jar;C:\Program Files\Java\jdk1.8.0_161\jre\lib\jce.jar;C:\Program Files\Java\jdk1.8.0_161\jre\lib\charsets.jar;C:\Program Files\Java\jdk1.8.0_161\jre\lib\jfr.jar;C:\Program Files\Java\jdk1.8.0_161\jre\classes, java.vendor=Oracle Corporation, localRepository=E:\repository, file.separator=\, java.vendor.url.bug=http://bugreport.sun.com/bugreport/, sun.io.unicode.encoding=UnicodeLittle, sun.cpu.endian=little, sun.desktop=windows, sun.cpu.isalist=amd64}}, SystemEnvironmentPropertySource@1932274274 {name=&apos;systemEnvironment&apos;, properties={PATH=C:\Program Files (x86)\NetSarang\Xshell 6\;C:\Program Files\VanDyke Software\Clients\;C:\ProgramData\Oracle\Java\javapath;C:\Windows\system32;C:\Windows;C:\Windows\System32\Wbem;C:\Windows\System32\WindowsPowerShell\v1.0\;&quot;C:\Program Files\Java\jdk1.8.0_161\bin;C:\Program Files\Java\jdk1.8.0_161\jre\bin&quot;;C:\Program Files\Git\cmd;%CATALINA_HOME%\lib;%CATALINA_HOME%\bin;C:\Program Files\TortoiseSVN\bin;C:\Users\Administrator\AppData\Local\Microsoft\WindowsApps;, USERDOMAIN_ROAMINGPROFILE=TB-20190409FZZC, LOCALAPPDATA=C:\Users\Administrator\AppData\Local, PROCESSOR_LEVEL=6, SYSTEMDRIVE=C:, COMMONPROGRAMFILES(X86)=C:\Program Files (x86)\Common Files, USERDOMAIN=TB-20190409FZZC, FPS_BROWSER_APP_PROFILE_STRING=Internet Explorer, LOGONSERVER=\\TB-20190409FZZC, JAVA_HOME=C:\Program Files\Java\jdk1.8.0_161, PROMPT=$P$G, SESSIONNAME=Console, ALLUSERSPROFILE=C:\ProgramData, PROGRAMFILES(X86)=C:\Program Files (x86), PROCESSOR_ARCHITECTURE=AMD64, =E:=E:\practice\letter\article, CATALINA_BASE=E:\apache-tomcat-8.5.40-windows-x64\apache-tomcat-8.5.40, PROGRAMFILES=C:\Program Files, APPDATA=C:\Users\Administrator\AppData\Roaming, PSMODULEPATH=C:\Program Files\WindowsPowerShell\Modules;C:\Windows\system32\WindowsPowerShell\v1.0\Modules, PROGRAMW6432=C:\Program Files, PROGRAMDATA=C:\ProgramData, SYSTEMROOT=C:\Windows, USERNAME=Administrator, FPS_BROWSER_USER_PROFILE_STRING=Default, ONEDRIVE=C:\Users\Administrator\OneDrive, PATHEXT=.COM;.EXE;.BAT;.CMD;.VBS;.VBE;.JS;.JSE;.WSF;.WSH;.MSC, OS=Windows_NT, COMMONPROGRAMW6432=C:\Program Files\Common Files, COMPUTERNAME=TB-20190409FZZC, COMMONPROGRAMFILES=C:\Program Files\Common Files, COMSPEC=C:\Windows\system32\cmd.exe, CATALINA_HOME=E:\apache-tomcat-8.5.40-windows-x64\apache-tomcat-8.5.40, PROCESSOR_REVISION=9e0a, CLASSPATH=.;C:\Program Files\Java\jdk1.8.0_161\lib\dt.jar;C:\Program Files\Java\jdk1.8.0_161\lib\tools.jar;%CATALINA_HOME%\lib\servlet-api.jar;, WINDIR=C:\Windows, HOMEPATH=\Users\Administrator, TEMP=C:\Users\ADMINI~1\AppData\Local\Temp, HOMEDRIVE=C:, PROCESSOR_IDENTIFIER=Intel64 Family 6 Model 158 Stepping 10, GenuineIntel, USERPROFILE=C:\Users\Administrator, TMP=C:\Users\ADMINI~1\AppData\Local\Temp, PUBLIC=C:\Users\Public, NUMBER_OF_PROCESSORS=6, =::=::\}}]
13:24:20.825 [main] DEBUG org.springframework.test.context.support.TestPropertySourceUtils - Adding inlined properties to environment: {spring.jmx.enabled=false, org.springframework.boot.test.context.SpringBootTestContextBootstrapper=true, server.port=-1}
13:24:20.825 [main] DEBUG org.springframework.core.env.StandardEnvironment - Adding PropertySource &apos;Inlined Test Properties&apos; with highest search precedence
2019-04-25 13:24:21.200  INFO 12548 --- [           main] s.c.a.AnnotationConfigApplicationContext : Refreshing org.springframework.context.annotation.AnnotationConfigApplicationContext@34b9f960: startup date [Thu Apr 25 13:24:21 CST 2019]; root of context hierarchy
2019-04-25 13:24:21.376  INFO 12548 --- [           main] f.a.AutowiredAnnotationBeanPostProcessor : JSR-330 &apos;javax.inject.Inject&apos; annotation found and supported for autowiring
2019-04-25 13:24:21.401  INFO 12548 --- [           main] trationDelegate$BeanPostProcessorChecker : Bean &apos;configurationPropertiesRebinderAutoConfiguration&apos; of type [org.springframework.cloud.autoconfigure.ConfigurationPropertiesRebinderAutoConfiguration$$EnhancerBySpringCGLIB$$40fbdc51] is not eligible for getting processed by all BeanPostProcessors (for example: not eligible for auto-proxying)

  .   ____          _            __ _ _
 /\\ / ___&apos;_ __ _ _(_)_ __  __ _ \ \ \ \
( ( )\___ | &apos;_ | &apos;_| | &apos;_ \/ _` | \ \ \ \
 \\/  ___)| |_)| | | | | || (_| |  ) ) ) )
  &apos;  |____| .__|_| |_|_| |_\__, | / / / /
 =========|_|==============|___/=/_/_/_/
 :: Spring Boot ::        (v2.0.7.RELEASE)

2019-04-25 13:24:21.583  INFO 12548 --- [           main] c.y.p.a.product.ProductServiceTest       : No active profile set, falling back to default profiles: default
2019-04-25 13:24:21.585  INFO 12548 --- [           main] o.s.w.c.s.GenericWebApplicationContext   : Refreshing org.springframework.web.context.support.GenericWebApplicationContext@f27ea3: startup date [Thu Apr 25 13:24:21 CST 2019]; parent: org.springframework.context.annotation.AnnotationConfigApplicationContext@34b9f960
2019-04-25 13:24:22.357  INFO 12548 --- [           main] o.s.cloud.context.scope.GenericScope     : BeanFactory id=58f22d86-d927-368d-96cd-afd65f547ec2
2019-04-25 13:24:22.399  INFO 12548 --- [           main] f.a.AutowiredAnnotationBeanPostProcessor : JSR-330 &apos;javax.inject.Inject&apos; annotation found and supported for autowiring
2019-04-25 13:24:22.486  INFO 12548 --- [           main] trationDelegate$BeanPostProcessorChecker : Bean &apos;org.springframework.transaction.annotation.ProxyTransactionManagementConfiguration&apos; of type [org.springframework.transaction.annotation.ProxyTransactionManagementConfiguration$$EnhancerBySpringCGLIB$$24e1d954] is not eligible for getting processed by all BeanPostProcessors (for example: not eligible for auto-proxying)
2019-04-25 13:24:22.507  INFO 12548 --- [           main] trationDelegate$BeanPostProcessorChecker : Bean &apos;org.springframework.cloud.autoconfigure.ConfigurationPropertiesRebinderAutoConfiguration&apos; of type [org.springframework.cloud.autoconfigure.ConfigurationPropertiesRebinderAutoConfiguration$$EnhancerBySpringCGLIB$$40fbdc51] is not eligible for getting processed by all BeanPostProcessors (for example: not eligible for auto-proxying)
2019-04-25 13:24:22.564  WARN 12548 --- [           main] o.s.w.c.s.GenericWebApplicationContext   : Exception encountered during context initialization - cancelling refresh attempt: org.springframework.beans.factory.BeanCreationException: Error creating bean with name &apos;productController&apos;: Injection of resource dependencies failed; nested exception is org.springframework.beans.factory.BeanCreationException: Error creating bean with name &apos;productServiceImpl&apos;: Injection of resource dependencies failed; nested exception is org.springframework.beans.factory.UnsatisfiedDependencyException: Error creating bean with name &apos;productMapper&apos; defined in file [E:\practice\letter\article\target\classes\com\yhh\article\mapper\ProductMapper.class]: Unsatisfied dependency expressed through bean property &apos;sqlSessionFactory&apos;; nested exception is org.springframework.beans.factory.UnsatisfiedDependencyException: Error creating bean with name &apos;sqlSessionFactory&apos; defined in class path resource [org/mybatis/spring/boot/autoconfigure/MybatisAutoConfiguration.class]: Unsatisfied dependency expressed through method &apos;sqlSessionFactory&apos; parameter 0; nested exception is org.springframework.beans.factory.BeanCreationException: Error creating bean with name &apos;dataSource&apos; defined in class path resource [org/springframework/boot/autoconfigure/jdbc/DataSourceConfiguration$Generic.class]: Bean instantiation via factory method failed; nested exception is org.springframework.beans.BeanInstantiationException: Failed to instantiate [javax.sql.DataSource]: Factory method &apos;dataSource&apos; threw exception; nested exception is java.lang.IllegalStateException: Cannot load driver class: com.mysql.cj.jdbc.Driver
2019-04-25 13:24:22.571  INFO 12548 --- [           main] ConditionEvaluationReportLoggingListener : 

Error starting ApplicationContext. To display the conditions report re-run your application with &apos;debug&apos; enabled.
2019-04-25 13:24:22.576 ERROR 12548 --- [           main] o.s.boot.SpringApplication               : Application run failed

org.springframework.beans.factory.BeanCreationException: Error creating bean with name &apos;productController&apos;: Injection of resource dependencies failed; nested exception is org.springframework.beans.factory.BeanCreationException: Error creating bean with name &apos;productServiceImpl&apos;: Injection of resource dependencies failed; nested exception is org.springframework.beans.factory.UnsatisfiedDependencyException: Error creating bean with name &apos;productMapper&apos; defined in file [E:\practice\letter\article\target\classes\com\yhh\article\mapper\ProductMapper.class]: Unsatisfied dependency expressed through bean property &apos;sqlSessionFactory&apos;; nested exception is org.springframework.beans.factory.UnsatisfiedDependencyException: Error creating bean with name &apos;sqlSessionFactory&apos; defined in class path resource [org/mybatis/spring/boot/autoconfigure/MybatisAutoConfiguration.class]: Unsatisfied dependency expressed through method &apos;sqlSessionFactory&apos; parameter 0; nested exception is org.springframework.beans.factory.BeanCreationException: Error creating bean with name &apos;dataSource&apos; defined in class path resource [org/springframework/boot/autoconfigure/jdbc/DataSourceConfiguration$Generic.class]: Bean instantiation via factory method failed; nested exception is org.springframework.beans.BeanInstantiationException: Failed to instantiate [javax.sql.DataSource]: Factory method &apos;dataSource&apos; threw exception; nested exception is java.lang.IllegalStateException: Cannot load driver class: com.mysql.cj.jdbc.Driver
	at org.springframework.context.annotation.CommonAnnotationBeanPostProcessor.postProcessPropertyValues(CommonAnnotationBeanPostProcessor.java:321) ~[spring-context-5.0.11.RELEASE.jar:5.0.11.RELEASE]
	at org.springframework.beans.factory.support.AbstractAutowireCapableBeanFactory.populateBean(AbstractAutowireCapableBeanFactory.java:1336) ~[spring-beans-5.0.11.RELEASE.jar:5.0.11.RELEASE]
	at org.springframework.beans.factory.support.AbstractAutowireCapableBeanFactory.doCreateBean(AbstractAutowireCapableBeanFactory.java:572) ~[spring-beans-5.0.11.RELEASE.jar:5.0.11.RELEASE]
	at org.springframework.beans.factory.support.AbstractAutowireCapableBeanFactory.createBean(AbstractAutowireCapableBeanFactory.java:495) ~[spring-beans-5.0.11.RELEASE.jar:5.0.11.RELEASE]
	at org.springframework.beans.factory.support.AbstractBeanFactory.lambda$doGetBean$0(AbstractBeanFactory.java:317) ~[spring-beans-5.0.11.RELEASE.jar:5.0.11.RELEASE]
	at org.springframework.beans.factory.support.DefaultSingletonBeanRegistry.getSingleton(DefaultSingletonBeanRegistry.java:222) ~[spring-beans-5.0.11.RELEASE.jar:5.0.11.RELEASE]
	at org.springframework.beans.factory.support.AbstractBeanFactory.doGetBean(AbstractBeanFactory.java:315) ~[spring-beans-5.0.11.RELEASE.jar:5.0.11.RELEASE]
	at org.springframework.beans.factory.support.AbstractBeanFactory.getBean(AbstractBeanFactory.java:199) ~[spring-beans-5.0.11.RELEASE.jar:5.0.11.RELEASE]
	at org.springframework.beans.factory.support.DefaultListableBeanFactory.preInstantiateSingletons(DefaultListableBeanFactory.java:759) ~[spring-beans-5.0.11.RELEASE.jar:5.0.11.RELEASE]
	at org.springframework.context.support.AbstractApplicationContext.finishBeanFactoryInitialization(AbstractApplicationContext.java:867) ~[spring-context-5.0.11.RELEASE.jar:5.0.11.RELEASE]
	at org.springframework.context.support.AbstractApplicationContext.refresh(AbstractApplicationContext.java:548) ~[spring-context-5.0.11.RELEASE.jar:5.0.11.RELEASE]
	at org.springframework.boot.SpringApplication.refresh(SpringApplication.java:754) ~[spring-boot-2.0.7.RELEASE.jar:2.0.7.RELEASE]
	at org.springframework.boot.SpringApplication.refreshContext(SpringApplication.java:386) ~[spring-boot-2.0.7.RELEASE.jar:2.0.7.RELEASE]
	at org.springframework.boot.SpringApplication.run(SpringApplication.java:307) ~[spring-boot-2.0.7.RELEASE.jar:2.0.7.RELEASE]
	at org.springframework.boot.test.context.SpringBootContextLoader.loadContext(SpringBootContextLoader.java:127) [spring-boot-test-2.0.7.RELEASE.jar:2.0.7.RELEASE]
	at org.springframework.test.context.cache.DefaultCacheAwareContextLoaderDelegate.loadContextInternal(DefaultCacheAwareContextLoaderDelegate.java:99) [spring-test-5.0.11.RELEASE.jar:5.0.11.RELEASE]
	at org.springframework.test.context.cache.DefaultCacheAwareContextLoaderDelegate.loadContext(DefaultCacheAwareContextLoaderDelegate.java:117) [spring-test-5.0.11.RELEASE.jar:5.0.11.RELEASE]
	at org.springframework.test.context.support.DefaultTestContext.getApplicationContext(DefaultTestContext.java:108) [spring-test-5.0.11.RELEASE.jar:5.0.11.RELEASE]
	at org.springframework.test.context.web.ServletTestExecutionListener.setUpRequestContextIfNecessary(ServletTestExecutionListener.java:190) [spring-test-5.0.11.RELEASE.jar:5.0.11.RELEASE]
	at org.springframework.test.context.web.ServletTestExecutionListener.prepareTestInstance(ServletTestExecutionListener.java:132) [spring-test-5.0.11.RELEASE.jar:5.0.11.RELEASE]
	at org.springframework.test.context.TestContextManager.prepareTestInstance(TestContextManager.java:246) [spring-test-5.0.11.RELEASE.jar:5.0.11.RELEASE]
	at org.springframework.test.context.junit4.SpringJUnit4ClassRunner.createTest(SpringJUnit4ClassRunner.java:227) [spring-test-5.0.11.RELEASE.jar:5.0.11.RELEASE]
	at org.springframework.test.context.junit4.SpringJUnit4ClassRunner$1.runReflectiveCall(SpringJUnit4ClassRunner.java:289) [spring-test-5.0.11.RELEASE.jar:5.0.11.RELEASE]
	at org.junit.internal.runners.model.ReflectiveCallable.run(ReflectiveCallable.java:12) [junit-4.12.jar:4.12]
	at org.springframework.test.context.junit4.SpringJUnit4ClassRunner.methodBlock(SpringJUnit4ClassRunner.java:291) [spring-test-5.0.11.RELEASE.jar:5.0.11.RELEASE]
	at org.springframework.test.context.junit4.SpringJUnit4ClassRunner.runChild(SpringJUnit4ClassRunner.java:246) [spring-test-5.0.11.RELEASE.jar:5.0.11.RELEASE]
	at org.springframework.test.context.junit4.SpringJUnit4ClassRunner.runChild(SpringJUnit4ClassRunner.java:97) [spring-test-5.0.11.RELEASE.jar:5.0.11.RELEASE]
	at org.junit.runners.ParentRunner$3.run(ParentRunner.java:290) [junit-4.12.jar:4.12]
	at org.junit.runners.ParentRunner$1.schedule(ParentRunner.java:71) [junit-4.12.jar:4.12]
	at org.junit.runners.ParentRunner.runChildren(ParentRunner.java:288) [junit-4.12.jar:4.12]
	at org.junit.runners.ParentRunner.access$000(ParentRunner.java:58) [junit-4.12.jar:4.12]
	at org.junit.runners.ParentRunner$2.evaluate(ParentRunner.java:268) [junit-4.12.jar:4.12]
	at org.springframework.test.context.junit4.statements.RunBeforeTestClassCallbacks.evaluate(RunBeforeTestClassCallbacks.java:61) [spring-test-5.0.11.RELEASE.jar:5.0.11.RELEASE]
	at org.springframework.test.context.junit4.statements.RunAfterTestClassCallbacks.evaluate(RunAfterTestClassCallbacks.java:70) [spring-test-5.0.11.RELEASE.jar:5.0.11.RELEASE]
	at org.junit.runners.ParentRunner.run(ParentRunner.java:363) [junit-4.12.jar:4.12]
	at org.springframework.test.context.junit4.SpringJUnit4ClassRunner.run(SpringJUnit4ClassRunner.java:190) [spring-test-5.0.11.RELEASE.jar:5.0.11.RELEASE]
	at org.apache.maven.surefire.junit4.JUnit4Provider.execute(JUnit4Provider.java:252) [surefire-junit4-2.12.4.jar:2.12.4]
	at org.apache.maven.surefire.junit4.JUnit4Provider.executeTestSet(JUnit4Provider.java:141) [surefire-junit4-2.12.4.jar:2.12.4]
	at org.apache.maven.surefire.junit4.JUnit4Provider.invoke(JUnit4Provider.java:112) [surefire-junit4-2.12.4.jar:2.12.4]
	at sun.reflect.NativeMethodAccessorImpl.invoke0(Native Method) ~[na:1.8.0_161]
	at sun.reflect.NativeMethodAccessorImpl.invoke(NativeMethodAccessorImpl.java:62) ~[na:1.8.0_161]
	at sun.reflect.DelegatingMethodAccessorImpl.invoke(DelegatingMethodAccessorImpl.java:43) ~[na:1.8.0_161]
	at java.lang.reflect.Method.invoke(Method.java:498) ~[na:1.8.0_161]
	at org.apache.maven.surefire.util.ReflectionUtils.invokeMethodWithArray(ReflectionUtils.java:189) [surefire-api-2.12.4.jar:2.12.4]
	at org.apache.maven.surefire.booter.ProviderFactory$ProviderProxy.invoke(ProviderFactory.java:165) [surefire-booter-2.12.4.jar:2.12.4]
	at org.apache.maven.surefire.booter.ProviderFactory.invokeProvider(ProviderFactory.java:85) [surefire-booter-2.12.4.jar:2.12.4]
	at org.apache.maven.surefire.booter.ForkedBooter.runSuitesInProcess(ForkedBooter.java:115) [surefire-booter-2.12.4.jar:2.12.4]
	at org.apache.maven.surefire.booter.ForkedBooter.main(ForkedBooter.java:75) [surefire-booter-2.12.4.jar:2.12.4]
Caused by: org.springframework.beans.factory.BeanCreationException: Error creating bean with name &apos;productServiceImpl&apos;: Injection of resource dependencies failed; nested exception is org.springframework.beans.factory.UnsatisfiedDependencyException: Error creating bean with name &apos;productMapper&apos; defined in file [E:\practice\letter\article\target\classes\com\yhh\article\mapper\ProductMapper.class]: Unsatisfied dependency expressed through bean property &apos;sqlSessionFactory&apos;; nested exception is org.springframework.beans.factory.UnsatisfiedDependencyException: Error creating bean with name &apos;sqlSessionFactory&apos; defined in class path resource [org/mybatis/spring/boot/autoconfigure/MybatisAutoConfiguration.class]: Unsatisfied dependency expressed through method &apos;sqlSessionFactory&apos; parameter 0; nested exception is org.springframework.beans.factory.BeanCreationException: Error creating bean with name &apos;dataSource&apos; defined in class path resource [org/springframework/boot/autoconfigure/jdbc/DataSourceConfiguration$Generic.class]: Bean instantiation via factory method failed; nested exception is org.springframework.beans.BeanInstantiationException: Failed to instantiate [javax.sql.DataSource]: Factory method &apos;dataSource&apos; threw exception; nested exception is java.lang.IllegalStateException: Cannot load driver class: com.mysql.cj.jdbc.Driver
	at org.springframework.context.annotation.CommonAnnotationBeanPostProcessor.postProcessPropertyValues(CommonAnnotationBeanPostProcessor.java:321) ~[spring-context-5.0.11.RELEASE.jar:5.0.11.RELEASE]
	at org.springframework.beans.factory.support.AbstractAutowireCapableBeanFactory.populateBean(AbstractAutowireCapableBeanFactory.java:1336) ~[spring-beans-5.0.11.RELEASE.jar:5.0.11.RELEASE]
	at org.springframework.beans.factory.support.AbstractAutowireCapableBeanFactory.doCreateBean(AbstractAutowireCapableBeanFactory.java:572) ~[spring-beans-5.0.11.RELEASE.jar:5.0.11.RELEASE]
	at org.springframework.beans.factory.support.AbstractAutowireCapableBeanFactory.createBean(AbstractAutowireCapableBeanFactory.java:495) ~[spring-beans-5.0.11.RELEASE.jar:5.0.11.RELEASE]
	at org.springframework.beans.factory.support.AbstractBeanFactory.lambda$doGetBean$0(AbstractBeanFactory.java:317) ~[spring-beans-5.0.11.RELEASE.jar:5.0.11.RELEASE]
	at org.springframework.beans.factory.support.DefaultSingletonBeanRegistry.getSingleton(DefaultSingletonBeanRegistry.java:222) ~[spring-beans-5.0.11.RELEASE.jar:5.0.11.RELEASE]
	at org.springframework.beans.factory.support.AbstractBeanFactory.doGetBean(AbstractBeanFactory.java:315) ~[spring-beans-5.0.11.RELEASE.jar:5.0.11.RELEASE]
	at org.springframework.beans.factory.support.AbstractBeanFactory.getBean(AbstractBeanFactory.java:199) ~[spring-beans-5.0.11.RELEASE.jar:5.0.11.RELEASE]
	at org.springframework.beans.factory.config.DependencyDescriptor.resolveCandidate(DependencyDescriptor.java:251) ~[spring-beans-5.0.11.RELEASE.jar:5.0.11.RELEASE]
	at org.springframework.beans.factory.support.DefaultListableBeanFactory.doResolveDependency(DefaultListableBeanFactory.java:1135) ~[spring-beans-5.0.11.RELEASE.jar:5.0.11.RELEASE]
	at org.springframework.beans.factory.support.DefaultListableBeanFactory.resolveDependency(DefaultListableBeanFactory.java:1062) ~[spring-beans-5.0.11.RELEASE.jar:5.0.11.RELEASE]
	at org.springframework.context.annotation.CommonAnnotationBeanPostProcessor.autowireResource(CommonAnnotationBeanPostProcessor.java:507) ~[spring-context-5.0.11.RELEASE.jar:5.0.11.RELEASE]
	at org.springframework.context.annotation.CommonAnnotationBeanPostProcessor.getResource(CommonAnnotationBeanPostProcessor.java:485) ~[spring-context-5.0.11.RELEASE.jar:5.0.11.RELEASE]
	at org.springframework.context.annotation.CommonAnnotationBeanPostProcessor$ResourceElement.getResourceToInject(CommonAnnotationBeanPostProcessor.java:619) ~[spring-context-5.0.11.RELEASE.jar:5.0.11.RELEASE]
	at org.springframework.beans.factory.annotation.InjectionMetadata$InjectedElement.inject(InjectionMetadata.java:180) ~[spring-beans-5.0.11.RELEASE.jar:5.0.11.RELEASE]
	at org.springframework.beans.factory.annotation.InjectionMetadata.inject(InjectionMetadata.java:90) ~[spring-beans-5.0.11.RELEASE.jar:5.0.11.RELEASE]
	at org.springframework.context.annotation.CommonAnnotationBeanPostProcessor.postProcessPropertyValues(CommonAnnotationBeanPostProcessor.java:318) ~[spring-context-5.0.11.RELEASE.jar:5.0.11.RELEASE]
	... 47 common frames omitted
[...]
	at org.springframework.context.annotation.CommonAnnotationBeanPostProcessor.postProcessPropertyValues(CommonAnnotationBeanPostProcessor.java:321) ~[spring-context-5.0.11.RELEASE.jar:5.0.11.RELEASE]
	at org.springframework.beans.factory.support.AbstractAutowireCapableBeanFactory.populateBean(AbstractAutowireCapableBeanFactory.java:1336) ~[spring-beans-5.0.11.RELEASE.jar:5.0.11.RELEASE]
	at org.springframework.beans.factory.support.AbstractAutowireCapableBeanFactory.doCreateBean(AbstractAutowireCapableBeanFactory.java:572) ~[spring-beans-5.0.11.RELEASE.jar:5.0.11.RELEASE]
	at org.springframework.beans.factory.support.AbstractAutowireCapableBeanFactory.createBean(AbstractAutowireCapableBeanFactory.java:495) ~[spring-beans-5.0.11.RELEASE.jar:5.0.11.RELEASE]
	at org.springframework.beans.factory.support.AbstractBeanFactory.lambda$doGetBean$0(AbstractBeanFactory.java:317) ~[spring-beans-5.0.11.RELEASE.jar:5.0.11.RELEASE]
	at org.springframework.beans.factory.support.DefaultSingletonBeanRegistry.getSingleton(DefaultSingletonBeanRegistry.java:222) ~[spring-beans-5.0.11.RELEASE.jar:5.0.11.RELEASE]
	at org.springframework.beans.factory.support.AbstractBeanFactory.doGetBean(AbstractBeanFactory.java:315) ~[spring-beans-5.0.11.RELEASE.jar:5.0.11.RELEASE]
	at org.springframework.beans.factory.support.AbstractBeanFactory.getBean(AbstractBeanFactory.java:199) ~[spring-beans-5.0.11.RELEASE.jar:5.0.11.RELEASE]
	at org.springframework.beans.factory.support.DefaultListableBeanFactory.preInstantiateSingletons(DefaultListableBeanFactory.java:759) ~[spring-beans-5.0.11.RELEASE.jar:5.0.11.RELEASE]
	at org.springframework.context.support.AbstractApplicationContext.finishBeanFactoryInitialization(AbstractApplicationContext.java:867) ~[spring-context-5.0.11.RELEASE.jar:5.0.11.RELEASE]
	at org.springframework.context.support.AbstractApplicationContext.refresh(AbstractApplicationContext.java:548) ~[spring-context-5.0.11.RELEASE.jar:5.0.11.RELEASE]
	at org.springframework.boot.SpringApplication.refresh(SpringApplication.java:754) ~[spring-boot-2.0.7.RELEASE.jar:2.0.7.RELEASE]
	at org.springframework.boot.SpringApplication.refreshContext(SpringApplication.java:386) ~[spring-boot-2.0.7.RELEASE.jar:2.0.7.RELEASE]
	at org.springframework.boot.SpringApplication.run(SpringApplication.java:307) ~[spring-boot-2.0.7.RELEASE.jar:2.0.7.RELEASE]
	at org.springframework.boot.test.context.SpringBootContextLoader.loadContext(SpringBootContextLoader.java:127) ~[spring-boot-test-2.0.7.RELEASE.jar:2.0.7.RELEASE]
	at org.springframework.test.context.cache.DefaultCacheAwareContextLoaderDelegate.loadContextInternal(DefaultCacheAwareContextLoaderDelegate.java:99) ~[spring-test-5.0.11.RELEASE.jar:5.0.11.RELEASE]
	at org.springframework.test.context.cache.DefaultCacheAwareContextLoaderDelegate.loadContext(DefaultCacheAwareContextLoaderDelegate.java:117) ~[spring-test-5.0.11.RELEASE.jar:5.0.11.RELEASE]
	... 31 common frames omitted
Caused by: org.springframework.beans.factory.BeanCreationException: Error creating bean with name &apos;productServiceImpl&apos;: Injection of resource dependencies failed; nested exception is org.springframework.beans.factory.UnsatisfiedDependencyException: Error creating bean with name &apos;productMapper&apos; defined in file [E:\practice\letter\article\target\classes\com\yhh\article\mapper\ProductMapper.class]: Unsatisfied dependency expressed through bean property &apos;sqlSessionFactory&apos;; nested exception is org.springframework.beans.factory.UnsatisfiedDependencyException: Error creating bean with name &apos;sqlSessionFactory&apos; defined in class path resource [org/mybatis/spring/boot/autoconfigure/MybatisAutoConfiguration.class]: Unsatisfied dependency expressed through method &apos;sqlSessionFactory&apos; parameter 0; nested exception is org.springframework.beans.factory.BeanCreationException: Error creating bean with name &apos;dataSource&apos; defined in class path resource [org/springframework/boot/autoconfigure/jdbc/DataSourceConfiguration$Generic.class]: Bean instantiation via factory method failed; nested exception is org.springframework.beans.BeanInstantiationException: Failed to instantiate [javax.sql.DataSource]: Factory method &apos;dataSource&apos; threw exception; nested exception is java.lang.IllegalStateException: Cannot load driver class: com.mysql.cj.jdbc.Driver
	at org.springframework.context.annotation.CommonAnnotationBeanPostProcessor.postProcessPropertyValues(CommonAnnotationBeanPostProcessor.java:321) ~[spring-context-5.0.11.RELEASE.jar:5.0.11.RELEASE]
	at org.springframework.beans.factory.support.AbstractAutowireCapableBeanFactory.populateBean(AbstractAutowireCapableBeanFactory.java:1336) ~[spring-beans-5.0.11.RELEASE.jar:5.0.11.RELEASE]
	at org.springframework.beans.factory.support.AbstractAutowireCapableBeanFactory.doCreateBean(AbstractAutowireCapableBeanFactory.java:572) ~[spring-beans-5.0.11.RELEASE.jar:5.0.11.RELEASE]
	at org.springframework.beans.factory.support.AbstractAutowireCapableBeanFactory.createBean(AbstractAutowireCapableBeanFactory.java:495) ~[spring-beans-5.0.11.RELEASE.jar:5.0.11.RELEASE]
	at org.springframework.beans.factory.support.AbstractBeanFactory.lambda$doGetBean$0(AbstractBeanFactory.java:317) ~[spring-beans-5.0.11.RELEASE.jar:5.0.11.RELEASE]
	at org.springframework.beans.factory.support.DefaultSingletonBeanRegistry.getSingleton(DefaultSingletonBeanRegistry.java:222) ~[spring-beans-5.0.11.RELEASE.jar:5.0.11.RELEASE]
	at org.springframework.beans.factory.support.AbstractBeanFactory.doGetBean(AbstractBeanFactory.java:315) ~[spring-beans-5.0.11.RELEASE.jar:5.0.11.RELEASE]
	at org.springframework.beans.factory.support.AbstractBeanFactory.getBean(AbstractBeanFactory.java:199) ~[spring-beans-5.0.11.RELEASE.jar:5.0.11.RELEASE]
	at org.springframework.beans.factory.config.DependencyDescriptor.resolveCandidate(DependencyDescriptor.java:251) ~[spring-beans-5.0.11.RELEASE.jar:5.0.11.RELEASE]
	at org.springframework.beans.factory.support.DefaultListableBeanFactory.doResolveDependency(DefaultListableBeanFactory.java:1135) ~[spring-beans-5.0.11.RELEASE.jar:5.0.11.RELEASE]
	at org.springframework.beans.factory.support.DefaultListableBeanFactory.resolveDependency(DefaultListableBeanFactory.java:1062) ~[spring-beans-5.0.11.RELEASE.jar:5.0.11.RELEASE]
	at org.springframework.context.annotation.CommonAnnotationBeanPostProcessor.autowireResource(CommonAnnotationBeanPostProcessor.java:507) ~[spring-context-5.0.11.RELEASE.jar:5.0.11.RELEASE]
	at org.springframework.context.annotation.CommonAnnotationBeanPostProcessor.getResource(CommonAnnotationBeanPostProcessor.java:485) ~[spring-context-5.0.11.RELEASE.jar:5.0.11.RELEASE]
	at org.springframework.context.annotation.CommonAnnotationBeanPostProcessor$ResourceElement.getResourceToInject(CommonAnnotationBeanPostProcessor.java:619) ~[spring-context-5.0.11.RELEASE.jar:5.0.11.RELEASE]
	at org.springframework.beans.factory.annotation.InjectionMetadata$InjectedElement.inject(InjectionMetadata.java:180) ~[spring-beans-5.0.11.RELEASE.jar:5.0.11.RELEASE]
	at org.springframework.beans.factory.annotation.InjectionMetadata.inject(InjectionMetadata.java:90) ~[spring-beans-5.0.11.RELEASE.jar:5.0.11.RELEASE]
	at org.springframework.context.annotation.CommonAnnotationBeanPostProcessor.postProcessPropertyValues(CommonAnnotationBeanPostProcessor.java:318) ~[spring-context-5.0.11.RELEASE.jar:5.0.11.RELEASE]
	... 47 common frames omitted
Caused by: org.springframework.beans.factory.UnsatisfiedDependencyException: Error creating bean with name &apos;productMapper&apos; defined in file [E:\practice\letter\article\target\classes\com\yhh\article\mapper\ProductMapper.class]: Unsatisfied dependency expressed through bean property &apos;sqlSessionFactory&apos;; nested exception is org.springframework.beans.factory.UnsatisfiedDependencyException: Error creating bean with name &apos;sqlSessionFactory&apos; defined in class path resource [org/mybatis/spring/boot/autoconfigure/MybatisAutoConfiguration.class]: Unsatisfied dependency expressed through method &apos;sqlSessionFactory&apos; parameter 0; nested exception is org.springframework.beans.factory.BeanCreationException: Error creating bean with name &apos;dataSource&apos; defined in class path resource [org/springframework/boot/autoconfigure/jdbc/DataSourceConfiguration$Generic.class]: Bean instantiation via factory method failed; nested exception is org.springframework.beans.BeanInstantiationException: Failed to instantiate [javax.sql.DataSource]: Factory method &apos;dataSource&apos; threw exception; nested exception is java.lang.IllegalStateException: Cannot load driver class: com.mysql.cj.jdbc.Driver
	at org.springframework.beans.factory.support.AbstractAutowireCapableBeanFactory.autowireByType(AbstractAutowireCapableBeanFactory.java:1431) ~[spring-beans-5.0.11.RELEASE.jar:5.0.11.RELEASE]
	at org.springframework.beans.factory.support.AbstractAutowireCapableBeanFactory.populateBean(AbstractAutowireCapableBeanFactory.java:1319) ~[spring-beans-5.0.11.RELEASE.jar:5.0.11.RELEASE]
	at org.springframework.beans.factory.support.AbstractAutowireCapableBeanFactory.doCreateBean(AbstractAutowireCapableBeanFactory.java:572) ~[spring-beans-5.0.11.RELEASE.jar:5.0.11.RELEASE]
	at org.springframework.beans.factory.support.AbstractAutowireCapableBeanFactory.createBean(AbstractAutowireCapableBeanFactory.java:495) ~[spring-beans-5.0.11.RELEASE.jar:5.0.11.RELEASE]
	at org.springframework.beans.factory.support.AbstractBeanFactory.lambda$doGetBean$0(AbstractBeanFactory.java:317) ~[spring-beans-5.0.11.RELEASE.jar:5.0.11.RELEASE]
	at org.springframework.beans.factory.support.DefaultSingletonBeanRegistry.getSingleton(DefaultSingletonBeanRegistry.java:222) ~[spring-beans-5.0.11.RELEASE.jar:5.0.11.RELEASE]
	at org.springframework.beans.factory.support.AbstractBeanFactory.doGetBean(AbstractBeanFactory.java:315) ~[spring-beans-5.0.11.RELEASE.jar:5.0.11.RELEASE]
	at org.springframework.beans.factory.support.AbstractBeanFactory.getBean(AbstractBeanFactory.java:204) ~[spring-beans-5.0.11.RELEASE.jar:5.0.11.RELEASE]
	at org.springframework.context.annotation.CommonAnnotationBeanPostProcessor.autowireResource(CommonAnnotationBeanPostProcessor.java:514) ~[spring-context-5.0.11.RELEASE.jar:5.0.11.RELEASE]
	at org.springframework.context.annotation.CommonAnnotationBeanPostProcessor.getResource(CommonAnnotationBeanPostProcessor.java:485) ~[spring-context-5.0.11.RELEASE.jar:5.0.11.RELEASE]
	at org.springframework.context.annotation.CommonAnnotationBeanPostProcessor$ResourceElement.getResourceToInject(CommonAnnotationBeanPostProcessor.java:619) ~[spring-context-5.0.11.RELEASE.jar:5.0.11.RELEASE]
	at org.springframework.beans.factory.annotation.InjectionMetadata$InjectedElement.inject(InjectionMetadata.java:180) ~[spring-beans-5.0.11.RELEASE.jar:5.0.11.RELEASE]
	at org.springframework.beans.factory.annotation.InjectionMetadata.inject(InjectionMetadata.java:90) ~[spring-beans-5.0.11.RELEASE.jar:5.0.11.RELEASE]
	at org.springframework.context.annotation.CommonAnnotationBeanPostProcessor.postProcessPropertyValues(CommonAnnotationBeanPostProcessor.java:318) ~[spring-context-5.0.11.RELEASE.jar:5.0.11.RELEASE]
	... 63 common frames omitted
Caused by: org.springframework.beans.factory.UnsatisfiedDependencyException: Error creating bean with name &apos;sqlSessionFactory&apos; defined in class path resource [org/mybatis/spring/boot/autoconfigure/MybatisAutoConfiguration.class]: Unsatisfied dependency expressed through method &apos;sqlSessionFactory&apos; parameter 0; nested exception is org.springframework.beans.factory.BeanCreationException: Error creating bean with name &apos;dataSource&apos; defined in class path resource [org/springframework/boot/autoconfigure/jdbc/DataSourceConfiguration$Generic.class]: Bean instantiation via factory method failed; nested exception is org.springframework.beans.BeanInstantiationException: Failed to instantiate [javax.sql.DataSource]: Factory method &apos;dataSource&apos; threw exception; nested exception is java.lang.IllegalStateException: Cannot load driver class: com.mysql.cj.jdbc.Driver
	at org.springframework.beans.factory.support.ConstructorResolver.createArgumentArray(ConstructorResolver.java:733) ~[spring-beans-5.0.11.RELEASE.jar:5.0.11.RELEASE]
	at org.springframework.beans.factory.support.ConstructorResolver.instantiateUsingFactoryMethod(ConstructorResolver.java:475) ~[spring-beans-5.0.11.RELEASE.jar:5.0.11.RELEASE]
	at org.springframework.beans.factory.support.AbstractAutowireCapableBeanFactory.instantiateUsingFactoryMethod(AbstractAutowireCapableBeanFactory.java:1246) ~[spring-beans-5.0.11.RELEASE.jar:5.0.11.RELEASE]
	at org.springframework.beans.factory.support.AbstractAutowireCapableBeanFactory.createBeanInstance(AbstractAutowireCapableBeanFactory.java:1096) ~[spring-beans-5.0.11.RELEASE.jar:5.0.11.RELEASE]
	at org.springframework.beans.factory.support.AbstractAutowireCapableBeanFactory.doCreateBean(AbstractAutowireCapableBeanFactory.java:535) ~[spring-beans-5.0.11.RELEASE.jar:5.0.11.RELEASE]
	at org.springframework.beans.factory.support.AbstractAutowireCapableBeanFactory.createBean(AbstractAutowireCapableBeanFactory.java:495) ~[spring-beans-5.0.11.RELEASE.jar:5.0.11.RELEASE]
	at org.springframework.beans.factory.support.AbstractBeanFactory.lambda$doGetBean$0(AbstractBeanFactory.java:317) ~[spring-beans-5.0.11.RELEASE.jar:5.0.11.RELEASE]
	at org.springframework.beans.factory.support.DefaultSingletonBeanRegistry.getSingleton(DefaultSingletonBeanRegistry.java:222) ~[spring-beans-5.0.11.RELEASE.jar:5.0.11.RELEASE]
	at org.springframework.beans.factory.support.AbstractBeanFactory.doGetBean(AbstractBeanFactory.java:315) ~[spring-beans-5.0.11.RELEASE.jar:5.0.11.RELEASE]
	at org.springframework.beans.factory.support.AbstractBeanFactory.getBean(AbstractBeanFactory.java:199) ~[spring-beans-5.0.11.RELEASE.jar:5.0.11.RELEASE]
	at org.springframework.beans.factory.config.DependencyDescriptor.resolveCandidate(DependencyDescriptor.java:251) ~[spring-beans-5.0.11.RELEASE.jar:5.0.11.RELEASE]
	at org.springframework.beans.factory.support.DefaultListableBeanFactory.doResolveDependency(DefaultListableBeanFactory.java:1135) ~[spring-beans-5.0.11.RELEASE.jar:5.0.11.RELEASE]
	at org.springframework.beans.factory.support.DefaultListableBeanFactory.resolveDependency(DefaultListableBeanFactory.java:1062) ~[spring-beans-5.0.11.RELEASE.jar:5.0.11.RELEASE]
	at org.springframework.beans.factory.support.AbstractAutowireCapableBeanFactory.autowireByType(AbstractAutowireCapableBeanFactory.java:1416) ~[spring-beans-5.0.11.RELEASE.jar:5.0.11.RELEASE]
	... 76 common frames omitted
Caused by: org.springframework.beans.factory.BeanCreationException: Error creating bean with name &apos;dataSource&apos; defined in class path resource [org/springframework/boot/autoconfigure/jdbc/DataSourceConfiguration$Generic.class]: Bean instantiation via factory method failed; nested exception is org.springframework.beans.BeanInstantiationException: Failed to instantiate [javax.sql.DataSource]: Factory method &apos;dataSource&apos; threw exception; nested exception is java.lang.IllegalStateException: Cannot load driver class: com.mysql.cj.jdbc.Driver
	at org.springframework.beans.factory.support.ConstructorResolver.instantiateUsingFactoryMethod(ConstructorResolver.java:591) ~[spring-beans-5.0.11.RELEASE.jar:5.0.11.RELEASE]
	at org.springframework.beans.factory.support.AbstractAutowireCapableBeanFactory.instantiateUsingFactoryMethod(AbstractAutowireCapableBeanFactory.java:1246) ~[spring-beans-5.0.11.RELEASE.jar:5.0.11.RELEASE]
	at org.springframework.beans.factory.support.AbstractAutowireCapableBeanFactory.createBeanInstance(AbstractAutowireCapableBeanFactory.java:1096) ~[spring-beans-5.0.11.RELEASE.jar:5.0.11.RELEASE]
	at org.springframework.beans.factory.support.AbstractAutowireCapableBeanFactory.doCreateBean(AbstractAutowireCapableBeanFactory.java:535) ~[spring-beans-5.0.11.RELEASE.jar:5.0.11.RELEASE]
	at org.springframework.beans.factory.support.AbstractAutowireCapableBeanFactory.createBean(AbstractAutowireCapableBeanFactory.java:495) ~[spring-beans-5.0.11.RELEASE.jar:5.0.11.RELEASE]
	at org.springframework.beans.factory.support.AbstractBeanFactory.lambda$doGetBean$0(AbstractBeanFactory.java:317) ~[spring-beans-5.0.11.RELEASE.jar:5.0.11.RELEASE]
	at org.springframework.beans.factory.support.DefaultSingletonBeanRegistry.getSingleton(DefaultSingletonBeanRegistry.java:222) ~[spring-beans-5.0.11.RELEASE.jar:5.0.11.RELEASE]
	at org.springframework.beans.factory.support.AbstractBeanFactory.doGetBean(AbstractBeanFactory.java:315) ~[spring-beans-5.0.11.RELEASE.jar:5.0.11.RELEASE]
	at org.springframework.beans.factory.support.AbstractBeanFactory.getBean(AbstractBeanFactory.java:199) ~[spring-beans-5.0.11.RELEASE.jar:5.0.11.RELEASE]
	at org.springframework.beans.factory.config.DependencyDescriptor.resolveCandidate(DependencyDescriptor.java:251) ~[spring-beans-5.0.11.RELEASE.jar:5.0.11.RELEASE]
	at org.springframework.beans.factory.support.DefaultListableBeanFactory.doResolveDependency(DefaultListableBeanFactory.java:1135) ~[spring-beans-5.0.11.RELEASE.jar:5.0.11.RELEASE]
	at org.springframework.beans.factory.support.DefaultListableBeanFactory.resolveDependency(DefaultListableBeanFactory.java:1062) ~[spring-beans-5.0.11.RELEASE.jar:5.0.11.RELEASE]
	at org.springframework.beans.factory.support.ConstructorResolver.resolveAutowiredArgument(ConstructorResolver.java:819) ~[spring-beans-5.0.11.RELEASE.jar:5.0.11.RELEASE]
	at org.springframework.beans.factory.support.ConstructorResolver.createArgumentArray(ConstructorResolver.java:725) ~[spring-beans-5.0.11.RELEASE.jar:5.0.11.RELEASE]
	... 89 common frames omitted
Caused by: org.springframework.beans.BeanInstantiationException: Failed to instantiate [javax.sql.DataSource]: Factory method &apos;dataSource&apos; threw exception; nested exception is java.lang.IllegalStateException: Cannot load driver class: com.mysql.cj.jdbc.Driver
	at org.springframework.beans.factory.support.SimpleInstantiationStrategy.instantiate(SimpleInstantiationStrategy.java:185) ~[spring-beans-5.0.11.RELEASE.jar:5.0.11.RELEASE]
	at org.springframework.beans.factory.support.ConstructorResolver.instantiateUsingFactoryMethod(ConstructorResolver.java:583) ~[spring-beans-5.0.11.RELEASE.jar:5.0.11.RELEASE]
	... 102 common frames omitted
Caused by: java.lang.IllegalStateException: Cannot load driver class: com.mysql.cj.jdbc.Driver
	at org.springframework.util.Assert.state(Assert.java:94) ~[spring-core-5.0.11.RELEASE.jar:5.0.11.RELEASE]
	at org.springframework.boot.autoconfigure.jdbc.DataSourceProperties.determineDriverClassName(DataSourceProperties.java:224) ~[spring-boot-autoconfigure-2.0.7.RELEASE.jar:2.0.7.RELEASE]
	at org.springframework.boot.autoconfigure.jdbc.DataSourceProperties.initializeDataSourceBuilder(DataSourceProperties.java:176) ~[spring-boot-autoconfigure-2.0.7.RELEASE.jar:2.0.7.RELEASE]
	at org.springframework.boot.autoconfigure.jdbc.DataSourceConfiguration$Generic.dataSource(DataSourceConfiguration.java:120) ~[spring-boot-autoconfigure-2.0.7.RELEASE.jar:2.0.7.RELEASE]
	at sun.reflect.NativeMethodAccessorImpl.invoke0(Native Method) ~[na:1.8.0_161]
	at sun.reflect.NativeMethodAccessorImpl.invoke(NativeMethodAccessorImpl.java:62) ~[na:1.8.0_161]
	at sun.reflect.DelegatingMethodAccessorImpl.invoke(DelegatingMethodAccessorImpl.java:43) ~[na:1.8.0_161]
	at java.lang.reflect.Method.invoke(Method.java:498) ~[na:1.8.0_161]
	at org.springframework.beans.factory.support.SimpleInstantiationStrategy.instantiate(SimpleInstantiationStrategy.java:154) ~[spring-beans-5.0.11.RELEASE.jar:5.0.11.RELEASE]
	... 103 common frames omitted

</system-out>
  </testcase>
</testsuite>